monitoring components capabilities reducing systems component mechanism enhance integrated functional detecting capability developing functioning methods
brigadier admiral rasczak sybok capt lieutenant sulu commander oveur bedevere starfleet squadron norrington uss colonel
uhh ummm hah uhhh ahh yup nah ohhh ohh woah geez jeez yah ahhh heh
dollars fifty twenty hundred half sold dollar cents dropped quarter roughly rolled doubled pounds million
fuckin fucken shit fucker shits motherfucking bastards goddamn fucking dumbass senseless pissed shitty motherfucker bastard
teschmacher treborn whatsamatter jankis siddown sooze lateesha kiddo thorgan thorpey sheronda anyroad sorsha bodwin jinx
get lemme getcha take quick comin grab good lookin help give gotta best right movin
remarried nursed amputated healed diagnosed forgave afflicted betrothed traumatized sinned maternal childbirth comforted unborn miscarriage
meal dinner breakfast dessert lunch tasty snack salad meals delicious baked cooked soup drinks coffee
scheduled prior elapsed session registration schedule briefing deadline completed broadcast audit semester transcript specified expiration
thank hello greetings thanks congratulations please hiya dear reply apologies welcome comment sorry thx bonjour
continue going leaving away move trying begin ahead eventually forcing avoid stop remain pushing back
testified allegedly deputy officer accused arrested police told sheriff prosecutor deputies fbi interviewed contacted alleged
implore pray beseech bless thee humbly blessings prayed unto prayers thy almighty savior bestow forgive
hate think know tell bothers wanna stupid anybody dumb talking bother bullshit understand shit talkin
sexy brunette blonde pussy cute teen horny dildo redhead nude lingerie petite gorgeous blond slut
beneath skull serpent outer encased doorway skeleton arrow torso claw cavity winged underneath crucifix pillar
afford decide want choose need pay insure unless purchase verify borrow able ask manage option
kilometers vicinity fatalities kilometer inland patrol passengers evacuated nearby helicopters boats deaths tourists highway parked
regard contrary reasonable necessarily merely nevertheless extent moral constitutes nonetheless consideration therefore equally circumstances distinction
founded world celebrated history living born american established known whose arts among tradition lives renowned
thought looked really noticed actually realized quite probably seemed though wondered seems figured definitely think
crissake thorpey trilithium rieper christsakes sheronda siddown unnerstand christsake elois chemco vitone matuschka fedorchuk whatsamatter
morose minstrel lullaby mannered melancholy stately lonesome airk splendidly croon wynant whorfin henslowe bodwin barroom
aulon airk mertin fhloston sleazeballs burnfield vinovich sheronda mofet barrenger fedorchuk whorfin anyroad vitone stetz
