loading data...
300 415 25 17405 9035 618 5509
compiling...
/Users/ishaansaxena/Library/Python/2.7/lib/python/site-packages/lasagne/nonlinearities.py:44: UserWarning: DEPRECATION: If x is a vector, Softmax will not automatically pad x anymore in next releases. If you need it, please do it manually. The vector case is gonna be supported soon and the output will be a vector.
  return theano.tensor.nnet.softmax(x)
done compiling, now training...
descriptor 0:
[u'cheaper', u'cartons', u'groceries', u'ounces', u'ounce', u'extra', u'bottles', u'grams', u'gallon', u'dollars', u'cans', u'dried', u'gallons', u'flour', u'hefty']
descriptor 1:
[u'week', u'outstanding', u'evening', u'presentation', u'meeting', u'sunday', u'scheduled', u'weekend', u'month', u'day', u'inaugural', u'saturday', u'thursday', u'excellent', u'friday']
descriptor 2:
[u'fled', u'stormed', u'ambushed', u'testified', u'withdrew', u'gunmen', u'allegedly', u'killed', u'hauled', u'stabbed', u'gunned', u'deputies', u'detained', u'recovered', u'attacked']
descriptor 3:
[u'mother', u'grandmother', u'father', u'granddaughter', u'daughter', u'daughters', u'beloved', u'sister', u'niece', u'mourning', u'goddess', u'sisters', u'cursed', u'tormented', u'wept']
descriptor 4:
[u'fuckin', u'shit', u'niggas', u'kill', u'nigga', u'shits', u'faggots', u'fucken', u'motherfuckers', u'wanna', u'tryin', u'motherfucker', u'fucker', u'hell', u'hate']
descriptor 5:
[u'manifestation', u'manifested', u'beings', u'mankind', u'inherent', u'manifest', u'consciousness', u'derive', u'earthly', u'primordial', u'temporal', u'righteousness', u'intellect', u'humanity', u'existence']
descriptor 6:
[u'flattering', u'crisp', u'mmmmmmm', u'punchy', u'mmmmmm', u'earthy', u'mmmmm', u'crissake', u'anyroad', u'ohmigod', u'mmmm', u'christsake', u'flawless', u'impeccable', u'candied']
descriptor 7:
[u'sorta', u'bummed', u'antsy', u'kinda', u'hmmmm', u'awfully', u'dunno', u'psyched', u'hmmm', u'ooooh', u'sooo', u'weirder', u'nauseous', u'ehh', u'lucked']
descriptor 8:
[u'tell', u'honestly', u'wondered', u'knew', u'know', u'sorry', u'okay', u'telling', u'talked', u'suppose', u'saying', u'ask', u'think', u'understand', u'frankly']
descriptor 9:
[u'informants', u'arrests', u'bureau', u'fbi', u'indicted', u'police', u'investigators', u'arson', u'deputies', u'gunmen', u'arrested', u'informant', u'accused', u'suspects', u'burglary']
descriptor 10:
[u'bathe', u'relax', u'drown', u'slumber', u'dine', u'suffocate', u'mingle', u'nap', u'freshen', u'goodnight', u'soak', u'mornin', u'cryin', u'soothe', u'bedtime']
descriptor 11:
[u'parameters', u'authorization', u'configuration', u'specified', u'operational', u'capability', u'monitoring', u'initiating', u'manually', u'initiate', u'disable', u'protocols', u'procedures', u'module', u'retrieval']
descriptor 12:
[u'individuals', u'regard', u'ultimately', u'sought', u'whether', u'particular', u'however', u'circumstances', u'certain', u'therefore', u'fact', u'whose', u'considered', u'existence', u'concerned']
descriptor 13:
[u'szpilman', u'haddonfield', u'zinnowitz', u'sausalito', u'glenville', u'poughkeepsie', u'springwood', u'mondrian', u'susanville', u'catacombs', u'hartdegen', u'domini', u'newspaperman', u'bodwin', u'grifters']
descriptor 14:
[u'adjust', u'attach', u'help', u'instruct', u'manipulate', u'visualize', u'grasp', u'fasten', u'straighten', u'hesitate', u'untie', u'helps', u'sharpen', u'activate', u'allows']
descriptor 15:
[u'variety', u'surface', u'combined', u'combination', u'produces', u'large', u'various', u'including', u'producing', u'relatively', u'dense', u'colorful', u'developed', u'composition', u'includes']
descriptor 16:
[u'ouch', u'jawohl', u'explosions', u'duh', u'heil', u'detonation', u'banzai', u'whoops', u'capt', u'uhh', u'laloosh', u'ummmm', u'uhhh', u'righto', u'torpedo']
descriptor 17:
[u'get', u'scheduled', u'receive', u'ahead', u'continue', u'next', u'take', u'ready', u'run', u'advance', u'reach', u'pay', u'returning', u'send', u'earn']
descriptor 18:
[u'dishonest', u'blaming', u'immoral', u'unworthy', u'disgraceful', u'ynyr', u'consarn', u'morally', u'idiotic', u'unkind', u'hurting', u'repugnant', u'senseless', u'hypocrite', u'shameful']
descriptor 19:
[u'minutes', u'thirty', u'hours', u'hour', u'elapsed', u'seconds', u'ninety', u'intervals', u'minute', u'twenty', u'sixty', u'forty', u'weeks', u'interval', u'days']
descriptor 20:
[u'sir', u'gawain', u'captain', u'gallant', u'colonel', u'swordsman', u'valiant', u'admiral', u'capt', u'comrade', u'commander', u'lieutenant', u'galahad', u'mercenary', u'nobleman']
descriptor 21:
[u'rear', u'stairwell', u'starboard', u'walkway', u'exits', u'sliding', u'lock', u'latch', u'doorway', u'parked', u'lever', u'exit', u'door', u'ramp', u'locking']
descriptor 22:
[u'hiya', u'awwww', u'awww', u'yesss', u'ooops', u'ohhhh', u'ohhh', u'uhhh', u'aww', u'ummmm', u'hola', u'ahhhhhh', u'uhh', u'thx', u'psst']
descriptor 23:
[u'dude', u'fuckin', u'ass', u'fucking', u'fuck', u'lookin', u'dudes', u'bitch', u'shit', u'gettin', u'fucked', u'chick', u'fucks', u'cuz', u'fucker']
descriptor 24:
[u'receptionist', u'mrs', u'superintendent', u'secretary', u'clerk', u'galvin', u'cartwright', u'proprietor', u'cushman', u'preysing', u'elois', u'assistant', u'purser', u'dresser', u'treasurer']
writing trajectories...
done with epoch:  0  cost = 553.4448860750964 time:  419.647429943
descriptor 0:
[u'cheaper', u'ounces', u'groceries', u'cartons', u'ounce', u'cans', u'bought', u'grams', u'bottles', u'dollars', u'flour', u'dried', u'purchased', u'pennies', u'cents']
descriptor 1:
[u'week', u'sunday', u'evening', u'meeting', u'presentation', u'friday', u'saturday', u'thursday', u'weekend', u'inaugural', u'monday', u'conference', u'day', u'scheduled', u'event']
descriptor 2:
[u'testified', u'stormed', u'hauled', u'fled', u'ambushed', u'allegedly', u'stabbed', u'withdrew', u'recovered', u'gunned', u'killed', u'nabbed', u'deputies', u'gunmen', u'snatched']
descriptor 3:
[u'mother', u'grandmother', u'father', u'granddaughter', u'daughter', u'beloved', u'daughters', u'sister', u'niece', u'aunt', u'stepfather', u'sisters', u'grandfather', u'widow', u'mourning']
descriptor 4:
[u'fuckin', u'shit', u'kill', u'faggots', u'niggas', u'fucken', u'niggers', u'nigga', u'shits', u'motherfucker', u'hate', u'fucker', u'hell', u'motherfuckers', u'nigger']
descriptor 5:
[u'beings', u'manifested', u'manifestation', u'mankind', u'righteousness', u'earthly', u'derive', u'humanity', u'consciousness', u'existence', u'belief', u'hath', u'kingdoms', u'virtue', u'primordial']
descriptor 6:
[u'flattering', u'anyroad', u'crissake', u'mmmmmmm', u'teschmacher', u'demure', u'christsake', u'flawless', u'christsakes', u'flynne', u'cavello', u'fedorchuk', u'classy', u'crisp', u'mmmmmm']
descriptor 7:
[u'bummed', u'antsy', u'sorta', u'psyched', u'kinda', u'awfully', u'hmmmm', u'apprehensive', u'weirder', u'lately', u'hmmm', u'scarier', u'majorly', u'overreacting', u'lucked']
descriptor 8:
[u'tell', u'honestly', u'wondered', u'knew', u'know', u'suppose', u'saying', u'talked', u'telling', u'understand', u'think', u'believe', u'frankly', u'ask', u'heard']
descriptor 9:
[u'arrests', u'police', u'fbi', u'bureau', u'deputies', u'informants', u'accused', u'arrested', u'suspects', u'indicted', u'arson', u'detectives', u'gunmen', u'allegedly', u'investigators']
descriptor 10:
[u'bathe', u'relax', u'dine', u'mingle', u'drown', u'soak', u'slumber', u'freshen', u'nap', u'eat', u'downstairs', u'suffocate', u'sleepin', u'snack', u'sit']
descriptor 11:
[u'parameters', u'configuration', u'module', u'procedures', u'specified', u'protocols', u'initiating', u'authorization', u'monitoring', u'initiate', u'operational', u'retrieval', u'protocol', u'component', u'capability']
descriptor 12:
[u'individuals', u'whether', u'regard', u'particular', u'however', u'fact', u'circumstances', u'certain', u'ultimately', u'existence', u'property', u'sought', u'possibly', u'perhaps', u'considered']
descriptor 13:
[u'springwood', u'bodwin', u'glenville', u'lenape', u'macguff', u'szpilman', u'jenzen', u'haddonfield', u'chapin', u'jankis', u'poughkeepsie', u'underhill', u'matuschka', u'whorfin', u'zinnowitz']
descriptor 14:
[u'grasp', u'manipulate', u'help', u'attach', u'instruct', u'hesitate', u'give', u'adjust', u'grab', u'visualize', u'ability', u'sharpen', u'helps', u'intuition', u'pull']
descriptor 15:
[u'variety', u'surface', u'colorful', u'particularly', u'various', u'produces', u'large', u'including', u'soft', u'dense', u'combination', u'producing', u'commonly', u'developed', u'combined']
descriptor 16:
[u'ouch', u'jawohl', u'uhh', u'duh', u'uhhh', u'ummmm', u'yep', u'ahh', u'uhuh', u'ahhhh', u'ummm', u'nope', u'yeah', u'scagnetti', u'whoa']
descriptor 17:
[u'continue', u'get', u'ahead', u'ready', u'scheduled', u'receive', u'take', u'run', u'pay', u'reach', u'advance', u'back', u'continues', u'start', u'earn']
descriptor 18:
[u'blaming', u'dishonest', u'disgraceful', u'irresponsible', u'disrespectful', u'idiotic', u'hurting', u'senseless', u'bitching', u'insulting', u'asinine', u'whining', u'misinformed', u'immoral', u'shameful']
descriptor 19:
[u'thirty', u'minutes', u'hours', u'hour', u'seconds', u'twenty', u'ninety', u'forty', u'minute', u'sixty', u'elapsed', u'eighty', u'intervals', u'lasts', u'seventy']
descriptor 20:
[u'sir', u'captain', u'capt', u'gallant', u'colonel', u'admiral', u'gawain', u'lieutenant', u'valiant', u'commander', u'brigadier', u'comrade', u'galahad', u'swordsman', u'honour']
descriptor 21:
[u'rear', u'stairwell', u'walkway', u'starboard', u'door', u'doorway', u'parked', u'exits', u'sliding', u'driveway', u'lock', u'compartment', u'stairs', u'exit', u'hallway']
descriptor 22:
[u'hiya', u'awww', u'awwww', u'ooops', u'aww', u'ohhh', u'ohhhh', u'yesss', u'psst', u'thx', u'uhhh', u'ummmm', u'righto', u'hullo', u'ahhhhhh']
descriptor 23:
[u'dude', u'fuckin', u'ass', u'fucking', u'dudes', u'fuck', u'bitch', u'lookin', u'gettin', u'shit', u'fucked', u'chick', u'fucks', u'fucker', u'damn']
descriptor 24:
[u'secretary', u'receptionist', u'mrs', u'superintendent', u'cartwright', u'alderman', u'clerk', u'proprietor', u'assistant', u'treasurer', u'appointed', u'cushman', u'galvin', u'housekeeper', u'councillor']
writing trajectories...
done with epoch:  1  cost = 531.8613337581248 time:  410.053586006
descriptor 0:
[u'groceries', u'cheaper', u'ounces', u'cartons', u'ounce', u'cans', u'flour', u'grams', u'bought', u'potatoes', u'baked', u'dried', u'bottles', u'purchased', u'pennies']
descriptor 1:
[u'week', u'sunday', u'presentation', u'evening', u'meeting', u'friday', u'saturday', u'thursday', u'weekend', u'inaugural', u'monday', u'event', u'conference', u'day', u'wednesday']
descriptor 2:
[u'testified', u'stormed', u'hauled', u'fled', u'allegedly', u'recovered', u'withdrew', u'ambushed', u'stabbed', u'gunned', u'nabbed', u'snatched', u'detonated', u'killed', u'deputies']
descriptor 3:
[u'mother', u'grandmother', u'father', u'daughter', u'granddaughter', u'sister', u'beloved', u'daughters', u'niece', u'aunt', u'stepfather', u'widow', u'grandfather', u'sisters', u'grandson']
descriptor 4:
[u'shit', u'fuckin', u'faggots', u'kill', u'niggers', u'fucken', u'niggas', u'shits', u'fucker', u'motherfucker', u'motherfuckers', u'hate', u'fuck', u'bastards', u'nigga']
descriptor 5:
[u'manifested', u'beings', u'mankind', u'manifestation', u'righteousness', u'derive', u'nations', u'oppression', u'humanity', u'virtue', u'centuries', u'kingdoms', u'belief', u'inherent', u'hath']
descriptor 6:
[u'flattering', u'teschmacher', u'anyroad', u'cavello', u'christsakes', u'demure', u'classy', u'crissake', u'nelwyn', u'fedorchuk', u'christsake', u'flynne', u'rasczak', u'vitone', u'lingk']
descriptor 7:
[u'sorta', u'bummed', u'antsy', u'psyched', u'kinda', u'awfully', u'hmmmm', u'apprehensive', u'weirder', u'lucked', u'scarier', u'hmmm', u'freaked', u'screwy', u'lately']
descriptor 8:
[u'honestly', u'tell', u'knew', u'know', u'wondered', u'saying', u'suppose', u'talked', u'think', u'understand', u'believe', u'telling', u'heard', u'frankly', u'admit']
descriptor 9:
[u'fbi', u'police', u'arrests', u'deputies', u'gunmen', u'accused', u'informants', u'embassy', u'bureau', u'telephone', u'detectives', u'impersonating', u'switchboard', u'consulate', u'eavesdropping']
descriptor 10:
[u'bathe', u'relax', u'dine', u'mingle', u'soak', u'freshen', u'drown', u'eat', u'downstairs', u'sleepin', u'suffocate', u'stroll', u'slumber', u'linger', u'eatin']
descriptor 11:
[u'parameters', u'specified', u'configuration', u'module', u'procedures', u'authorization', u'monitoring', u'protocols', u'operational', u'evaluation', u'initiating', u'protocol', u'component', u'evaluate', u'initiate']
descriptor 12:
[u'individuals', u'whether', u'circumstances', u'however', u'fact', u'particular', u'certain', u'property', u'regard', u'possibly', u'finding', u'find', u'lives', u'perhaps', u'certainly']
descriptor 13:
[u'bodwin', u'springwood', u'glenville', u'jenzen', u'lenape', u'macguff', u'chapin', u'kirshner', u'szpilman', u'haddonfield', u'jankis', u'matuschka', u'underhill', u'whatsamatter', u'whorfin']
descriptor 14:
[u'grasp', u'help', u'give', u'hesitate', u'manipulate', u'intuition', u'grab', u'ability', u'instruct', u'let', u'sharpen', u'attach', u'helps', u'visualize', u'learn']
descriptor 15:
[u'variety', u'colorful', u'surface', u'soft', u'particularly', u'various', u'developed', u'produces', u'large', u'combination', u'including', u'combined', u'commonly', u'dense', u'producing']
descriptor 16:
[u'uhh', u'ouch', u'uhhh', u'jawohl', u'ahhhh', u'ummmm', u'ahh', u'duh', u'ahhh', u'ummm', u'ahhhhhh', u'uhuh', u'nope', u'nah', u'whoa']
descriptor 17:
[u'continue', u'get', u'ahead', u'take', u'ready', u'pay', u'back', u'run', u'north', u'receive', u'reach', u'move', u'compete', u'earn', u'plans']
descriptor 18:
[u'blaming', u'disgraceful', u'dishonest', u'hurting', u'apologizing', u'irresponsible', u'bitching', u'whining', u'griping', u'idiotic', u'disrespectful', u'senseless', u'insulting', u'misinformed', u'shameful']
descriptor 19:
[u'thirty', u'ninety', u'twenty', u'hours', u'sixty', u'forty', u'hour', u'minutes', u'seconds', u'eighty', u'minute', u'elapsed', u'fifty', u'hundred', u'seventy']
descriptor 20:
[u'captain', u'sir', u'capt', u'colonel', u'admiral', u'gallant', u'lieutenant', u'commander', u'brigadier', u'valiant', u'comrade', u'gawain', u'swordsman', u'brig', u'captains']
descriptor 21:
[u'rear', u'starboard', u'door', u'sliding', u'walkway', u'stairwell', u'doorway', u'compartment', u'parked', u'lock', u'stairs', u'exits', u'staircase', u'latch', u'lever']
descriptor 22:
[u'hiya', u'awwww', u'awww', u'aww', u'ohhh', u'ooops', u'thx', u'ohhhh', u'yesss', u'ahhhhhh', u'psst', u'uhhh', u'righto', u'hallo', u'ummmm']
descriptor 23:
[u'dude', u'fuckin', u'ass', u'dudes', u'fucking', u'fuck', u'bitch', u'gettin', u'lookin', u'shit', u'fucked', u'fucks', u'chick', u'bro', u'damn']
descriptor 24:
[u'receptionist', u'secretary', u'schoolteacher', u'superintendent', u'housekeeper', u'alderman', u'cartwright', u'mrs', u'podiatrist', u'nurse', u'demure', u'assistant', u'appointed', u'orthopedic', u'clerk']
writing trajectories...
done with epoch:  2  cost = 526.6001043533192 time:  405.398962021
descriptor 0:
[u'groceries', u'cheaper', u'ounces', u'ounce', u'cans', u'cartons', u'flour', u'grams', u'potatoes', u'baked', u'bought', u'bottles', u'bread', u'purchased', u'dried']
descriptor 1:
[u'week', u'presentation', u'sunday', u'friday', u'meeting', u'thursday', u'saturday', u'evening', u'monday', u'weekend', u'conference', u'inaugural', u'event', u'day', u'wednesday']
descriptor 2:
[u'testified', u'stormed', u'hauled', u'recovered', u'fled', u'withdrew', u'allegedly', u'ambushed', u'stabbed', u'nabbed', u'snatched', u'seized', u'gunned', u'detonated', u'escaped']
descriptor 3:
[u'mother', u'grandmother', u'father', u'daughter', u'granddaughter', u'sister', u'aunt', u'daughters', u'niece', u'beloved', u'stepfather', u'widow', u'sisters', u'grandfather', u'grandson']
descriptor 4:
[u'shit', u'fuckin', u'faggots', u'kill', u'niggers', u'fucken', u'niggas', u'motherfucker', u'hate', u'fucker', u'fuck', u'faggot', u'bastards', u'motherfuckers', u'hell']
descriptor 5:
[u'manifested', u'beings', u'mankind', u'righteousness', u'nations', u'manifestation', u'derive', u'kingdoms', u'humanity', u'centuries', u'oppression', u'earthly', u'sovereign', u'belief', u'decreed']
descriptor 6:
[u'flattering', u'teschmacher', u'anyroad', u'christsakes', u'cavello', u'nelwyn', u'demure', u'classy', u'flynne', u'christsake', u'fedorchuk', u'crissake', u'elegant', u'gingham', u'stylish']
descriptor 7:
[u'sorta', u'antsy', u'bummed', u'kinda', u'psyched', u'awfully', u'hmmmm', u'apprehensive', u'weirder', u'hmmm', u'lucked', u'scarier', u'freaked', u'screwy', u'imagining']
descriptor 8:
[u'honestly', u'tell', u'knew', u'know', u'wondered', u'saying', u'suppose', u'think', u'talked', u'believe', u'understand', u'frankly', u'telling', u'heard', u'admit']
descriptor 9:
[u'fbi', u'police', u'telephone', u'arrests', u'callers', u'switchboard', u'bureau', u'headquarters', u'embassy', u'deputies', u'accused', u'representatives', u'informants', u'gunmen', u'detectives']
descriptor 10:
[u'bathe', u'relax', u'dine', u'mingle', u'soak', u'downstairs', u'freshen', u'drown', u'stroll', u'sleepin', u'eat', u'suffocate', u'linger', u'slumber', u'sit']
descriptor 11:
[u'parameters', u'specified', u'module', u'configuration', u'procedures', u'monitoring', u'component', u'evaluation', u'authorization', u'operational', u'protocols', u'evaluate', u'capability', u'activation', u'processing']
descriptor 12:
[u'individuals', u'whether', u'however', u'certain', u'particular', u'fact', u'possibly', u'property', u'find', u'places', u'finding', u'circumstances', u'perhaps', u'remains', u'lives']
descriptor 13:
[u'bodwin', u'springwood', u'jenzen', u'lenape', u'glenville', u'jankis', u'macguff', u'haddonfield', u'barrenger', u'matuschka', u'underhill', u'chapin', u'teasdale', u'whorfin', u'wydell']
descriptor 14:
[u'grasp', u'give', u'intuition', u'hesitate', u'help', u'manipulate', u'grab', u'ability', u'instruct', u'attach', u'adjust', u'let', u'pull', u'learn', u'resolve']
descriptor 15:
[u'variety', u'colorful', u'soft', u'surface', u'various', u'particularly', u'developed', u'produces', u'including', u'large', u'combination', u'combined', u'commonly', u'features', u'producing']
descriptor 16:
[u'uhh', u'uhhh', u'ouch', u'nah', u'ummmm', u'righto', u'jawohl', u'ahhhh', u'ahh', u'uhuh', u'ummm', u'ahhh', u'scagnetti', u'mmm', u'nope']
descriptor 17:
[u'continue', u'ahead', u'get', u'take', u'compete', u'ready', u'run', u'continues', u'back', u'north', u'move', u'teams', u'reach', u'pay', u'start']
descriptor 18:
[u'blaming', u'disgraceful', u'dishonest', u'irresponsible', u'griping', u'whining', u'hurting', u'bitching', u'apologizing', u'idiotic', u'asinine', u'disrespectful', u'shameful', u'senseless', u'misinformed']
descriptor 19:
[u'thirty', u'ninety', u'sixty', u'twenty', u'forty', u'hour', u'hours', u'minutes', u'seconds', u'eighty', u'minute', u'fifty', u'hundred', u'seventy', u'elapsed']
descriptor 20:
[u'sir', u'captain', u'capt', u'admiral', u'colonel', u'gallant', u'lieutenant', u'commander', u'brigadier', u'comrade', u'valiant', u'brig', u'captains', u'gawain', u'swordsman']
descriptor 21:
[u'rear', u'starboard', u'door', u'sliding', u'walkway', u'stairwell', u'doorway', u'compartment', u'parked', u'stairs', u'lock', u'staircase', u'knob', u'doors', u'lever']
descriptor 22:
[u'hiya', u'awwww', u'awww', u'ohhh', u'yesss', u'ohhhh', u'ooops', u'aww', u'thx', u'ahhhhhh', u'righto', u'psst', u'hullo', u'ahhhh', u'hurray']
descriptor 23:
[u'dude', u'fuckin', u'ass', u'dudes', u'gettin', u'fucking', u'fuck', u'bitch', u'lookin', u'shit', u'fucked', u'chick', u'fucks', u'cuz', u'bro']
descriptor 24:
[u'secretary', u'receptionist', u'alderman', u'housekeeper', u'schoolteacher', u'superintendent', u'mrs', u'podiatrist', u'cartwright', u'nurse', u'orthopedic', u'appointed', u'assistant', u'selectman', u'deputy']
writing trajectories...
done with epoch:  3  cost = 523.5884899849821 time:  419.961110115
descriptor 0:
[u'groceries', u'ounces', u'flour', u'cartons', u'ounce', u'cans', u'cheaper', u'baked', u'potatoes', u'bread', u'grams', u'dried', u'vinegar', u'beans', u'bottles']
descriptor 1:
[u'week', u'presentation', u'sunday', u'friday', u'thursday', u'saturday', u'meeting', u'monday', u'evening', u'inaugural', u'weekend', u'presented', u'event', u'conference', u'wednesday']
descriptor 2:
[u'testified', u'hauled', u'stormed', u'recovered', u'fled', u'withdrew', u'allegedly', u'stabbed', u'nabbed', u'ambushed', u'gunned', u'snatched', u'escaped', u'seized', u'subsequently']
descriptor 3:
[u'mother', u'grandmother', u'daughter', u'father', u'granddaughter', u'sister', u'aunt', u'niece', u'daughters', u'stepfather', u'beloved', u'grandfather', u'grandson', u'widow', u'sisters']
descriptor 4:
[u'fuckin', u'shit', u'faggots', u'niggers', u'kill', u'fucken', u'fucker', u'fuck', u'motherfuckers', u'niggas', u'bastards', u'motherfucker', u'faggot', u'shits', u'fucking']
descriptor 5:
[u'manifested', u'beings', u'righteousness', u'mankind', u'manifestation', u'nations', u'belief', u'sovereign', u'decreed', u'humanity', u'virtue', u'oppression', u'earthly', u'ordained', u'centuries']
descriptor 6:
[u'flattering', u'teschmacher', u'cavello', u'nelwyn', u'christsakes', u'anyroad', u'fedorchuk', u'flynne', u'christsake', u'vitone', u'demure', u'classy', u'lingk', u'rasczak', u'crissake']
descriptor 7:
[u'sorta', u'antsy', u'bummed', u'kinda', u'hmmmm', u'psyched', u'awfully', u'hmmm', u'apprehensive', u'weirder', u'whatnot', u'screwy', u'scarier', u'nicer', u'freaked']
descriptor 8:
[u'honestly', u'knew', u'tell', u'wondered', u'know', u'saying', u'talked', u'suppose', u'think', u'believe', u'understand', u'heard', u'frankly', u'understood', u'telling']
descriptor 9:
[u'fbi', u'police', u'callers', u'telephone', u'switchboard', u'bureau', u'arrests', u'headquarters', u'embassy', u'representatives', u'reporters', u'journalists', u'overheard', u'deputies', u'accused']
descriptor 10:
[u'bathe', u'relax', u'dine', u'mingle', u'soak', u'freshen', u'linger', u'drown', u'downstairs', u'eat', u'suffocate', u'stroll', u'sleepin', u'nap', u'refuel']
descriptor 11:
[u'parameters', u'specified', u'module', u'procedures', u'configuration', u'monitoring', u'authorization', u'protocols', u'evaluation', u'component', u'evaluate', u'operational', u'requirement', u'processing', u'retrieval']
descriptor 12:
[u'whether', u'individuals', u'however', u'find', u'particular', u'certain', u'fact', u'possibly', u'property', u'finding', u'perhaps', u'places', u'found', u'many', u'circumstances']
descriptor 13:
[u'bodwin', u'springwood', u'jenzen', u'macguff', u'matuschka', u'barrenger', u'whatsamatter', u'glenville', u'jankis', u'lenape', u'sorsha', u'whorfin', u'wydell', u'szpilman', u'newspaperman']
descriptor 14:
[u'grasp', u'give', u'intuition', u'hesitate', u'help', u'manipulate', u'instruct', u'ability', u'grab', u'let', u'attach', u'adjust', u'learn', u'resolve', u'examine']
descriptor 15:
[u'variety', u'soft', u'colorful', u'particularly', u'surface', u'various', u'developed', u'large', u'produces', u'including', u'dense', u'producing', u'shaped', u'combination', u'commonly']
descriptor 16:
[u'uhh', u'uhhh', u'ouch', u'nah', u'ummmm', u'righto', u'jawohl', u'ummm', u'ahh', u'ahhhh', u'mmm', u'nope', u'ahhh', u'duh', u'uhuh']
descriptor 17:
[u'continue', u'ahead', u'get', u'take', u'compete', u'move', u'teams', u'run', u'ready', u'back', u'reach', u'continues', u'plans', u'north', u'pay']
descriptor 18:
[u'blaming', u'disgraceful', u'dishonest', u'whining', u'irresponsible', u'bitching', u'griping', u'disrespectful', u'hurting', u'apologizing', u'idiotic', u'misinformed', u'asinine', u'senseless', u'vindictive']
descriptor 19:
[u'thirty', u'ninety', u'sixty', u'twenty', u'forty', u'hour', u'hours', u'minutes', u'eighty', u'fifty', u'seconds', u'hundred', u'seventy', u'minute', u'elapsed']
descriptor 20:
[u'sir', u'captain', u'capt', u'admiral', u'colonel', u'gallant', u'lieutenant', u'commander', u'brigadier', u'comrade', u'valiant', u'brig', u'captains', u'commanding', u'gawain']
descriptor 21:
[u'rear', u'starboard', u'door', u'sliding', u'walkway', u'parked', u'stairwell', u'doorway', u'compartment', u'stairs', u'lock', u'staircase', u'knob', u'driveway', u'lever']
descriptor 22:
[u'hiya', u'awww', u'awwww', u'ooops', u'ohhh', u'aww', u'thx', u'ohhhh', u'yesss', u'ahhhhhh', u'psst', u'ahhhh', u'ohh', u'uhh', u'uhhh']
descriptor 23:
[u'dude', u'fuckin', u'ass', u'gettin', u'dudes', u'fucking', u'fuck', u'bitch', u'lookin', u'shit', u'fucked', u'chick', u'cuz', u'fucks', u'damn']
descriptor 24:
[u'secretary', u'receptionist', u'alderman', u'housekeeper', u'schoolteacher', u'podiatrist', u'superintendent', u'appointed', u'orthopedic', u'nurse', u'mrs', u'cartwright', u'proprietor', u'pathologist', u'selectman']
writing trajectories...
done with epoch:  4  cost = 521.8296034703101 time:  506.643675089
descriptor 0:
[u'groceries', u'flour', u'ounces', u'potatoes', u'baked', u'ounce', u'cartons', u'cans', u'cheaper', u'bread', u'flavored', u'grams', u'dried', u'vinegar', u'beans']
descriptor 1:
[u'week', u'presentation', u'sunday', u'friday', u'thursday', u'saturday', u'monday', u'meeting', u'evening', u'presented', u'last', u'weekend', u'conference', u'day', u'wednesday']
descriptor 2:
[u'testified', u'hauled', u'recovered', u'stormed', u'fled', u'allegedly', u'withdrew', u'stabbed', u'snatched', u'escaped', u'seized', u'gunned', u'ambushed', u'nabbed', u'dragged']
descriptor 3:
[u'mother', u'grandmother', u'daughter', u'father', u'granddaughter', u'sister', u'aunt', u'niece', u'daughters', u'stepfather', u'beloved', u'grandfather', u'grandson', u'sisters', u'widow']
descriptor 4:
[u'fuckin', u'shit', u'faggots', u'niggers', u'kill', u'fucken', u'fuck', u'fucker', u'motherfuckers', u'bastards', u'niggas', u'faggot', u'fucking', u'motherfucker', u'hate']
descriptor 5:
[u'manifested', u'beings', u'mankind', u'righteousness', u'manifestation', u'nations', u'belief', u'virtue', u'humanity', u'decreed', u'oppression', u'sovereign', u'earthly', u'centuries', u'derive']
descriptor 6:
[u'teschmacher', u'flattering', u'nelwyn', u'cavello', u'christsakes', u'anyroad', u'fedorchuk', u'flynne', u'christsake', u'demure', u'vitone', u'classy', u'lingk', u'rasczak', u'deepcore']
descriptor 7:
[u'sorta', u'antsy', u'bummed', u'kinda', u'awfully', u'hmmmm', u'psyched', u'hmmm', u'screwy', u'weirder', u'whatnot', u'apprehensive', u'nicer', u'scarier', u'lucked']
descriptor 8:
[u'honestly', u'knew', u'wondered', u'tell', u'know', u'talked', u'saying', u'think', u'suppose', u'believe', u'understand', u'heard', u'understood', u'frankly', u'admit']
descriptor 9:
[u'fbi', u'callers', u'telephone', u'police', u'bureau', u'headquarters', u'switchboard', u'representatives', u'embassy', u'arrests', u'overheard', u'reporters', u'detectives', u'officials', u'liaison']
descriptor 10:
[u'bathe', u'relax', u'dine', u'mingle', u'soak', u'freshen', u'downstairs', u'stroll', u'bathed', u'eat', u'linger', u'nap', u'evenings', u'drown', u'slumber']
descriptor 11:
[u'parameters', u'specified', u'module', u'procedures', u'monitoring', u'configuration', u'evaluation', u'authorization', u'operational', u'protocols', u'component', u'evaluate', u'processing', u'capability', u'retrieval']
descriptor 12:
[u'individuals', u'whether', u'find', u'however', u'certain', u'possibly', u'fact', u'particular', u'places', u'many', u'found', u'finding', u'circumstances', u'perhaps', u'otherwise']
descriptor 13:
[u'bodwin', u'springwood', u'matuschka', u'whatsamatter', u'macguff', u'jenzen', u'barrenger', u'sorsha', u'jankis', u'whorfin', u'glenville', u'lenape', u'szpilman', u'wydell', u'talby']
descriptor 14:
[u'give', u'hesitate', u'grasp', u'intuition', u'help', u'manipulate', u'let', u'instruct', u'ability', u'grab', u'attach', u'learn', u'resolve', u'adjust', u'try']
descriptor 15:
[u'variety', u'soft', u'particularly', u'colorful', u'developed', u'various', u'surface', u'large', u'produces', u'including', u'producing', u'combined', u'shaped', u'combination', u'natural']
descriptor 16:
[u'uhh', u'uhhh', u'righto', u'ouch', u'nah', u'jawohl', u'mmm', u'ummmm', u'mmmmm', u'ummm', u'scagnetti', u'uhuh', u'mmmmmmm', u'ahh', u'nope']
descriptor 17:
[u'continue', u'ahead', u'get', u'compete', u'move', u'take', u'run', u'reach', u'plans', u'back', u'teams', u'ready', u'push', u'help', u'continues']
descriptor 18:
[u'blaming', u'apologizing', u'hurting', u'disgraceful', u'dishonest', u'griping', u'irresponsible', u'whining', u'bitching', u'misinformed', u'disrespectful', u'senseless', u'idiotic', u'asinine', u'overreacting']
descriptor 19:
[u'thirty', u'ninety', u'forty', u'twenty', u'sixty', u'hour', u'hours', u'minutes', u'fifty', u'eighty', u'hundred', u'seconds', u'minute', u'seventy', u'thousand']
descriptor 20:
[u'sir', u'captain', u'admiral', u'capt', u'colonel', u'gallant', u'lieutenant', u'commander', u'brigadier', u'valiant', u'comrade', u'brig', u'captains', u'gawain', u'commanding']
descriptor 21:
[u'rear', u'sliding', u'starboard', u'door', u'walkway', u'doorway', u'stairwell', u'parked', u'stairs', u'compartment', u'knob', u'lock', u'staircase', u'adjacent', u'slid']
descriptor 22:
[u'hiya', u'awwww', u'awww', u'ohhh', u'thx', u'yesss', u'ooops', u'ohhhh', u'aww', u'ahhhhhh', u'ahhhh', u'righto', u'hurray', u'ummmm', u'ohh']
descriptor 23:
[u'dude', u'fuckin', u'ass', u'gettin', u'dudes', u'fucking', u'fuck', u'lookin', u'bitch', u'shit', u'fucked', u'cuz', u'fucks', u'chick', u'doin']
descriptor 24:
[u'receptionist', u'secretary', u'housekeeper', u'schoolteacher', u'podiatrist', u'alderman', u'orthopedic', u'nurse', u'pathologist', u'selectman', u'superintendent', u'cartwright', u'mrs', u'bookkeeper', u'chiropractor']
writing trajectories...
done with epoch:  5  cost = 520.1699547379773 time:  642.894593
descriptor 0:
[u'groceries', u'flour', u'ounces', u'cartons', u'baked', u'cheaper', u'cans', u'ounce', u'potatoes', u'beans', u'grams', u'flavored', u'bread', u'dried', u'vinegar']
descriptor 1:
[u'week', u'presentation', u'sunday', u'friday', u'saturday', u'meeting', u'thursday', u'presented', u'evening', u'monday', u'last', u'weekend', u'event', u'conference', u'final']
descriptor 2:
[u'testified', u'hauled', u'stormed', u'recovered', u'fled', u'allegedly', u'withdrew', u'stabbed', u'nabbed', u'snatched', u'ambushed', u'escaped', u'gunned', u'seized', u'dragged']
descriptor 3:
[u'mother', u'grandmother', u'father', u'daughter', u'granddaughter', u'sister', u'aunt', u'niece', u'beloved', u'daughters', u'grandfather', u'stepfather', u'grandson', u'grandma', u'sisters']
descriptor 4:
[u'shit', u'fuckin', u'faggots', u'niggers', u'fucken', u'fuck', u'kill', u'bastards', u'motherfuckers', u'faggot', u'fucker', u'fucking', u'motherfucker', u'morons', u'hate']
descriptor 5:
[u'manifested', u'beings', u'mankind', u'manifestation', u'righteousness', u'nations', u'humanity', u'belief', u'virtue', u'decreed', u'sovereign', u'centuries', u'oppression', u'earthly', u'contrary']
descriptor 6:
[u'teschmacher', u'flattering', u'nelwyn', u'cavello', u'flynne', u'anyroad', u'fedorchuk', u'christsakes', u'demure', u'christsake', u'vitone', u'classy', u'lingk', u'rasczak', u'anacott']
descriptor 7:
[u'sorta', u'antsy', u'bummed', u'hmmmm', u'kinda', u'awfully', u'hmmm', u'psyched', u'screwy', u'whatnot', u'weirder', u'apprehensive', u'nicer', u'dunno', u'wondering']
descriptor 8:
[u'honestly', u'knew', u'wondered', u'tell', u'know', u'talked', u'think', u'saying', u'believe', u'suppose', u'understand', u'understood', u'convinced', u'frankly', u'heard']
descriptor 9:
[u'fbi', u'bureau', u'headquarters', u'telephone', u'callers', u'police', u'switchboard', u'embassy', u'representatives', u'overheard', u'arrests', u'liaison', u'reporters', u'telegrams', u'accused']
descriptor 10:
[u'bathe', u'relax', u'dine', u'mingle', u'soak', u'freshen', u'downstairs', u'eat', u'stroll', u'evenings', u'linger', u'bathed', u'sit', u'nap', u'drown']
descriptor 11:
[u'parameters', u'specified', u'module', u'monitoring', u'configuration', u'procedures', u'operational', u'evaluation', u'protocols', u'authorization', u'component', u'evaluate', u'processing', u'capability', u'requirements']
descriptor 12:
[u'individuals', u'find', u'however', u'whether', u'certain', u'fact', u'particular', u'possibly', u'found', u'finding', u'places', u'many', u'certainly', u'circumstances', u'perhaps']
descriptor 13:
[u'bodwin', u'whatsamatter', u'springwood', u'jenzen', u'matuschka', u'macguff', u'barrenger', u'jankis', u'whorfin', u'sorsha', u'szpilman', u'glenville', u'vesci', u'rasczak', u'rieper']
descriptor 14:
[u'give', u'hesitate', u'intuition', u'grasp', u'help', u'let', u'instruct', u'manipulate', u'ability', u'grab', u'attach', u'adjust', u'learn', u'resolve', u'ask']
descriptor 15:
[u'variety', u'soft', u'colorful', u'particularly', u'various', u'developed', u'producing', u'surface', u'large', u'including', u'produces', u'delicate', u'natural', u'shaped', u'dense']
descriptor 16:
[u'uhh', u'uhhh', u'nah', u'righto', u'ouch', u'mmm', u'ummmm', u'ummm', u'jawohl', u'mmmmm', u'nope', u'mmmm', u'duh', u'ahh', u'uhuh']
descriptor 17:
[u'continue', u'ahead', u'move', u'take', u'compete', u'get', u'plans', u'push', u'run', u'reach', u'teams', u'pay', u'back', u'going', u'ready']
descriptor 18:
[u'blaming', u'whining', u'disgraceful', u'griping', u'apologizing', u'dishonest', u'hurting', u'bitching', u'irresponsible', u'asinine', u'senseless', u'misinformed', u'idiotic', u'disrespectful', u'overreacting']
descriptor 19:
[u'thirty', u'ninety', u'sixty', u'forty', u'twenty', u'hour', u'hours', u'eighty', u'fifty', u'minutes', u'hundred', u'seconds', u'seventy', u'minute', u'elapsed']
descriptor 20:
[u'sir', u'captain', u'capt', u'admiral', u'colonel', u'gallant', u'lieutenant', u'commander', u'brigadier', u'comrade', u'brig', u'valiant', u'captains', u'commanding', u'squadron']
descriptor 21:
[u'rear', u'sliding', u'door', u'starboard', u'walkway', u'doorway', u'stairwell', u'stairs', u'compartment', u'parked', u'slid', u'knob', u'staircase', u'lock', u'dock']
descriptor 22:
[u'hiya', u'awwww', u'awww', u'ohhh', u'yesss', u'ooops', u'ohhhh', u'ahhhhhh', u'aww', u'thx', u'ahhhh', u'righto', u'ummmm', u'uhhh', u'nooooo']
descriptor 23:
[u'dude', u'fuckin', u'ass', u'dudes', u'gettin', u'fucking', u'fuck', u'bitch', u'lookin', u'shit', u'fucked', u'fucks', u'cuz', u'chick', u'bro']
descriptor 24:
[u'secretary', u'receptionist', u'schoolteacher', u'podiatrist', u'housekeeper', u'alderman', u'orthopedic', u'nurse', u'pathologist', u'selectman', u'superintendent', u'cartwright', u'mrs', u'chiropractor', u'bookkeeper']
writing trajectories...
done with epoch:  6  cost = 518.7864051499816 time:  690.821090937
descriptor 0:
[u'groceries', u'flour', u'potatoes', u'cheaper', u'cartons', u'baked', u'ounces', u'cans', u'ounce', u'beans', u'dried', u'bread', u'flavored', u'vinegar', u'grams']
descriptor 1:
[u'week', u'presentation', u'sunday', u'friday', u'saturday', u'presented', u'meeting', u'thursday', u'monday', u'evening', u'last', u'event', u'conference', u'final', u'first']
descriptor 2:
[u'testified', u'stormed', u'hauled', u'fled', u'allegedly', u'recovered', u'withdrew', u'stabbed', u'nabbed', u'snatched', u'gunned', u'escaped', u'ambushed', u'seized', u'subsequently']
descriptor 3:
[u'mother', u'grandmother', u'daughter', u'granddaughter', u'father', u'sister', u'aunt', u'niece', u'beloved', u'grandfather', u'daughters', u'stepfather', u'grandson', u'grandma', u'cousin']
descriptor 4:
[u'fuckin', u'shit', u'faggots', u'niggers', u'fuck', u'fucken', u'fucker', u'faggot', u'fucking', u'motherfuckers', u'bastards', u'motherfucker', u'kill', u'morons', u'hate']
descriptor 5:
[u'manifested', u'beings', u'mankind', u'righteousness', u'nations', u'manifestation', u'humanity', u'belief', u'virtue', u'sovereign', u'oppression', u'centuries', u'earthly', u'decreed', u'contrary']
descriptor 6:
[u'teschmacher', u'nelwyn', u'flattering', u'cavello', u'anyroad', u'fedorchuk', u'flynne', u'christsakes', u'lingk', u'vitone', u'christsake', u'demure', u'anacott', u'rasczak', u'thorpey']
descriptor 7:
[u'sorta', u'hmmmm', u'antsy', u'kinda', u'bummed', u'hmmm', u'awfully', u'screwy', u'whatnot', u'psyched', u'dunno', u'weirder', u'hmm', u'nicer', u'wondering']
descriptor 8:
[u'honestly', u'knew', u'wondered', u'know', u'tell', u'saying', u'think', u'believe', u'talked', u'suppose', u'understand', u'understood', u'frankly', u'convinced', u'heard']
descriptor 9:
[u'bureau', u'telephone', u'callers', u'fbi', u'overheard', u'headquarters', u'switchboard', u'police', u'representatives', u'reporters', u'liaison', u'embassy', u'bulletin', u'arrests', u'accused']
descriptor 10:
[u'bathe', u'relax', u'dine', u'mingle', u'soak', u'freshen', u'downstairs', u'evenings', u'stroll', u'linger', u'eat', u'drown', u'sit', u'nap', u'bathed']
descriptor 11:
[u'parameters', u'specified', u'module', u'procedures', u'configuration', u'evaluation', u'monitoring', u'protocols', u'authorization', u'operational', u'component', u'evaluate', u'requirements', u'requirement', u'processing']
descriptor 12:
[u'individuals', u'however', u'whether', u'find', u'fact', u'certain', u'particular', u'possibly', u'found', u'finding', u'many', u'places', u'certainly', u'therefore', u'circumstances']
descriptor 13:
[u'bodwin', u'whatsamatter', u'jenzen', u'springwood', u'jankis', u'macguff', u'barrenger', u'matuschka', u'whorfin', u'sorsha', u'szpilman', u'glenville', u'sandmen', u'rasczak', u'stoltzfus']
descriptor 14:
[u'give', u'hesitate', u'let', u'intuition', u'help', u'instruct', u'grasp', u'manipulate', u'attach', u'grab', u'ability', u'ask', u'learn', u'resolve', u'examine']
descriptor 15:
[u'variety', u'soft', u'colorful', u'particularly', u'various', u'developed', u'including', u'producing', u'surface', u'produces', u'combined', u'large', u'natural', u'delicate', u'combination']
descriptor 16:
[u'uhh', u'uhhh', u'nah', u'righto', u'ummmm', u'mmm', u'ouch', u'ummm', u'jawohl', u'uhuh', u'duh', u'ahh', u'ehh', u'nope', u'mmmmm']
descriptor 17:
[u'continue', u'ahead', u'compete', u'move', u'take', u'get', u'push', u'plans', u'going', u'reach', u'run', u'teams', u'start', u'pay', u'back']
descriptor 18:
[u'blaming', u'whining', u'apologizing', u'dishonest', u'griping', u'hurting', u'irresponsible', u'asinine', u'misinformed', u'idiotic', u'disgraceful', u'bitching', u'overreacting', u'senseless', u'disrespectful']
descriptor 19:
[u'thirty', u'ninety', u'forty', u'sixty', u'twenty', u'hour', u'hours', u'fifty', u'eighty', u'minutes', u'hundred', u'seconds', u'minute', u'seventy', u'thousand']
descriptor 20:
[u'sir', u'captain', u'capt', u'admiral', u'colonel', u'gallant', u'lieutenant', u'commander', u'brigadier', u'comrade', u'valiant', u'commanding', u'brig', u'captains', u'honour']
descriptor 21:
[u'rear', u'sliding', u'door', u'walkway', u'starboard', u'doorway', u'stairs', u'parked', u'compartment', u'stairwell', u'staircase', u'knob', u'lock', u'adjacent', u'slid']
descriptor 22:
[u'hiya', u'awwww', u'awww', u'ohhh', u'ahhhhhh', u'ohhhh', u'ooops', u'yesss', u'thx', u'aww', u'ahhhh', u'ummmm', u'uhhh', u'ohh', u'righto']
descriptor 23:
[u'dude', u'fuckin', u'gettin', u'ass', u'dudes', u'fuck', u'fucking', u'lookin', u'bitch', u'shit', u'fucked', u'cuz', u'doin', u'nigga', u'bro']
descriptor 24:
[u'secretary', u'receptionist', u'schoolteacher', u'podiatrist', u'alderman', u'orthopedic', u'housekeeper', u'nurse', u'pathologist', u'mrs', u'selectman', u'demure', u'cartwright', u'physician', u'appointed']
writing trajectories...
done with epoch:  7  cost = 517.4087649436725 time:  684.268982172
descriptor 0:
[u'groceries', u'flour', u'baked', u'potatoes', u'cheaper', u'cartons', u'ounces', u'bread', u'beans', u'cans', u'dried', u'ounce', u'flavored', u'pasta', u'butter']
descriptor 1:
[u'week', u'presentation', u'sunday', u'friday', u'saturday', u'thursday', u'presented', u'last', u'monday', u'meeting', u'first', u'evening', u'weekend', u'final', u'day']
descriptor 2:
[u'testified', u'hauled', u'stormed', u'recovered', u'fled', u'allegedly', u'stabbed', u'withdrew', u'nabbed', u'snatched', u'gunned', u'ambushed', u'escaped', u'seized', u'dragged']
descriptor 3:
[u'mother', u'grandmother', u'daughter', u'father', u'granddaughter', u'aunt', u'sister', u'niece', u'beloved', u'grandfather', u'daughters', u'grandson', u'grandma', u'stepfather', u'cousin']
descriptor 4:
[u'faggots', u'fuckin', u'shit', u'niggers', u'fucken', u'fuck', u'faggot', u'fucker', u'fucking', u'bastards', u'motherfuckers', u'morons', u'motherfucker', u'assholes', u'kill']
descriptor 5:
[u'manifested', u'beings', u'mankind', u'righteousness', u'humanity', u'belief', u'nations', u'manifestation', u'virtue', u'sovereign', u'earthly', u'contrary', u'centuries', u'decreed', u'existence']
descriptor 6:
[u'teschmacher', u'nelwyn', u'flattering', u'flynne', u'cavello', u'anyroad', u'christsakes', u'fedorchuk', u'lingk', u'demure', u'christsake', u'vitone', u'anacott', u'classy', u'rasczak']
descriptor 7:
[u'sorta', u'kinda', u'hmmmm', u'antsy', u'hmmm', u'awfully', u'bummed', u'whatnot', u'screwy', u'dunno', u'psyched', u'weirder', u'hmm', u'nicer', u'wondering']
descriptor 8:
[u'knew', u'honestly', u'know', u'wondered', u'tell', u'think', u'believe', u'saying', u'suppose', u'talked', u'understand', u'convinced', u'knows', u'understood', u'heard']
descriptor 9:
[u'bureau', u'headquarters', u'telephone', u'fbi', u'police', u'callers', u'overheard', u'switchboard', u'representatives', u'embassy', u'liaison', u'reporters', u'arrests', u'briefing', u'bulletin']
descriptor 10:
[u'bathe', u'relax', u'dine', u'mingle', u'soak', u'downstairs', u'freshen', u'evenings', u'eat', u'stroll', u'bathed', u'linger', u'mornings', u'upstairs', u'sit']
descriptor 11:
[u'parameters', u'specified', u'module', u'procedures', u'evaluation', u'configuration', u'operational', u'monitoring', u'protocols', u'component', u'evaluate', u'authorization', u'requirements', u'capability', u'processing']
descriptor 12:
[u'individuals', u'find', u'however', u'whether', u'certain', u'found', u'fact', u'many', u'particular', u'possibly', u'places', u'finding', u'certainly', u'property', u'circumstances']
descriptor 13:
[u'bodwin', u'whatsamatter', u'springwood', u'jenzen', u'barrenger', u'matuschka', u'macguff', u'whorfin', u'jankis', u'sorsha', u'rasczak', u'glenville', u'wydell', u'rieper', u'vesci']
descriptor 14:
[u'give', u'hesitate', u'let', u'help', u'instruct', u'intuition', u'grasp', u'manipulate', u'attach', u'grab', u'ability', u'ask', u'learn', u'examine', u'resolve']
descriptor 15:
[u'variety', u'soft', u'colorful', u'particularly', u'various', u'developed', u'combined', u'including', u'large', u'producing', u'produces', u'natural', u'surface', u'features', u'combination']
descriptor 16:
[u'uhh', u'nah', u'uhhh', u'righto', u'ouch', u'ummmm', u'ummm', u'duh', u'mmm', u'uhuh', u'nope', u'jawohl', u'ahh', u'naw', u'yep']
descriptor 17:
[u'continue', u'ahead', u'compete', u'move', u'take', u'get', u'plans', u'push', u'run', u'reach', u'going', u'teams', u'helping', u'start', u'continues']
descriptor 18:
[u'blaming', u'griping', u'dishonest', u'whining', u'irresponsible', u'apologizing', u'hurting', u'disgraceful', u'bitching', u'asinine', u'senseless', u'overreacting', u'misinformed', u'idiotic', u'disrespectful']
descriptor 19:
[u'thirty', u'ninety', u'forty', u'sixty', u'twenty', u'hour', u'hours', u'fifty', u'eighty', u'minutes', u'hundred', u'seconds', u'minute', u'seventy', u'days']
descriptor 20:
[u'sir', u'captain', u'capt', u'admiral', u'colonel', u'lieutenant', u'gallant', u'commander', u'brigadier', u'brig', u'comrade', u'commanding', u'captains', u'valiant', u'squadron']
descriptor 21:
[u'rear', u'sliding', u'door', u'starboard', u'walkway', u'doorway', u'compartment', u'knob', u'stairwell', u'parked', u'stairs', u'adjacent', u'lock', u'staircase', u'slid']
descriptor 22:
[u'hiya', u'awww', u'awwww', u'ohhh', u'yesss', u'ohhhh', u'thx', u'ooops', u'ahhhhhh', u'aww', u'ahhhh', u'ummmm', u'ohh', u'uhhh', u'righto']
descriptor 23:
[u'dude', u'fuckin', u'ass', u'gettin', u'dudes', u'fucking', u'fuck', u'bitch', u'lookin', u'shit', u'fucked', u'cuz', u'doin', u'nigga', u'damn']
descriptor 24:
[u'secretary', u'schoolteacher', u'podiatrist', u'receptionist', u'orthopedic', u'housekeeper', u'nurse', u'alderman', u'demure', u'pathologist', u'mrs', u'physician', u'selectman', u'cartwright', u'nursing']
writing trajectories...
done with epoch:  8  cost = 516.9735340606952 time:  699.358103037
descriptor 0:
[u'groceries', u'flour', u'baked', u'potatoes', u'cans', u'bread', u'ounces', u'beans', u'cartons', u'cheaper', u'ounce', u'dried', u'vinegar', u'flavored', u'butter']
descriptor 1:
[u'week', u'presentation', u'sunday', u'friday', u'saturday', u'presented', u'thursday', u'last', u'monday', u'first', u'meeting', u'evening', u'final', u'wednesday', u'day']
descriptor 2:
[u'testified', u'stormed', u'hauled', u'fled', u'recovered', u'allegedly', u'stabbed', u'withdrew', u'nabbed', u'escaped', u'snatched', u'seized', u'ambushed', u'gunned', u'dragged']
descriptor 3:
[u'mother', u'grandmother', u'daughter', u'granddaughter', u'father', u'sister', u'aunt', u'niece', u'beloved', u'grandfather', u'grandson', u'daughters', u'cousin', u'grandma', u'stepfather']
descriptor 4:
[u'faggots', u'fuckin', u'shit', u'niggers', u'fuck', u'fucken', u'bastards', u'fucking', u'faggot', u'kill', u'motherfuckers', u'morons', u'fucker', u'hate', u'assholes']
descriptor 5:
[u'manifested', u'beings', u'mankind', u'humanity', u'belief', u'righteousness', u'manifestation', u'virtue', u'nations', u'contrary', u'earthly', u'centuries', u'existence', u'sovereign', u'decreed']
descriptor 6:
[u'teschmacher', u'flattering', u'nelwyn', u'cavello', u'christsakes', u'flynne', u'fedorchuk', u'anyroad', u'lingk', u'christsake', u'demure', u'vitone', u'rasczak', u'anacott', u'classy']
descriptor 7:
[u'sorta', u'kinda', u'antsy', u'hmmmm', u'awfully', u'bummed', u'hmmm', u'whatnot', u'screwy', u'psyched', u'dunno', u'wondering', u'weirder', u'hmm', u'noticing']
descriptor 8:
[u'honestly', u'knew', u'know', u'wondered', u'tell', u'think', u'believe', u'saying', u'suppose', u'talked', u'understand', u'convinced', u'frankly', u'thinks', u'knows']
descriptor 9:
[u'headquarters', u'bureau', u'telephone', u'callers', u'representatives', u'fbi', u'switchboard', u'overheard', u'police', u'liaison', u'reporters', u'embassy', u'bulletin', u'briefing', u'accused']
descriptor 10:
[u'bathe', u'relax', u'dine', u'mingle', u'soak', u'freshen', u'downstairs', u'evenings', u'bathed', u'stroll', u'mornings', u'linger', u'eat', u'upstairs', u'sit']
descriptor 11:
[u'parameters', u'specified', u'module', u'procedures', u'evaluation', u'operational', u'configuration', u'monitoring', u'evaluate', u'component', u'protocols', u'authorization', u'capability', u'processing', u'requirements']
descriptor 12:
[u'find', u'individuals', u'however', u'whether', u'fact', u'certain', u'many', u'places', u'found', u'particular', u'possibly', u'finding', u'certainly', u'property', u'otherwise']
descriptor 13:
[u'bodwin', u'whatsamatter', u'barrenger', u'jenzen', u'matuschka', u'springwood', u'jankis', u'whorfin', u'macguff', u'rasczak', u'sorsha', u'vesci', u'wydell', u'rieper', u'sandmen']
descriptor 14:
[u'give', u'hesitate', u'let', u'help', u'instruct', u'manipulate', u'attach', u'ask', u'learn', u'intuition', u'grasp', u'ability', u'grab', u'try', u'need']
descriptor 15:
[u'variety', u'soft', u'colorful', u'particularly', u'various', u'developed', u'producing', u'combined', u'produces', u'including', u'surface', u'large', u'natural', u'features', u'throughout']
descriptor 16:
[u'uhh', u'nah', u'uhhh', u'righto', u'ouch', u'ummmm', u'mmm', u'ummm', u'uhuh', u'duh', u'jawohl', u'nope', u'naw', u'ehh', u'ahh']
descriptor 17:
[u'continue', u'ahead', u'move', u'compete', u'take', u'plans', u'push', u'reach', u'going', u'run', u'continues', u'teams', u'helping', u'get', u'start']
descriptor 18:
[u'blaming', u'griping', u'dishonest', u'hurting', u'whining', u'irresponsible', u'apologizing', u'overreacting', u'senseless', u'misinformed', u'asinine', u'bitching', u'disgraceful', u'consarn', u'idiotic']
descriptor 19:
[u'thirty', u'ninety', u'forty', u'sixty', u'twenty', u'hour', u'hours', u'fifty', u'eighty', u'hundred', u'minutes', u'seventy', u'seconds', u'thousand', u'minute']
descriptor 20:
[u'sir', u'captain', u'capt', u'admiral', u'colonel', u'lieutenant', u'gallant', u'commander', u'brigadier', u'brig', u'commanding', u'comrade', u'valiant', u'captains', u'excellency']
descriptor 21:
[u'rear', u'sliding', u'door', u'compartment', u'starboard', u'walkway', u'knob', u'doorway', u'stairwell', u'adjacent', u'stairs', u'parked', u'lock', u'lever', u'slid']
descriptor 22:
[u'hiya', u'awwww', u'awww', u'thx', u'ohhh', u'yesss', u'ahhhhhh', u'ohhhh', u'ooops', u'aww', u'ahhhh', u'ohh', u'nooooo', u'ummmm', u'righto']
descriptor 23:
[u'dude', u'fuckin', u'gettin', u'ass', u'dudes', u'fuck', u'fucking', u'shit', u'lookin', u'bitch', u'fucked', u'cuz', u'nigga', u'damn', u'doin']
descriptor 24:
[u'secretary', u'schoolteacher', u'receptionist', u'podiatrist', u'nurse', u'alderman', u'housekeeper', u'orthopedic', u'mrs', u'gynecologist', u'physician', u'pathologist', u'nursing', u'selectman', u'cartwright']
writing trajectories...
done with epoch:  9  cost = 516.113108684024 time:  701.746387005
descriptor 0:
[u'groceries', u'flour', u'potatoes', u'baked', u'beans', u'bread', u'vinegar', u'cans', u'dried', u'flavored', u'pasta', u'ounces', u'butter', u'cheaper', u'cartons']
descriptor 1:
[u'week', u'presentation', u'sunday', u'friday', u'last', u'saturday', u'presented', u'thursday', u'first', u'monday', u'day', u'final', u'meeting', u'event', u'evening']
descriptor 2:
[u'testified', u'stormed', u'hauled', u'fled', u'allegedly', u'recovered', u'stabbed', u'withdrew', u'nabbed', u'snatched', u'gunned', u'ambushed', u'seized', u'escaped', u'dragged']
descriptor 3:
[u'mother', u'grandmother', u'daughter', u'father', u'granddaughter', u'sister', u'aunt', u'niece', u'beloved', u'grandfather', u'daughters', u'grandson', u'grandma', u'cousin', u'stepfather']
descriptor 4:
[u'faggots', u'shit', u'fuckin', u'niggers', u'fuck', u'fucken', u'bastards', u'fucking', u'faggot', u'fucker', u'kill', u'motherfuckers', u'morons', u'hate', u'assholes']
descriptor 5:
[u'manifested', u'beings', u'mankind', u'belief', u'righteousness', u'humanity', u'virtue', u'manifestation', u'contrary', u'nations', u'sovereign', u'earthly', u'existence', u'centuries', u'decreed']
descriptor 6:
[u'teschmacher', u'flattering', u'nelwyn', u'flynne', u'cavello', u'demure', u'christsakes', u'anyroad', u'fedorchuk', u'classy', u'lingk', u'christsake', u'anacott', u'vitone', u'thorpey']
descriptor 7:
[u'sorta', u'kinda', u'hmmmm', u'antsy', u'awfully', u'bummed', u'hmmm', u'whatnot', u'dunno', u'screwy', u'hmm', u'psyched', u'wondering', u'weird', u'weirder']
descriptor 8:
[u'honestly', u'knew', u'know', u'wondered', u'tell', u'think', u'believe', u'saying', u'suppose', u'talked', u'understand', u'convinced', u'frankly', u'thinks', u'knows']
descriptor 9:
[u'bureau', u'headquarters', u'fbi', u'telephone', u'overheard', u'callers', u'representatives', u'switchboard', u'reporters', u'police', u'liaison', u'briefing', u'bulletin', u'correspondent', u'embassy']
descriptor 10:
[u'bathe', u'relax', u'dine', u'mingle', u'soak', u'freshen', u'downstairs', u'evenings', u'stroll', u'mornings', u'bathed', u'linger', u'greet', u'sit', u'refuel']
descriptor 11:
[u'parameters', u'specified', u'procedures', u'module', u'operational', u'evaluation', u'configuration', u'monitoring', u'authorization', u'protocols', u'component', u'evaluate', u'requirements', u'capability', u'processing']
descriptor 12:
[u'find', u'individuals', u'whether', u'however', u'fact', u'places', u'certain', u'found', u'many', u'finding', u'particular', u'certainly', u'possibly', u'property', u'therefore']
descriptor 13:
[u'bodwin', u'whatsamatter', u'jenzen', u'whorfin', u'barrenger', u'jankis', u'matuschka', u'springwood', u'macguff', u'rasczak', u'sorsha', u'rieper', u'wydell', u'talby', u'vesci']
descriptor 14:
[u'hesitate', u'give', u'let', u'instruct', u'help', u'ask', u'attach', u'manipulate', u'learn', u'grasp', u'need', u'intuition', u'grab', u'ability', u'try']
descriptor 15:
[u'variety', u'soft', u'particularly', u'colorful', u'various', u'developed', u'producing', u'large', u'produces', u'combined', u'including', u'features', u'surface', u'natural', u'combination']
descriptor 16:
[u'uhh', u'nah', u'uhhh', u'righto', u'ouch', u'ummm', u'duh', u'ummmm', u'mmm', u'uhuh', u'naw', u'nope', u'ehh', u'ahh', u'jawohl']
descriptor 17:
[u'continue', u'ahead', u'move', u'compete', u'take', u'push', u'plans', u'reach', u'helping', u'run', u'going', u'get', u'teams', u'start', u'continues']
descriptor 18:
[u'blaming', u'apologizing', u'whining', u'hurting', u'dishonest', u'griping', u'overreacting', u'irresponsible', u'asinine', u'disrespectful', u'misinformed', u'idiotic', u'bitching', u'senseless', u'vindictive']
descriptor 19:
[u'thirty', u'ninety', u'twenty', u'forty', u'sixty', u'hour', u'hours', u'fifty', u'eighty', u'hundred', u'minutes', u'seventy', u'seconds', u'minute', u'days']
descriptor 20:
[u'captain', u'sir', u'capt', u'admiral', u'colonel', u'lieutenant', u'gallant', u'commander', u'brigadier', u'brig', u'comrade', u'commanding', u'captains', u'valiant', u'excellency']
descriptor 21:
[u'rear', u'sliding', u'door', u'starboard', u'walkway', u'doorway', u'compartment', u'knob', u'stairs', u'stairwell', u'parked', u'adjacent', u'slid', u'lock', u'lever']
descriptor 22:
[u'hiya', u'awww', u'awwww', u'thx', u'ohhh', u'yesss', u'ohhhh', u'aww', u'ooops', u'ahhhhhh', u'ahhhh', u'ohh', u'ahhh', u'ummmm', u'nooooo']
descriptor 23:
[u'dude', u'fuckin', u'gettin', u'ass', u'dudes', u'fuck', u'fucking', u'lookin', u'bitch', u'shit', u'fucked', u'cuz', u'nigga', u'doin', u'bro']
descriptor 24:
[u'secretary', u'schoolteacher', u'receptionist', u'nurse', u'orthopedic', u'podiatrist', u'housekeeper', u'alderman', u'nursing', u'pathologist', u'selectman', u'physician', u'gynecologist', u'mrs', u'demure']
writing trajectories...
done with epoch:  10  cost = 515.3297007856737 time:  706.321957827
descriptor 0:
[u'groceries', u'flour', u'potatoes', u'baked', u'beans', u'cans', u'bread', u'dried', u'vinegar', u'ounces', u'flavored', u'ounce', u'soda', u'pasta', u'cheaper']
descriptor 1:
[u'week', u'presentation', u'sunday', u'friday', u'presented', u'last', u'saturday', u'thursday', u'first', u'monday', u'final', u'day', u'meeting', u'event', u'evening']
descriptor 2:
[u'testified', u'stormed', u'hauled', u'fled', u'recovered', u'allegedly', u'stabbed', u'withdrew', u'nabbed', u'gunned', u'snatched', u'escaped', u'seized', u'ambushed', u'deputies']
descriptor 3:
[u'mother', u'grandmother', u'daughter', u'granddaughter', u'father', u'sister', u'aunt', u'niece', u'beloved', u'grandfather', u'grandson', u'daughters', u'grandma', u'cousin', u'stepfather']
descriptor 4:
[u'faggots', u'fuckin', u'shit', u'niggers', u'fucken', u'fuck', u'bastards', u'faggot', u'morons', u'fucking', u'motherfuckers', u'fucker', u'kill', u'hate', u'assholes']
descriptor 5:
[u'manifested', u'mankind', u'beings', u'belief', u'righteousness', u'humanity', u'virtue', u'nations', u'contrary', u'manifestation', u'sovereign', u'decreed', u'earthly', u'existence', u'centuries']
descriptor 6:
[u'teschmacher', u'flattering', u'nelwyn', u'demure', u'flynne', u'christsakes', u'anyroad', u'cavello', u'fedorchuk', u'lingk', u'classy', u'christsake', u'vitone', u'rasczak', u'thorpey']
descriptor 7:
[u'sorta', u'kinda', u'hmmmm', u'antsy', u'awfully', u'hmmm', u'bummed', u'whatnot', u'screwy', u'dunno', u'hmm', u'psyched', u'weird', u'weirder', u'wondering']
descriptor 8:
[u'honestly', u'knew', u'wondered', u'know', u'tell', u'think', u'believe', u'saying', u'suppose', u'talked', u'understand', u'convinced', u'knows', u'frankly', u'thinks']
descriptor 9:
[u'headquarters', u'bureau', u'fbi', u'overheard', u'telephone', u'callers', u'representatives', u'switchboard', u'reporters', u'liaison', u'police', u'bulletin', u'briefing', u'correspondent', u'accused']
descriptor 10:
[u'bathe', u'dine', u'relax', u'mingle', u'soak', u'freshen', u'downstairs', u'evenings', u'stroll', u'mornings', u'bathed', u'greet', u'linger', u'refuel', u'lunchtime']
descriptor 11:
[u'parameters', u'specified', u'procedures', u'module', u'evaluation', u'operational', u'protocols', u'configuration', u'authorization', u'monitoring', u'component', u'evaluate', u'requirements', u'requirement', u'capability']
descriptor 12:
[u'find', u'individuals', u'however', u'whether', u'many', u'places', u'certain', u'fact', u'found', u'finding', u'certainly', u'particular', u'possibly', u'property', u'therefore']
descriptor 13:
[u'bodwin', u'whatsamatter', u'jenzen', u'whorfin', u'barrenger', u'jankis', u'matuschka', u'rasczak', u'springwood', u'sorsha', u'wydell', u'macguff', u'rieper', u'cammareri', u'delongpre']
descriptor 14:
[u'hesitate', u'give', u'let', u'instruct', u'help', u'ask', u'learn', u'attach', u'need', u'manipulate', u'intuition', u'grasp', u'consult', u'ability', u'tell']
descriptor 15:
[u'variety', u'soft', u'particularly', u'colorful', u'developed', u'various', u'producing', u'combined', u'large', u'including', u'produces', u'natural', u'throughout', u'combination', u'surface']
descriptor 16:
[u'uhh', u'nah', u'uhhh', u'righto', u'ouch', u'ummmm', u'ummm', u'uhuh', u'duh', u'mmm', u'jawohl', u'ehh', u'naw', u'ahh', u'nope']
descriptor 17:
[u'continue', u'ahead', u'move', u'compete', u'take', u'plans', u'push', u'helping', u'teams', u'going', u'reach', u'run', u'get', u'start', u'pay']
descriptor 18:
[u'blaming', u'griping', u'whining', u'overreacting', u'asinine', u'apologizing', u'irresponsible', u'hurting', u'dishonest', u'bitching', u'idiotic', u'disgraceful', u'disrespectful', u'misinformed', u'senseless']
descriptor 19:
[u'thirty', u'ninety', u'forty', u'twenty', u'sixty', u'hour', u'hours', u'fifty', u'minutes', u'eighty', u'hundred', u'seconds', u'seventy', u'minute', u'days']
descriptor 20:
[u'sir', u'captain', u'capt', u'admiral', u'colonel', u'lieutenant', u'gallant', u'commander', u'brigadier', u'commanding', u'captains', u'brig', u'comrade', u'valiant', u'excellency']
descriptor 21:
[u'rear', u'sliding', u'door', u'walkway', u'doorway', u'compartment', u'starboard', u'knob', u'stairwell', u'adjacent', u'stairs', u'lock', u'staircase', u'slid', u'parked']
descriptor 22:
[u'hiya', u'awww', u'awwww', u'thx', u'yesss', u'ohhh', u'ooops', u'ohhhh', u'ahhhhhh', u'aww', u'ahhhh', u'ohh', u'ahhh', u'hurray', u'nooooo']
descriptor 23:
[u'dude', u'fuckin', u'gettin', u'ass', u'dudes', u'fuck', u'fucking', u'shit', u'lookin', u'bitch', u'fucked', u'cuz', u'nigga', u'doin', u'bro']
descriptor 24:
[u'secretary', u'schoolteacher', u'receptionist', u'podiatrist', u'nurse', u'orthopedic', u'alderman', u'housekeeper', u'physician', u'pathologist', u'gynecologist', u'nursing', u'chiropractor', u'selectman', u'mrs']
writing trajectories...
done with epoch:  11  cost = 514.7160852153544 time:  693.137169123
descriptor 0:
[u'groceries', u'flour', u'potatoes', u'baked', u'beans', u'dried', u'cans', u'bread', u'vinegar', u'flavored', u'cartons', u'pasta', u'cheaper', u'ounces', u'vegetables']
descriptor 1:
[u'week', u'presentation', u'sunday', u'friday', u'last', u'saturday', u'first', u'presented', u'thursday', u'monday', u'final', u'day', u'meeting', u'evening', u'weekend']
descriptor 2:
[u'testified', u'stormed', u'hauled', u'fled', u'allegedly', u'recovered', u'stabbed', u'withdrew', u'snatched', u'nabbed', u'seized', u'escaped', u'gunned', u'ambushed', u'dragged']
descriptor 3:
[u'mother', u'grandmother', u'daughter', u'granddaughter', u'father', u'aunt', u'sister', u'niece', u'grandfather', u'beloved', u'grandson', u'cousin', u'grandma', u'daughters', u'stepfather']
descriptor 4:
[u'faggots', u'shit', u'fuckin', u'niggers', u'fuck', u'fucken', u'bastards', u'fucking', u'faggot', u'motherfuckers', u'fucker', u'morons', u'kill', u'assholes', u'hate']
descriptor 5:
[u'manifested', u'mankind', u'beings', u'belief', u'humanity', u'righteousness', u'contrary', u'virtue', u'manifestation', u'nations', u'existence', u'sovereign', u'earthly', u'decreed', u'centuries']
descriptor 6:
[u'teschmacher', u'nelwyn', u'flattering', u'flynne', u'cavello', u'fedorchuk', u'christsakes', u'lingk', u'anyroad', u'demure', u'christsake', u'vitone', u'deepcore', u'classy', u'thorpey']
descriptor 7:
[u'sorta', u'kinda', u'hmmmm', u'hmmm', u'awfully', u'antsy', u'bummed', u'dunno', u'whatnot', u'screwy', u'hmm', u'wondering', u'weird', u'weirder', u'psyched']
descriptor 8:
[u'honestly', u'knew', u'wondered', u'know', u'think', u'tell', u'believe', u'suppose', u'saying', u'talked', u'understand', u'convinced', u'thinks', u'knows', u'frankly']
descriptor 9:
[u'headquarters', u'bureau', u'overheard', u'fbi', u'representatives', u'telephone', u'reporters', u'liaison', u'police', u'callers', u'switchboard', u'correspondent', u'bulletin', u'accused', u'briefing']
descriptor 10:
[u'bathe', u'relax', u'dine', u'mingle', u'soak', u'downstairs', u'evenings', u'freshen', u'stroll', u'mornings', u'greet', u'bathed', u'lunchtime', u'refuel', u'linger']
descriptor 11:
[u'parameters', u'specified', u'module', u'procedures', u'evaluation', u'monitoring', u'authorization', u'operational', u'configuration', u'protocols', u'component', u'processing', u'requirements', u'evaluate', u'requirement']
descriptor 12:
[u'find', u'individuals', u'whether', u'however', u'many', u'certain', u'fact', u'places', u'found', u'finding', u'possibly', u'particular', u'certainly', u'people', u'possible']
descriptor 13:
[u'bodwin', u'whatsamatter', u'jenzen', u'whorfin', u'jankis', u'barrenger', u'rasczak', u'matuschka', u'sorsha', u'rieper', u'cammareri', u'wydell', u'macguff', u'delongpre', u'springwood']
descriptor 14:
[u'give', u'hesitate', u'let', u'instruct', u'help', u'ask', u'learn', u'attach', u'manipulate', u'need', u'tell', u'consult', u'try', u'ability', u'grasp']
descriptor 15:
[u'variety', u'soft', u'particularly', u'colorful', u'developed', u'various', u'producing', u'combined', u'produces', u'large', u'including', u'natural', u'combination', u'unique', u'delicate']
descriptor 16:
[u'uhh', u'nah', u'uhhh', u'righto', u'ouch', u'ummm', u'ummmm', u'duh', u'uhuh', u'mmm', u'ehh', u'jawohl', u'nope', u'naw', u'ahh']
descriptor 17:
[u'continue', u'ahead', u'move', u'compete', u'take', u'plans', u'push', u'helping', u'going', u'reach', u'get', u'teams', u'run', u'pay', u'start']
descriptor 18:
[u'blaming', u'whining', u'overreacting', u'apologizing', u'griping', u'hurting', u'bitching', u'irresponsible', u'dishonest', u'disrespectful', u'misinformed', u'idiotic', u'asinine', u'nagging', u'senseless']
descriptor 19:
[u'thirty', u'ninety', u'forty', u'twenty', u'sixty', u'hour', u'hours', u'fifty', u'eighty', u'minutes', u'hundred', u'seconds', u'seventy', u'minute', u'days']
descriptor 20:
[u'sir', u'captain', u'admiral', u'capt', u'colonel', u'lieutenant', u'gallant', u'brigadier', u'commander', u'brig', u'commanding', u'captains', u'valiant', u'comrade', u'gawain']
descriptor 21:
[u'rear', u'sliding', u'door', u'walkway', u'doorway', u'compartment', u'knob', u'starboard', u'stairwell', u'stairs', u'lock', u'parked', u'adjacent', u'slid', u'staircase']
descriptor 22:
[u'hiya', u'awww', u'awwww', u'thx', u'ohhh', u'yesss', u'ohhhh', u'aww', u'ooops', u'ahhhhhh', u'ahhhh', u'ahhh', u'ohh', u'hurray', u'ahh']
descriptor 23:
[u'fuckin', u'dude', u'gettin', u'ass', u'dudes', u'fuck', u'shit', u'lookin', u'fucking', u'bitch', u'fucked', u'nigga', u'cuz', u'doin', u'bro']
descriptor 24:
[u'secretary', u'schoolteacher', u'nurse', u'orthopedic', u'podiatrist', u'receptionist', u'alderman', u'housekeeper', u'gynecologist', u'nursing', u'mrs', u'selectman', u'physician', u'pathologist', u'petite']
writing trajectories...
done with epoch:  12  cost = 514.2900114848674 time:  694.548565865
descriptor 0:
[u'groceries', u'flour', u'potatoes', u'baked', u'flavored', u'beans', u'cans', u'dried', u'bread', u'cartons', u'ounces', u'soda', u'vinegar', u'pasta', u'cheese']
descriptor 1:
[u'week', u'sunday', u'presentation', u'last', u'friday', u'first', u'saturday', u'thursday', u'presented', u'monday', u'final', u'day', u'meeting', u'second', u'weekend']
descriptor 2:
[u'testified', u'hauled', u'stormed', u'fled', u'allegedly', u'recovered', u'stabbed', u'nabbed', u'snatched', u'withdrew', u'seized', u'escaped', u'gunned', u'ambushed', u'grabbed']
descriptor 3:
[u'mother', u'grandmother', u'daughter', u'father', u'granddaughter', u'sister', u'aunt', u'niece', u'grandfather', u'beloved', u'cousin', u'grandma', u'grandson', u'daughters', u'stepfather']
descriptor 4:
[u'faggots', u'niggers', u'fuckin', u'shit', u'fuck', u'fucken', u'bastards', u'fucking', u'motherfuckers', u'faggot', u'fucker', u'kill', u'morons', u'scumbags', u'assholes']
descriptor 5:
[u'manifested', u'mankind', u'beings', u'belief', u'humanity', u'righteousness', u'contrary', u'virtue', u'manifestation', u'decreed', u'existence', u'nations', u'sovereign', u'earthly', u'centuries']
descriptor 6:
[u'teschmacher', u'nelwyn', u'flattering', u'flynne', u'cavello', u'fedorchuk', u'lingk', u'christsakes', u'demure', u'anyroad', u'deepcore', u'vitone', u'christsake', u'rasczak', u'classy']
descriptor 7:
[u'sorta', u'kinda', u'hmmmm', u'hmmm', u'awfully', u'antsy', u'bummed', u'dunno', u'whatnot', u'screwy', u'hmm', u'wondering', u'weird', u'weirder', u'noticing']
descriptor 8:
[u'knew', u'honestly', u'know', u'wondered', u'think', u'tell', u'believe', u'suppose', u'saying', u'talked', u'understand', u'convinced', u'knows', u'thinks', u'understood']
descriptor 9:
[u'headquarters', u'bureau', u'overheard', u'representatives', u'telephone', u'reporters', u'fbi', u'liaison', u'switchboard', u'correspondent', u'bulletin', u'callers', u'briefing', u'police', u'telegraph']
descriptor 10:
[u'bathe', u'dine', u'relax', u'mingle', u'soak', u'downstairs', u'evenings', u'freshen', u'stroll', u'mornings', u'bathed', u'greet', u'lunchtime', u'supper', u'refuel']
descriptor 11:
[u'parameters', u'specified', u'procedures', u'module', u'operational', u'evaluation', u'monitoring', u'authorization', u'protocols', u'requirements', u'component', u'evaluate', u'configuration', u'requirement', u'capability']
descriptor 12:
[u'find', u'individuals', u'however', u'whether', u'many', u'certain', u'places', u'finding', u'found', u'possibly', u'fact', u'particular', u'reasonable', u'certainly', u'possible']
descriptor 13:
[u'bodwin', u'whatsamatter', u'jenzen', u'whorfin', u'jankis', u'barrenger', u'matuschka', u'rasczak', u'sorsha', u'rieper', u'cammareri', u'delongpre', u'wydell', u'talby', u'macguff']
descriptor 14:
[u'give', u'hesitate', u'let', u'instruct', u'ask', u'help', u'learn', u'attach', u'need', u'tell', u'consult', u'manipulate', u'please', u'try', u'answer']
descriptor 15:
[u'variety', u'soft', u'particularly', u'colorful', u'developed', u'various', u'producing', u'combined', u'including', u'large', u'natural', u'produces', u'unique', u'features', u'combination']
descriptor 16:
[u'uhh', u'nah', u'uhhh', u'righto', u'ouch', u'ummmm', u'ummm', u'duh', u'mmm', u'uhuh', u'naw', u'ehh', u'ahh', u'jawohl', u'nope']
descriptor 17:
[u'continue', u'ahead', u'compete', u'move', u'take', u'plans', u'push', u'helping', u'teams', u'run', u'going', u'reach', u'start', u'get', u'continues']
descriptor 18:
[u'blaming', u'apologizing', u'overreacting', u'griping', u'whining', u'hurting', u'irresponsible', u'nagging', u'bitching', u'dishonest', u'misinformed', u'asinine', u'senseless', u'idiotic', u'disrespectful']
descriptor 19:
[u'thirty', u'ninety', u'twenty', u'forty', u'sixty', u'hour', u'hours', u'fifty', u'eighty', u'hundred', u'minutes', u'seventy', u'seconds', u'minute', u'days']
descriptor 20:
[u'sir', u'captain', u'admiral', u'capt', u'colonel', u'lieutenant', u'gallant', u'brigadier', u'commander', u'brig', u'commanding', u'captains', u'valiant', u'comrade', u'excellency']
descriptor 21:
[u'rear', u'sliding', u'door', u'walkway', u'doorway', u'starboard', u'compartment', u'knob', u'stairwell', u'stairs', u'adjacent', u'slid', u'parked', u'staircase', u'lock']
descriptor 22:
[u'hiya', u'awww', u'awwww', u'thx', u'ohhh', u'yesss', u'ohhhh', u'aww', u'ooops', u'ahhhhhh', u'ahhhh', u'ohh', u'ahhh', u'nooooo', u'hurray']
descriptor 23:
[u'fuckin', u'dude', u'gettin', u'ass', u'dudes', u'fuck', u'shit', u'fucking', u'bitch', u'lookin', u'fucked', u'nigga', u'cuz', u'doin', u'damn']
descriptor 24:
[u'secretary', u'schoolteacher', u'nurse', u'receptionist', u'orthopedic', u'podiatrist', u'alderman', u'housekeeper', u'nursing', u'petite', u'gynecologist', u'mrs', u'physician', u'demure', u'selectman']
writing trajectories...
done with epoch:  13  cost = 514.2601397463723 time:  641.996007919
descriptor 0:
[u'groceries', u'flour', u'baked', u'potatoes', u'dried', u'flavored', u'beans', u'cans', u'vinegar', u'bread', u'ounces', u'soda', u'pasta', u'cartons', u'butter']
descriptor 1:
[u'week', u'sunday', u'presentation', u'friday', u'last', u'saturday', u'first', u'thursday', u'monday', u'presented', u'day', u'final', u'meeting', u'weekend', u'wednesday']
descriptor 2:
[u'testified', u'stormed', u'fled', u'allegedly', u'hauled', u'recovered', u'stabbed', u'nabbed', u'withdrew', u'seized', u'snatched', u'escaped', u'ambushed', u'gunned', u'deputies']
descriptor 3:
[u'mother', u'grandmother', u'daughter', u'father', u'granddaughter', u'sister', u'aunt', u'niece', u'beloved', u'grandfather', u'cousin', u'grandson', u'grandma', u'daughters', u'stepfather']
descriptor 4:
[u'faggots', u'niggers', u'fuckin', u'shit', u'fuck', u'bastards', u'fucken', u'fucking', u'faggot', u'morons', u'fucker', u'motherfuckers', u'scumbags', u'assholes', u'kill']
descriptor 5:
[u'manifested', u'mankind', u'beings', u'belief', u'humanity', u'righteousness', u'contrary', u'virtue', u'nations', u'manifestation', u'existence', u'decreed', u'sovereign', u'centuries', u'earthly']
descriptor 6:
[u'teschmacher', u'nelwyn', u'flattering', u'flynne', u'cavello', u'lingk', u'christsakes', u'fedorchuk', u'demure', u'anyroad', u'christsake', u'deepcore', u'vitone', u'rasczak', u'classy']
descriptor 7:
[u'sorta', u'kinda', u'hmmmm', u'hmmm', u'awfully', u'antsy', u'bummed', u'whatnot', u'dunno', u'screwy', u'hmm', u'wondering', u'weird', u'anyways', u'weirder']
descriptor 8:
[u'knew', u'honestly', u'know', u'wondered', u'think', u'believe', u'tell', u'saying', u'suppose', u'talked', u'understand', u'convinced', u'knows', u'thinks', u'understood']
descriptor 9:
[u'headquarters', u'bureau', u'telephone', u'fbi', u'overheard', u'representatives', u'reporters', u'correspondent', u'liaison', u'bulletin', u'police', u'switchboard', u'telegraph', u'callers', u'briefing']
descriptor 10:
[u'bathe', u'dine', u'relax', u'mingle', u'soak', u'evenings', u'freshen', u'downstairs', u'mornings', u'stroll', u'greet', u'bathed', u'lunchtime', u'refuel', u'linger']
descriptor 11:
[u'parameters', u'specified', u'procedures', u'module', u'operational', u'evaluation', u'protocols', u'monitoring', u'authorization', u'configuration', u'requirements', u'component', u'requirement', u'capability', u'evaluate']
descriptor 12:
[u'find', u'individuals', u'whether', u'however', u'many', u'finding', u'certain', u'places', u'found', u'property', u'possibly', u'fact', u'reasonable', u'particular', u'reasonably']
descriptor 13:
[u'bodwin', u'whatsamatter', u'jenzen', u'matuschka', u'rasczak', u'whorfin', u'barrenger', u'jankis', u'rieper', u'sorsha', u'delongpre', u'talby', u'macguff', u'oberfeld', u'wydell']
descriptor 14:
[u'hesitate', u'give', u'let', u'ask', u'instruct', u'help', u'need', u'tell', u'learn', u'attach', u'please', u'consult', u'manipulate', u'try', u'answer']
descriptor 15:
[u'variety', u'soft', u'particularly', u'colorful', u'developed', u'various', u'producing', u'combined', u'produces', u'including', u'natural', u'unique', u'large', u'combination', u'delicate']
descriptor 16:
[u'uhh', u'nah', u'uhhh', u'righto', u'ouch', u'duh', u'ummm', u'ummmm', u'uhuh', u'mmm', u'naw', u'nope', u'ehh', u'jawohl', u'ahh']
descriptor 17:
[u'continue', u'ahead', u'compete', u'move', u'take', u'plans', u'helping', u'push', u'going', u'teams', u'reach', u'run', u'start', u'continues', u'earn']
descriptor 18:
[u'blaming', u'overreacting', u'griping', u'whining', u'apologizing', u'hurting', u'asinine', u'dishonest', u'irresponsible', u'misinformed', u'senseless', u'idiotic', u'bitching', u'disrespectful', u'disgraceful']
descriptor 19:
[u'thirty', u'ninety', u'forty', u'twenty', u'sixty', u'hour', u'hours', u'fifty', u'eighty', u'hundred', u'minutes', u'seventy', u'seconds', u'days', u'minute']
descriptor 20:
[u'sir', u'captain', u'admiral', u'colonel', u'capt', u'lieutenant', u'gallant', u'brigadier', u'commander', u'commanding', u'brig', u'captains', u'excellency', u'comrade', u'valiant']
descriptor 21:
[u'rear', u'sliding', u'door', u'walkway', u'starboard', u'compartment', u'doorway', u'knob', u'adjacent', u'slid', u'lock', u'stairwell', u'parked', u'stairs', u'lever']
descriptor 22:
[u'hiya', u'awww', u'thx', u'awwww', u'ohhh', u'yesss', u'ohhhh', u'ahhhhhh', u'aww', u'ahhhh', u'ooops', u'ahhh', u'ohh', u'nooooo', u'hurray']
descriptor 23:
[u'fuckin', u'dude', u'gettin', u'ass', u'dudes', u'fuck', u'shit', u'fucking', u'bitch', u'lookin', u'nigga', u'cuz', u'fucked', u'doin', u'damn']
descriptor 24:
[u'secretary', u'schoolteacher', u'nurse', u'orthopedic', u'receptionist', u'podiatrist', u'alderman', u'housekeeper', u'nursing', u'mrs', u'petite', u'unmarried', u'selectman', u'gynecologist', u'widower']
writing trajectories...
done with epoch:  14  cost = 513.4044548654585 time:  646.396123886
descriptor 0:
[u'groceries', u'flour', u'baked', u'potatoes', u'beans', u'flavored', u'dried', u'vinegar', u'bread', u'cans', u'pasta', u'soda', u'butter', u'cartons', u'cheese']
descriptor 1:
[u'week', u'sunday', u'presentation', u'last', u'friday', u'first', u'saturday', u'final', u'thursday', u'monday', u'presented', u'day', u'second', u'next', u'weekend']
descriptor 2:
[u'testified', u'stormed', u'fled', u'hauled', u'allegedly', u'recovered', u'stabbed', u'withdrew', u'nabbed', u'snatched', u'seized', u'escaped', u'gunned', u'ambushed', u'deputies']
descriptor 3:
[u'mother', u'grandmother', u'daughter', u'father', u'granddaughter', u'sister', u'aunt', u'niece', u'beloved', u'grandfather', u'grandma', u'cousin', u'grandson', u'daughters', u'grandpa']
descriptor 4:
[u'faggots', u'niggers', u'fuckin', u'shit', u'fuck', u'fucken', u'bastards', u'fucking', u'faggot', u'assholes', u'morons', u'fucker', u'motherfuckers', u'scumbags', u'hate']
descriptor 5:
[u'manifested', u'mankind', u'belief', u'humanity', u'beings', u'contrary', u'righteousness', u'virtue', u'decreed', u'existence', u'manifestation', u'centuries', u'nations', u'earthly', u'sovereign']
descriptor 6:
[u'teschmacher', u'nelwyn', u'flattering', u'flynne', u'cavello', u'christsakes', u'lingk', u'fedorchuk', u'demure', u'christsake', u'anyroad', u'deepcore', u'vitone', u'classy', u'rasczak']
descriptor 7:
[u'sorta', u'kinda', u'hmmmm', u'hmmm', u'awfully', u'antsy', u'bummed', u'dunno', u'whatnot', u'hmm', u'screwy', u'wondering', u'weird', u'anyways', u'weirder']
descriptor 8:
[u'knew', u'honestly', u'know', u'wondered', u'think', u'believe', u'tell', u'suppose', u'saying', u'talked', u'understand', u'convinced', u'thinks', u'knows', u'understood']
descriptor 9:
[u'headquarters', u'bureau', u'overheard', u'representatives', u'reporters', u'fbi', u'briefing', u'telephone', u'correspondent', u'bulletin', u'liaison', u'police', u'callers', u'switchboard', u'telegraph']
descriptor 10:
[u'bathe', u'dine', u'relax', u'mingle', u'soak', u'downstairs', u'evenings', u'freshen', u'mornings', u'stroll', u'greet', u'bathed', u'upstairs', u'lunchtime', u'linger']
descriptor 11:
[u'parameters', u'specified', u'procedures', u'evaluation', u'operational', u'monitoring', u'module', u'protocols', u'evaluate', u'requirements', u'component', u'configuration', u'authorization', u'capability', u'requirement']
descriptor 12:
[u'find', u'individuals', u'however', u'whether', u'many', u'places', u'certain', u'finding', u'found', u'fact', u'possibly', u'certainly', u'reasonably', u'reasonable', u'property']
descriptor 13:
[u'bodwin', u'whatsamatter', u'jenzen', u'whorfin', u'barrenger', u'jankis', u'matuschka', u'rasczak', u'sorsha', u'macguff', u'rieper', u'wydell', u'cammareri', u'talby', u'delongpre']
descriptor 14:
[u'give', u'hesitate', u'let', u'ask', u'instruct', u'help', u'tell', u'need', u'attach', u'learn', u'try', u'manipulate', u'please', u'consult', u'answer']
descriptor 15:
[u'variety', u'soft', u'particularly', u'colorful', u'developed', u'various', u'producing', u'combined', u'including', u'produces', u'natural', u'delicate', u'unique', u'large', u'combination']
descriptor 16:
[u'uhh', u'nah', u'righto', u'uhhh', u'ouch', u'duh', u'ummm', u'ummmm', u'uhuh', u'mmm', u'naw', u'jawohl', u'ehh', u'nope', u'ahh']
descriptor 17:
[u'continue', u'ahead', u'move', u'compete', u'take', u'plans', u'helping', u'push', u'going', u'teams', u'reach', u'run', u'start', u'earn', u'continues']
descriptor 18:
[u'blaming', u'griping', u'whining', u'overreacting', u'apologizing', u'hurting', u'bitching', u'asinine', u'nagging', u'irresponsible', u'dishonest', u'misinformed', u'idiotic', u'tormenting', u'senseless']
descriptor 19:
[u'thirty', u'forty', u'twenty', u'ninety', u'sixty', u'hour', u'hours', u'fifty', u'minutes', u'hundred', u'eighty', u'seconds', u'seventy', u'minute', u'days']
descriptor 20:
[u'sir', u'captain', u'admiral', u'colonel', u'capt', u'lieutenant', u'gallant', u'brigadier', u'commander', u'commanding', u'brig', u'captains', u'comrade', u'excellency', u'valiant']
descriptor 21:
[u'rear', u'sliding', u'door', u'walkway', u'doorway', u'compartment', u'knob', u'starboard', u'adjacent', u'slid', u'stairs', u'stairwell', u'lock', u'lever', u'staircase']
descriptor 22:
[u'hiya', u'awww', u'awwww', u'thx', u'ohhh', u'yesss', u'ohhhh', u'aww', u'ahhhh', u'ahhhhhh', u'ooops', u'ahhh', u'ohh', u'nooooo', u'hurray']
descriptor 23:
[u'fuckin', u'dude', u'gettin', u'ass', u'dudes', u'fuck', u'shit', u'fucking', u'bitch', u'lookin', u'fucked', u'nigga', u'cuz', u'doin', u'damn']
descriptor 24:
[u'secretary', u'schoolteacher', u'orthopedic', u'nurse', u'receptionist', u'podiatrist', u'alderman', u'housekeeper', u'nursing', u'petite', u'gynecologist', u'mrs', u'selectman', u'physician', u'aide']
writing trajectories...
done with epoch:  15  cost = 513.255856889414 time:  645.381084919
descriptor 0:
[u'groceries', u'flour', u'potatoes', u'baked', u'beans', u'dried', u'vinegar', u'flavored', u'cans', u'bread', u'pasta', u'soda', u'cheaper', u'butter', u'vegetables']
descriptor 1:
[u'week', u'presentation', u'sunday', u'last', u'friday', u'first', u'saturday', u'final', u'presented', u'day', u'thursday', u'monday', u'weekend', u'second', u'next']
descriptor 2:
[u'testified', u'stormed', u'fled', u'allegedly', u'hauled', u'recovered', u'stabbed', u'nabbed', u'withdrew', u'snatched', u'seized', u'gunned', u'ambushed', u'escaped', u'deputies']
descriptor 3:
[u'mother', u'grandmother', u'daughter', u'father', u'granddaughter', u'sister', u'aunt', u'niece', u'beloved', u'grandfather', u'cousin', u'grandson', u'grandma', u'daughters', u'stepfather']
descriptor 4:
[u'faggots', u'niggers', u'fuckin', u'shit', u'fuck', u'bastards', u'fucken', u'fucking', u'assholes', u'morons', u'faggot', u'scumbags', u'fucker', u'motherfuckers', u'hate']
descriptor 5:
[u'manifested', u'mankind', u'belief', u'beings', u'humanity', u'righteousness', u'contrary', u'virtue', u'existence', u'decreed', u'manifestation', u'earthly', u'nations', u'centuries', u'sovereign']
descriptor 6:
[u'teschmacher', u'nelwyn', u'flattering', u'flynne', u'fedorchuk', u'lingk', u'christsakes', u'cavello', u'demure', u'anyroad', u'christsake', u'vitone', u'deepcore', u'classy', u'braslow']
descriptor 7:
[u'sorta', u'kinda', u'hmmmm', u'hmmm', u'awfully', u'antsy', u'dunno', u'whatnot', u'bummed', u'screwy', u'hmm', u'weird', u'wondering', u'anyways', u'weirder']
descriptor 8:
[u'honestly', u'knew', u'wondered', u'know', u'think', u'believe', u'tell', u'saying', u'suppose', u'understand', u'talked', u'convinced', u'thinks', u'frankly', u'knows']
descriptor 9:
[u'headquarters', u'bureau', u'fbi', u'representatives', u'overheard', u'telephone', u'liaison', u'bulletin', u'reporters', u'briefing', u'correspondent', u'callers', u'police', u'switchboard', u'telegraph']
descriptor 10:
[u'bathe', u'relax', u'dine', u'mingle', u'soak', u'evenings', u'downstairs', u'freshen', u'mornings', u'stroll', u'greet', u'bathed', u'lunchtime', u'upstairs', u'linger']
descriptor 11:
[u'parameters', u'specified', u'procedures', u'operational', u'evaluation', u'monitoring', u'module', u'requirements', u'protocols', u'evaluate', u'component', u'authorization', u'requirement', u'capability', u'configuration']
descriptor 12:
[u'find', u'individuals', u'however', u'finding', u'many', u'places', u'whether', u'found', u'certain', u'reasonably', u'reasonable', u'certainly', u'fact', u'possibly', u'property']
descriptor 13:
[u'bodwin', u'whatsamatter', u'jenzen', u'matuschka', u'rasczak', u'barrenger', u'whorfin', u'sorsha', u'jankis', u'macguff', u'rieper', u'springwood', u'wydell', u'cammareri', u'talby']
descriptor 14:
[u'give', u'hesitate', u'let', u'ask', u'instruct', u'help', u'need', u'tell', u'learn', u'attach', u'please', u'try', u'consult', u'manipulate', u'answer']
descriptor 15:
[u'variety', u'soft', u'particularly', u'developed', u'colorful', u'producing', u'various', u'combined', u'produces', u'delicate', u'natural', u'including', u'unique', u'combination', u'large']
descriptor 16:
[u'uhh', u'nah', u'uhhh', u'righto', u'ouch', u'duh', u'ummm', u'ummmm', u'naw', u'mmm', u'ehh', u'uhuh', u'nope', u'ahh', u'cmon']
descriptor 17:
[u'continue', u'ahead', u'move', u'compete', u'take', u'plans', u'helping', u'push', u'going', u'teams', u'reach', u'run', u'earn', u'money', u'start']
descriptor 18:
[u'blaming', u'overreacting', u'griping', u'whining', u'apologizing', u'dishonest', u'irresponsible', u'asinine', u'misinformed', u'idiotic', u'bitching', u'hurting', u'nagging', u'disrespectful', u'senseless']
descriptor 19:
[u'thirty', u'forty', u'twenty', u'ninety', u'sixty', u'hour', u'hours', u'fifty', u'minutes', u'hundred', u'eighty', u'seconds', u'minute', u'seventy', u'days']
descriptor 20:
[u'sir', u'captain', u'admiral', u'colonel', u'capt', u'lieutenant', u'brigadier', u'gallant', u'commander', u'commanding', u'brig', u'comrade', u'excellency', u'captains', u'valiant']
descriptor 21:
[u'rear', u'sliding', u'door', u'knob', u'walkway', u'compartment', u'starboard', u'doorway', u'adjacent', u'lock', u'lever', u'slid', u'stairs', u'stairwell', u'staircase']
descriptor 22:
[u'hiya', u'awww', u'thx', u'awwww', u'ohhh', u'yesss', u'ohhhh', u'aww', u'ahhhhhh', u'ahhhh', u'ooops', u'ahhh', u'ohh', u'nooooo', u'hurray']
descriptor 23:
[u'fuckin', u'dude', u'gettin', u'ass', u'dudes', u'fuck', u'shit', u'fucking', u'bitch', u'lookin', u'nigga', u'fucked', u'cuz', u'damn', u'doin']
descriptor 24:
[u'schoolteacher', u'secretary', u'nurse', u'orthopedic', u'receptionist', u'podiatrist', u'housekeeper', u'alderman', u'mrs', u'nursing', u'petite', u'gynecologist', u'selectman', u'physician', u'cartwright']
writing trajectories...
done with epoch:  16  cost = 512.9509858880646 time:  645.090209961
descriptor 0:
[u'groceries', u'baked', u'potatoes', u'flour', u'beans', u'flavored', u'vinegar', u'dried', u'cans', u'soda', u'bread', u'pasta', u'vegetables', u'butter', u'cheese']
descriptor 1:
[u'week', u'presentation', u'sunday', u'last', u'first', u'friday', u'saturday', u'presented', u'day', u'final', u'thursday', u'monday', u'second', u'next', u'weekend']
descriptor 2:
[u'testified', u'stormed', u'fled', u'allegedly', u'hauled', u'recovered', u'stabbed', u'withdrew', u'nabbed', u'seized', u'snatched', u'gunned', u'ambushed', u'escaped', u'deputies']
descriptor 3:
[u'mother', u'grandmother', u'daughter', u'father', u'granddaughter', u'sister', u'aunt', u'niece', u'beloved', u'grandfather', u'cousin', u'grandma', u'grandson', u'daughters', u'grandpa']
descriptor 4:
[u'faggots', u'niggers', u'fuckin', u'shit', u'fuck', u'fucken', u'bastards', u'fucking', u'assholes', u'morons', u'scumbags', u'faggot', u'motherfuckers', u'hate', u'fucker']
descriptor 5:
[u'manifested', u'mankind', u'humanity', u'beings', u'belief', u'righteousness', u'contrary', u'decreed', u'existence', u'virtue', u'nations', u'manifestation', u'earthly', u'sovereign', u'wholly']
descriptor 6:
[u'teschmacher', u'nelwyn', u'flattering', u'flynne', u'demure', u'lingk', u'fedorchuk', u'christsakes', u'cavello', u'classy', u'deepcore', u'christsake', u'anyroad', u'vitone', u'rasczak']
descriptor 7:
[u'sorta', u'kinda', u'hmmmm', u'hmmm', u'awfully', u'antsy', u'whatnot', u'bummed', u'dunno', u'screwy', u'hmm', u'wondering', u'weird', u'anyways', u'psyched']
descriptor 8:
[u'knew', u'honestly', u'know', u'think', u'wondered', u'believe', u'tell', u'saying', u'suppose', u'understand', u'talked', u'thinks', u'convinced', u'knows', u'understood']
descriptor 9:
[u'headquarters', u'bureau', u'telephone', u'representatives', u'bulletin', u'overheard', u'liaison', u'correspondent', u'fbi', u'reporters', u'switchboard', u'briefing', u'callers', u'telegraph', u'police']
descriptor 10:
[u'bathe', u'dine', u'relax', u'mingle', u'soak', u'evenings', u'downstairs', u'freshen', u'mornings', u'stroll', u'greet', u'bathed', u'upstairs', u'lunchtime', u'relaxing']
descriptor 11:
[u'parameters', u'specified', u'procedures', u'evaluation', u'operational', u'module', u'monitoring', u'requirements', u'protocols', u'component', u'requirement', u'authorization', u'evaluate', u'configuration', u'capability']
descriptor 12:
[u'find', u'individuals', u'however', u'whether', u'finding', u'certain', u'many', u'found', u'reasonably', u'places', u'reasonable', u'fact', u'certainly', u'possibly', u'property']
descriptor 13:
[u'bodwin', u'whatsamatter', u'jenzen', u'matuschka', u'whorfin', u'rasczak', u'barrenger', u'jankis', u'sorsha', u'macguff', u'rieper', u'cammareri', u'delongpre', u'wydell', u'talby']
descriptor 14:
[u'give', u'hesitate', u'let', u'instruct', u'ask', u'help', u'tell', u'need', u'attach', u'learn', u'please', u'try', u'want', u'consult', u'manipulate']
descriptor 15:
[u'variety', u'soft', u'particularly', u'colorful', u'developed', u'producing', u'various', u'combined', u'delicate', u'including', u'produces', u'natural', u'especially', u'large', u'unique']
descriptor 16:
[u'uhh', u'nah', u'uhhh', u'righto', u'ouch', u'duh', u'ummm', u'ummmm', u'naw', u'mmm', u'uhuh', u'ehh', u'ahh', u'nope', u'cmon']
descriptor 17:
[u'continue', u'ahead', u'move', u'compete', u'take', u'plans', u'helping', u'push', u'going', u'reach', u'teams', u'run', u'continues', u'advantage', u'money']
descriptor 18:
[u'blaming', u'overreacting', u'whining', u'griping', u'apologizing', u'hurting', u'bitching', u'dishonest', u'irresponsible', u'asinine', u'nagging', u'misinformed', u'idiotic', u'senseless', u'disrespectful']
descriptor 19:
[u'thirty', u'twenty', u'ninety', u'forty', u'sixty', u'hour', u'hours', u'fifty', u'minutes', u'hundred', u'eighty', u'seconds', u'minute', u'seventy', u'days']
descriptor 20:
[u'sir', u'captain', u'colonel', u'admiral', u'capt', u'lieutenant', u'brigadier', u'gallant', u'commander', u'commanding', u'comrade', u'brig', u'excellency', u'captains', u'valiant']
descriptor 21:
[u'rear', u'sliding', u'door', u'walkway', u'knob', u'compartment', u'doorway', u'starboard', u'adjacent', u'lever', u'lock', u'stairs', u'stairwell', u'slid', u'staircase']
descriptor 22:
[u'hiya', u'awww', u'awwww', u'thx', u'ohhh', u'yesss', u'ohhhh', u'aww', u'ahhhh', u'ahhhhhh', u'ooops', u'ahhh', u'ohh', u'nooooo', u'ahh']
descriptor 23:
[u'fuckin', u'dude', u'gettin', u'ass', u'dudes', u'fuck', u'shit', u'fucking', u'bitch', u'lookin', u'nigga', u'fucked', u'cuz', u'doin', u'damn']
descriptor 24:
[u'secretary', u'schoolteacher', u'nurse', u'receptionist', u'orthopedic', u'podiatrist', u'alderman', u'housekeeper', u'nursing', u'mrs', u'gynecologist', u'petite', u'physician', u'niece', u'granddaughter']
writing trajectories...
done with epoch:  17  cost = 512.4776782466002 time:  647.154095173
descriptor 0:
[u'groceries', u'flour', u'baked', u'potatoes', u'beans', u'vinegar', u'flavored', u'dried', u'cans', u'soda', u'bread', u'pasta', u'butter', u'cheese', u'vegetables']
descriptor 1:
[u'week', u'presentation', u'sunday', u'last', u'first', u'friday', u'saturday', u'presented', u'day', u'final', u'thursday', u'monday', u'second', u'weekend', u'next']
descriptor 2:
[u'testified', u'stormed', u'fled', u'allegedly', u'hauled', u'recovered', u'stabbed', u'nabbed', u'snatched', u'withdrew', u'seized', u'ambushed', u'gunned', u'escaped', u'deputies']
descriptor 3:
[u'mother', u'grandmother', u'daughter', u'father', u'granddaughter', u'sister', u'aunt', u'niece', u'grandfather', u'beloved', u'cousin', u'grandson', u'grandma', u'daughters', u'grandpa']
descriptor 4:
[u'faggots', u'niggers', u'fuckin', u'fuck', u'shit', u'fucking', u'bastards', u'fucken', u'assholes', u'morons', u'faggot', u'fucker', u'hate', u'scumbags', u'motherfuckers']
descriptor 5:
[u'manifested', u'mankind', u'humanity', u'belief', u'beings', u'righteousness', u'contrary', u'existence', u'virtue', u'decreed', u'manifestation', u'earthly', u'nations', u'centuries', u'sovereign']
descriptor 6:
[u'teschmacher', u'nelwyn', u'flattering', u'flynne', u'cavello', u'fedorchuk', u'lingk', u'demure', u'christsakes', u'classy', u'deepcore', u'vitone', u'christsake', u'rasczak', u'anyroad']
descriptor 7:
[u'sorta', u'kinda', u'hmmmm', u'hmmm', u'awfully', u'antsy', u'dunno', u'whatnot', u'bummed', u'screwy', u'wondering', u'hmm', u'weird', u'anyways', u'noticing']
descriptor 8:
[u'knew', u'honestly', u'know', u'wondered', u'think', u'believe', u'tell', u'saying', u'suppose', u'talked', u'understand', u'convinced', u'thinks', u'knows', u'understood']
descriptor 9:
[u'headquarters', u'bureau', u'overheard', u'telephone', u'reporters', u'bulletin', u'representatives', u'correspondent', u'briefing', u'liaison', u'switchboard', u'fbi', u'callers', u'telegraph', u'embassy']
descriptor 10:
[u'bathe', u'dine', u'relax', u'mingle', u'soak', u'downstairs', u'evenings', u'freshen', u'mornings', u'greet', u'bathed', u'stroll', u'lunchtime', u'upstairs', u'refuel']
descriptor 11:
[u'parameters', u'specified', u'procedures', u'operational', u'evaluation', u'module', u'monitoring', u'requirements', u'protocols', u'evaluate', u'component', u'capability', u'authorization', u'requirement', u'processing']
descriptor 12:
[u'find', u'individuals', u'however', u'finding', u'whether', u'found', u'many', u'places', u'reasonably', u'certain', u'reasonable', u'property', u'certainly', u'fact', u'possibly']
descriptor 13:
[u'bodwin', u'whatsamatter', u'jenzen', u'matuschka', u'whorfin', u'rasczak', u'barrenger', u'jankis', u'sorsha', u'rieper', u'macguff', u'cammareri', u'delongpre', u'oberfeld', u'talby']
descriptor 14:
[u'give', u'hesitate', u'let', u'ask', u'instruct', u'help', u'tell', u'need', u'learn', u'please', u'attach', u'try', u'want', u'consult', u'manipulate']
descriptor 15:
[u'variety', u'soft', u'particularly', u'colorful', u'developed', u'producing', u'various', u'produces', u'combined', u'natural', u'delicate', u'including', u'large', u'unique', u'especially']
descriptor 16:
[u'uhh', u'nah', u'uhhh', u'righto', u'ouch', u'duh', u'ummm', u'ummmm', u'naw', u'mmm', u'ehh', u'uhuh', u'nope', u'ahh', u'yep']
descriptor 17:
[u'continue', u'ahead', u'compete', u'move', u'plans', u'take', u'helping', u'going', u'teams', u'push', u'run', u'reach', u'earn', u'continues', u'start']
descriptor 18:
[u'blaming', u'overreacting', u'apologizing', u'griping', u'whining', u'asinine', u'dishonest', u'hurting', u'irresponsible', u'misinformed', u'nagging', u'bitching', u'idiotic', u'tormenting', u'consarn']
descriptor 19:
[u'thirty', u'twenty', u'forty', u'ninety', u'sixty', u'hour', u'hours', u'minutes', u'fifty', u'hundred', u'eighty', u'minute', u'seconds', u'days', u'periods']
descriptor 20:
[u'sir', u'captain', u'colonel', u'admiral', u'capt', u'lieutenant', u'brigadier', u'gallant', u'commander', u'commanding', u'brig', u'excellency', u'captains', u'comrade', u'valiant']
descriptor 21:
[u'rear', u'sliding', u'door', u'walkway', u'compartment', u'knob', u'doorway', u'adjacent', u'starboard', u'stairs', u'lock', u'slid', u'stairwell', u'lever', u'staircase']
descriptor 22:
[u'hiya', u'awww', u'thx', u'awwww', u'yesss', u'ohhh', u'ohhhh', u'aww', u'ahhhh', u'ahhhhhh', u'ooops', u'ahhh', u'ohh', u'ahh', u'nooooo']
descriptor 23:
[u'fuckin', u'dude', u'gettin', u'ass', u'dudes', u'fuck', u'fucking', u'shit', u'bitch', u'lookin', u'fucked', u'nigga', u'cuz', u'doin', u'bro']
descriptor 24:
[u'schoolteacher', u'secretary', u'orthopedic', u'nurse', u'receptionist', u'podiatrist', u'alderman', u'housekeeper', u'nursing', u'mrs', u'gynecologist', u'petite', u'selectman', u'physician', u'granddaughter']
writing trajectories...
done with epoch:  18  cost = 512.1177845367034 time:  650.472615957
descriptor 0:
[u'groceries', u'flour', u'baked', u'potatoes', u'beans', u'dried', u'vinegar', u'cans', u'flavored', u'soda', u'pasta', u'bread', u'cheaper', u'butter', u'cartons']
descriptor 1:
[u'week', u'sunday', u'presentation', u'last', u'first', u'friday', u'saturday', u'day', u'final', u'presented', u'second', u'thursday', u'monday', u'weekend', u'next']
descriptor 2:
[u'testified', u'stormed', u'allegedly', u'fled', u'hauled', u'recovered', u'stabbed', u'nabbed', u'withdrew', u'snatched', u'seized', u'ambushed', u'gunned', u'escaped', u'deputies']
descriptor 3:
[u'mother', u'grandmother', u'daughter', u'father', u'granddaughter', u'sister', u'aunt', u'niece', u'beloved', u'grandfather', u'cousin', u'grandma', u'grandson', u'daughters', u'grandpa']
descriptor 4:
[u'faggots', u'niggers', u'fuckin', u'shit', u'fuck', u'bastards', u'fucken', u'fucking', u'assholes', u'faggot', u'morons', u'fucker', u'scumbags', u'hate', u'motherfuckers']
descriptor 5:
[u'manifested', u'mankind', u'belief', u'humanity', u'beings', u'righteousness', u'contrary', u'decreed', u'existence', u'virtue', u'manifestation', u'earthly', u'nations', u'centuries', u'sovereign']
descriptor 6:
[u'teschmacher', u'nelwyn', u'flattering', u'flynne', u'cavello', u'demure', u'lingk', u'fedorchuk', u'christsakes', u'classy', u'deepcore', u'anyroad', u'vitone', u'christsake', u'braslow']
descriptor 7:
[u'sorta', u'kinda', u'hmmmm', u'hmmm', u'awfully', u'dunno', u'whatnot', u'antsy', u'bummed', u'screwy', u'hmm', u'wondering', u'weird', u'anyways', u'noticing']
descriptor 8:
[u'knew', u'honestly', u'know', u'wondered', u'think', u'believe', u'tell', u'saying', u'suppose', u'talked', u'understand', u'thinks', u'knows', u'convinced', u'frankly']
descriptor 9:
[u'headquarters', u'bureau', u'overheard', u'bulletin', u'telephone', u'representatives', u'reporters', u'briefing', u'liaison', u'correspondent', u'switchboard', u'fbi', u'telegraph', u'callers', u'embassy']
descriptor 10:
[u'bathe', u'dine', u'relax', u'mingle', u'soak', u'evenings', u'downstairs', u'freshen', u'mornings', u'greet', u'stroll', u'bathed', u'upstairs', u'lunchtime', u'refuel']
descriptor 11:
[u'parameters', u'specified', u'procedures', u'evaluation', u'operational', u'monitoring', u'requirements', u'module', u'component', u'evaluate', u'protocols', u'requirement', u'authorization', u'capability', u'processing']
descriptor 12:
[u'find', u'individuals', u'however', u'whether', u'finding', u'many', u'found', u'places', u'certain', u'reasonably', u'reasonable', u'fact', u'certainly', u'property', u'possibly']
descriptor 13:
[u'bodwin', u'whatsamatter', u'jenzen', u'matuschka', u'whorfin', u'sorsha', u'rasczak', u'jankis', u'barrenger', u'macguff', u'rieper', u'delongpre', u'oberfeld', u'talby', u'cammareri']
descriptor 14:
[u'give', u'hesitate', u'let', u'ask', u'instruct', u'help', u'tell', u'need', u'please', u'learn', u'attach', u'want', u'consult', u'try', u'manipulate']
descriptor 15:
[u'variety', u'soft', u'particularly', u'colorful', u'developed', u'various', u'producing', u'natural', u'combined', u'produces', u'delicate', u'including', u'unique', u'especially', u'large']
descriptor 16:
[u'uhh', u'nah', u'uhhh', u'ouch', u'righto', u'duh', u'ummm', u'ummmm', u'naw', u'mmm', u'uhuh', u'ahh', u'ehh', u'nope', u'yep']
descriptor 17:
[u'continue', u'ahead', u'compete', u'move', u'plans', u'take', u'helping', u'teams', u'push', u'going', u'earn', u'reach', u'run', u'money', u'advantage']
descriptor 18:
[u'blaming', u'overreacting', u'griping', u'whining', u'apologizing', u'asinine', u'nagging', u'dishonest', u'hurting', u'irresponsible', u'misinformed', u'bitching', u'idiotic', u'consarn', u'senseless']
descriptor 19:
[u'thirty', u'twenty', u'forty', u'ninety', u'sixty', u'hour', u'hours', u'fifty', u'eighty', u'hundred', u'minutes', u'days', u'seventy', u'seconds', u'periods']
descriptor 20:
[u'sir', u'captain', u'capt', u'colonel', u'admiral', u'lieutenant', u'gallant', u'brigadier', u'commander', u'commanding', u'comrade', u'brig', u'excellency', u'captains', u'valiant']
descriptor 21:
[u'rear', u'sliding', u'door', u'walkway', u'knob', u'compartment', u'adjacent', u'starboard', u'doorway', u'slid', u'lock', u'stairs', u'stairwell', u'lever', u'staircase']
descriptor 22:
[u'hiya', u'awww', u'thx', u'awwww', u'ohhh', u'yesss', u'ohhhh', u'aww', u'ahhhh', u'ahhhhhh', u'ooops', u'ahhh', u'ohh', u'ahh', u'hurray']
descriptor 23:
[u'fuckin', u'dude', u'gettin', u'ass', u'dudes', u'fuck', u'shit', u'fucking', u'bitch', u'lookin', u'nigga', u'fucked', u'cuz', u'doin', u'damn']
descriptor 24:
[u'secretary', u'schoolteacher', u'orthopedic', u'nurse', u'podiatrist', u'receptionist', u'nursing', u'alderman', u'housekeeper', u'physician', u'mrs', u'gynecologist', u'petite', u'chiropractor', u'granddaughter']
writing trajectories...
done with epoch:  19  cost = 512.0912991054674 time:  654.119622946
