loading data...
300 415 25 17405 9035 618 5509
compiling...
done compiling, now training...
descriptor 0:
[u'conquer', u'overtake', u'enemies', u'mortals', u'unite', u'annihilate', u'defy', u'succumb', u'evolve', u'embrace', u'destroy', u'topple', u'dominate', u'yearn', u'inflict']
descriptor 1:
[u'father', u'servant', u'deceased', u'daughters', u'hath', u'mother', u'widow', u'daughter', u'betrayed', u'beloved', u'grandfather', u'grandson', u'granddaughter', u'fathers', u'blessed']
descriptor 2:
[u'wanna', u'lick', u'bitch', u'bitches', u'gon', u'fuck', u'nigga', u'shove', u'niggas', u'tryin', u'kneel', u'outta', u'cunt', u'fucker', u'inhale']
descriptor 3:
[u'pulled', u'behind', u'turned', u'police', u'around', u'back', u'took', u'came', u'ran', u'moved', u'caught', u'front', u'allegedly', u'went', u'found']
descriptor 4:
[u'stupid', u'kinda', u'shit', u'sorta', u'dumb', u'crap', u'weird', u'damn', u'wrong', u'dunno', u'bullshit', u'retarded', u'dumbass', u'idiot', u'messed']
descriptor 5:
[u'extraterrestrial', u'lifeform', u'mutant', u'demonic', u'microbes', u'organisms', u'phenomena', u'humanoid', u'infiltration', u'primordial', u'organism', u'metaphasic', u'mutants', u'poisonous', u'occult']
descriptor 6:
[u'hey', u'ummm', u'dude', u'hello', u'yeah', u'yep', u'uhh', u'yup', u'fuck', u'bro', u'awww', u'huh', u'geez', u'ohh', u'heh']
descriptor 7:
[u'gallons', u'debris', u'inches', u'upwards', u'limbs', u'vessels', u'cooled', u'compartment', u'beneath', u'shells', u'gallon', u'barrels', u'hauled', u'meters', u'vessel']
descriptor 8:
[u'dispatcher', u'pager', u'transponder', u'sender', u'modem', u'speedometer', u'schematics', u'ext', u'ssh', u'verify', u'socket', u'whatsamatter', u'module', u'sensor', u'hardwired']
descriptor 9:
[u'fucken', u'fuckin', u'shits', u'woulda', u'nigga', u'shoulda', u'gettin', u'musta', u'niggas', u'uhh', u'hah', u'motherfuckin', u'motherfucker', u'fucker', u'coulda']
descriptor 10:
[u'playin', u'watchin', u'hangin', u'mornin', u'headin', u'bingy', u'evenin', u'messin', u'singin', u'meetin', u'huntin', u'tomorra', u'beatin', u'talkin', u'goin']
descriptor 11:
[u'sooze', u'thorpey', u'teschmacher', u'matuschka', u'flynne', u'vitone', u'barrenger', u'sheronda', u'jankis', u'elois', u'stetz', u'tremoille', u'lestercorp', u'sultenfuss', u'anyroad']
descriptor 12:
[u'weekend', u'tomorrow', u'weeks', u'week', u'spend', u'weekends', u'went', u'going', u'spent', u'gone', u'gonna', u'awhile', u'got', u'tonight', u'ended']
descriptor 13:
[u'swung', u'slid', u'sideways', u'locking', u'upward', u'bolt', u'lock', u'twisting', u'sliding', u'crease', u'shoulder', u'straps', u'front', u'leans', u'fasten']
descriptor 14:
[u'headquarters', u'commonwealth', u'district', u'offices', u'municipal', u'metropolitan', u'representatives', u'bureau', u'kilometers', u'treasurer', u'annual', u'superintendent', u'northeast', u'southeast', u'riverside']
descriptor 15:
[u'lovely', u'elegant', u'fabulous', u'tasty', u'delightful', u'stylish', u'delicious', u'gorgeous', u'yummy', u'colorful', u'wonderful', u'exquisite', u'fantastic', u'nice', u'superb']
descriptor 16:
[u'particularly', u'although', u'especially', u'however', u'whereas', u'relatively', u'periods', u'generally', u'quite', u'somewhat', u'extent', u'significant', u'though', u'much', u'achieved']
descriptor 17:
[u'whatsamatter', u'christsakes', u'ohmigod', u'ssssh', u'hmmph', u'righto', u'flynne', u'godammit', u'omigod', u'rasczak', u'crissake', u'shhhhh', u'anyroad', u'wladek', u'waddaya']
descriptor 18:
[u'afford', u'obtain', u'require', u'maintain', u'reduce', u'generate', u'insure', u'paying', u'money', u'costs', u'invest', u'needing', u'adequate', u'pay', u'depend']
descriptor 19:
[u'know', u'tell', u'ask', u'hesitate', u'think', u'want', u'wondered', u'figured', u'presume', u'surprised', u'wondering', u'knew', u'asked', u'wanted', u'wish']
descriptor 20:
[u'sir', u'brigadier', u'admiral', u'hon', u'launcelot', u'lieutenant', u'excellency', u'norrington', u'capt', u'bedevere', u'worf', u'colonel', u'gawain', u'brig', u'scagnetti']
descriptor 21:
[u'podiatrist', u'rooming', u'wynant', u'lathrop', u'upham', u'springwood', u'closets', u'washroom', u'apartments', u'cardiologist', u'greenleaf', u'lipnik', u'lodgings', u'chiropractor', u'receptionist']
descriptor 22:
[u'anyroad', u'teschmacher', u'smoother', u'nervousness', u'previsions', u'smoothly', u'stooling', u'womanly', u'reassuring', u'delicate', u'crissake', u'disorientation', u'straightforward', u'exceedingly', u'sufficiently']
descriptor 23:
[u'inquiry', u'counsel', u'consent', u'conduct', u'defendant', u'testimony', u'concerning', u'regarding', u'stated', u'regard', u'requesting', u'behalf', u'requested', u'inform', u'statements']
descriptor 24:
[u'selected', u'component', u'composite', u'integrated', u'module', u'includes', u'processing', u'communications', u'aerospace', u'application', u'retrieval', u'advanced', u'output', u'data', u'acquisition']
writing trajectories...
done with epoch:  0  cost = 559.4010259409371 time:  666.782204151
descriptor 0:
[u'conquer', u'unite', u'enemies', u'dominate', u'embrace', u'inspire', u'strive', u'evolve', u'defy', u'topple', u'annihilate', u'destroy', u'mortals', u'succeed', u'yearn']
descriptor 1:
[u'father', u'deceased', u'servant', u'hath', u'daughters', u'mother', u'betrayed', u'widow', u'beloved', u'daughter', u'grandmother', u'blessed', u'fathers', u'grandfather', u'savior']
descriptor 2:
[u'wanna', u'lick', u'fuck', u'bitches', u'bitch', u'cunt', u'fuckers', u'fucker', u'piss', u'pussy', u'gon', u'kneel', u'nigga', u'breathe', u'suckin']
descriptor 3:
[u'pulled', u'turned', u'behind', u'took', u'caught', u'moved', u'came', u'ran', u'pushed', u'allegedly', u'police', u'went', u'got', u'picked', u'around']
descriptor 4:
[u'stupid', u'kinda', u'crap', u'wrong', u'shit', u'awful', u'dumb', u'weird', u'sorta', u'damn', u'idiot', u'horrible', u'bullshit', u'bothers', u'dumbass']
descriptor 5:
[u'extraterrestrial', u'mutant', u'reptilian', u'demonic', u'mutated', u'humanoid', u'primordial', u'lifeform', u'occult', u'microbes', u'organism', u'organisms', u'mutants', u'grotesque', u'alien']
descriptor 6:
[u'hey', u'hello', u'ummm', u'dude', u'yeah', u'yep', u'yup', u'uhh', u'huh', u'yay', u'fuck', u'awww', u'ahh', u'heh', u'ohh']
descriptor 7:
[u'gallons', u'cooled', u'shells', u'ounces', u'barrels', u'debris', u'vessels', u'gallon', u'inches', u'melted', u'dried', u'compartment', u'limbs', u'drying', u'meters']
descriptor 8:
[u'dispatcher', u'transponder', u'pager', u'sender', u'modem', u'module', u'transmitter', u'verify', u'ext', u'configuration', u'ssh', u'speedometer', u'socket', u'encryption', u'detector']
descriptor 9:
[u'fucken', u'fuckin', u'woulda', u'shits', u'nigga', u'shoulda', u'gettin', u'motherfuckin', u'wearin', u'musta', u'niggas', u'fucker', u'coulda', u'motherfucking', u'beatin']
descriptor 10:
[u'lipnik', u'mornin', u'tomorra', u'bingy', u'bodwin', u'playin', u'catchin', u'watchin', u'evenin', u'huntin', u'messin', u'vinovich', u'hangin', u'meetin', u'quittin']
descriptor 11:
[u'thorpey', u'sooze', u'elois', u'teschmacher', u'flynne', u'sheronda', u'jankis', u'matuschka', u'vitone', u'tremoille', u'pimenov', u'lestercorp', u'sultenfuss', u'rieper', u'fedorchuk']
descriptor 12:
[u'tomorrow', u'weekend', u'week', u'weeks', u'weekends', u'day', u'gone', u'awhile', u'went', u'tonight', u'days', u'last', u'ended', u'hopefully', u'finally']
descriptor 13:
[u'right', u'corner', u'furthest', u'swung', u'left', u'front', u'sideways', u'opposite', u'walkway', u'positioned', u'leaning', u'upward', u'slid', u'leans', u'ledge']
descriptor 14:
[u'commonwealth', u'headquarters', u'offices', u'representatives', u'district', u'municipal', u'metropolitan', u'kilometers', u'bureau', u'northeast', u'southeast', u'commerce', u'east', u'plaza', u'riverside']
descriptor 15:
[u'lovely', u'elegant', u'tasty', u'delicious', u'fabulous', u'delightful', u'wonderful', u'stylish', u'superb', u'exquisite', u'yummy', u'fantastic', u'gorgeous', u'nice', u'colorful']
descriptor 16:
[u'particularly', u'periods', u'although', u'especially', u'years', u'generally', u'whereas', u'experience', u'however', u'relatively', u'significant', u'studying', u'studied', u'extent', u'difficult']
descriptor 17:
[u'ahhhhhh', u'righto', u'ummmm', u'christsakes', u'whatsamatter', u'ohmigod', u'uhhh', u'hmmph', u'goddamnit', u'anyroad', u'aaah', u'godammit', u'shhhhhh', u'shhhhh', u'ssssh']
descriptor 18:
[u'money', u'afford', u'paying', u'obtain', u'invest', u'costs', u'insure', u'reduce', u'pay', u'require', u'payments', u'expense', u'maintain', u'profits', u'finances']
descriptor 19:
[u'know', u'tell', u'ask', u'think', u'figured', u'want', u'knew', u'presume', u'anybody', u'wanted', u'sure', u'hesitate', u'wondered', u'anyone', u'wish']
descriptor 20:
[u'sir', u'brigadier', u'admiral', u'capt', u'lieutenant', u'colonel', u'launcelot', u'excellency', u'captain', u'norrington', u'gawain', u'brig', u'worf', u'hon', u'barbossa']
descriptor 21:
[u'closets', u'bedrooms', u'washroom', u'rooming', u'bedroom', u'downstairs', u'apartments', u'upstairs', u'dorms', u'loft', u'apartment', u'bathrooms', u'spacious', u'courtyard', u'bunks']
descriptor 22:
[u'anyroad', u'nervousness', u'reassuring', u'exceedingly', u'womanly', u'teschmacher', u'sufficiently', u'subdued', u'reflexes', u'delicate', u'crissake', u'aroused', u'arousing', u'christsake', u'momentarily']
descriptor 23:
[u'conduct', u'inquiry', u'consent', u'regard', u'counsel', u'stated', u'prosecution', u'statements', u'discretion', u'requested', u'contrary', u'concluded', u'defendant', u'judicial', u'concerning']
descriptor 24:
[u'selected', u'composite', u'module', u'component', u'advanced', u'includes', u'catalog', u'completed', u'application', u'integrated', u'configuration', u'data', u'retrieval', u'evaluation', u'edition']
writing trajectories...
done with epoch:  1  cost = 538.5500445370119 time:  679.093456984
descriptor 0:
[u'conquer', u'unite', u'enemies', u'dominate', u'inspire', u'strive', u'embrace', u'topple', u'annihilate', u'destroy', u'evolve', u'defy', u'succeed', u'compete', u'abandon']
descriptor 1:
[u'father', u'deceased', u'servant', u'hath', u'mother', u'daughters', u'betrayed', u'savior', u'widow', u'beloved', u'grandmother', u'blessed', u'fathers', u'grandfather', u'daughter']
descriptor 2:
[u'wanna', u'bitches', u'lick', u'fuck', u'bitch', u'cunt', u'nigga', u'fuckers', u'niggas', u'gon', u'callin', u'tryin', u'breathe', u'fuckin', u'fucker']
descriptor 3:
[u'pulled', u'turned', u'took', u'caught', u'behind', u'looked', u'police', u'allegedly', u'moved', u'ran', u'came', u'pushed', u'stepped', u'went', u'arrested']
descriptor 4:
[u'stupid', u'crap', u'kinda', u'awful', u'shit', u'dumb', u'idiot', u'bullshit', u'horrible', u'wrong', u'weird', u'damn', u'ridiculous', u'frankly', u'bothers']
descriptor 5:
[u'occult', u'extraterrestrial', u'reptilian', u'demonic', u'mutated', u'microbes', u'mutant', u'primordial', u'mutants', u'grotesque', u'phenomena', u'humanoid', u'infested', u'organisms', u'poisonous']
descriptor 6:
[u'hey', u'hello', u'yeah', u'yep', u'dude', u'yup', u'ummm', u'yay', u'uhh', u'awww', u'bro', u'ahh', u'huh', u'ohh', u'fuck']
descriptor 7:
[u'gallons', u'shells', u'debris', u'barrels', u'ounces', u'cooled', u'compartment', u'inches', u'drying', u'melted', u'vessels', u'gallon', u'dried', u'cans', u'dioxide']
descriptor 8:
[u'dispatcher', u'transponder', u'pager', u'sender', u'modem', u'transmitter', u'locksmith', u'module', u'configuration', u'detector', u'ext', u'deactivate', u'scanner', u'verify', u'decryption']
descriptor 9:
[u'fucken', u'woulda', u'fuckin', u'shoulda', u'nigga', u'gettin', u'motherfuckin', u'shits', u'wearin', u'musta', u'coulda', u'niggas', u'beatin', u'throwin', u'copped']
descriptor 10:
[u'mornin', u'lipnik', u'tomorra', u'bodwin', u'bingy', u'catchin', u'evenin', u'vinovich', u'sheronda', u'huntin', u'quittin', u'playin', u'headin', u'zerzura', u'travelin']
descriptor 11:
[u'thorpey', u'elois', u'flynne', u'teschmacher', u'jankis', u'sheronda', u'sooze', u'matuschka', u'pimenov', u'rieper', u'vitone', u'fedorchuk', u'tremoille', u'fredrica', u'talby']
descriptor 12:
[u'tomorrow', u'weekend', u'gone', u'awhile', u'day', u'went', u'weeks', u'weekends', u'week', u'tonight', u'finally', u'last', u'days', u'night', u'ended']
descriptor 13:
[u'right', u'furthest', u'corner', u'walkway', u'left', u'opposite', u'sideways', u'swung', u'leans', u'intersection', u'ledge', u'leaning', u'front', u'toward', u'slid']
descriptor 14:
[u'commonwealth', u'offices', u'kilometers', u'representatives', u'headquarters', u'metropolitan', u'municipal', u'district', u'northeast', u'bureau', u'southeast', u'hundred', u'east', u'plaza', u'north']
descriptor 15:
[u'tasty', u'elegant', u'lovely', u'delicious', u'delightful', u'fabulous', u'superb', u'wonderful', u'stylish', u'exquisite', u'yummy', u'nice', u'fantastic', u'excellent', u'gorgeous']
descriptor 16:
[u'periods', u'particularly', u'years', u'although', u'generally', u'especially', u'experience', u'whereas', u'relatively', u'significant', u'studying', u'extent', u'studied', u'however', u'often']
descriptor 17:
[u'ahhhhhh', u'goddamnit', u'righto', u'ummmm', u'christsakes', u'uhhh', u'ohmigod', u'godammit', u'hmmph', u'aaah', u'nooooo', u'whatsamatter', u'goddamit', u'shhhhhh', u'anyroad']
descriptor 18:
[u'money', u'afford', u'paying', u'invest', u'costs', u'insure', u'obtain', u'reduce', u'pay', u'payments', u'require', u'profits', u'expense', u'cost', u'maintain']
descriptor 19:
[u'know', u'tell', u'ask', u'think', u'knew', u'figured', u'want', u'anybody', u'sure', u'wanted', u'anyone', u'presume', u'wondered', u'understand', u'believe']
descriptor 20:
[u'sir', u'brigadier', u'admiral', u'capt', u'lieutenant', u'colonel', u'excellency', u'captain', u'brig', u'launcelot', u'worf', u'commander', u'norrington', u'gawain', u'barbossa']
descriptor 21:
[u'closets', u'washroom', u'bedrooms', u'bedroom', u'rooming', u'upstairs', u'downstairs', u'bathrooms', u'apartments', u'dorms', u'loft', u'basement', u'spacious', u'apartment', u'furniture']
descriptor 22:
[u'exceedingly', u'reassuring', u'demure', u'anyroad', u'momentarily', u'delicate', u'extraordinarily', u'nervousness', u'arousing', u'flattering', u'remarkably', u'exceptionally', u'aroused', u'womanly', u'seeming']
descriptor 23:
[u'conduct', u'inquiry', u'consent', u'stated', u'prosecution', u'instructed', u'counsel', u'requested', u'regard', u'refusal', u'discretion', u'judicial', u'defendant', u'statements', u'concluded']
descriptor 24:
[u'selected', u'component', u'composite', u'includes', u'catalog', u'advanced', u'edition', u'module', u'introduction', u'evaluation', u'illustrated', u'final', u'reference', u'sequence', u'integrated']
writing trajectories...
done with epoch:  2  cost = 533.5774906319169 time:  682.176070929
descriptor 0:
[u'conquer', u'unite', u'dominate', u'inspire', u'enemies', u'strive', u'embrace', u'compete', u'succeed', u'evolve', u'abandon', u'engage', u'topple', u'annihilate', u'destroy']
descriptor 1:
[u'father', u'deceased', u'servant', u'hath', u'mother', u'daughters', u'savior', u'widow', u'betrayed', u'beloved', u'blessed', u'grandmother', u'god', u'grandfather', u'fathers']
descriptor 2:
[u'wanna', u'bitches', u'lick', u'fuck', u'bitch', u'breathe', u'kneel', u'fuckers', u'cunt', u'inhale', u'gon', u'tryin', u'niggas', u'shutup', u'piss']
descriptor 3:
[u'pulled', u'turned', u'caught', u'looked', u'took', u'behind', u'allegedly', u'police', u'girl', u'looking', u'moved', u'couple', u'pushed', u'getting', u'woman']
descriptor 4:
[u'stupid', u'crap', u'kinda', u'awful', u'shit', u'dumb', u'bullshit', u'idiot', u'frankly', u'weird', u'ridiculous', u'damn', u'horrible', u'bothers', u'wrong']
descriptor 5:
[u'extraterrestrial', u'mutated', u'reptilian', u'occult', u'demonic', u'microbes', u'infested', u'primordial', u'phenomena', u'mutant', u'mutants', u'grotesque', u'humanoid', u'parasites', u'subterranean']
descriptor 6:
[u'hey', u'hello', u'yep', u'yay', u'yeah', u'dude', u'yup', u'ummm', u'huh', u'awww', u'bro', u'ahh', u'heh', u'uhh', u'cute']
descriptor 7:
[u'gallons', u'debris', u'barrels', u'shells', u'ounces', u'cooled', u'vessels', u'compartment', u'drying', u'dried', u'gallon', u'inches', u'melted', u'cans', u'lid']
descriptor 8:
[u'transponder', u'dispatcher', u'pager', u'modem', u'sender', u'transmitter', u'scanner', u'locksmith', u'configuration', u'module', u'detector', u'ext', u'verify', u'finder', u'deactivate']
descriptor 9:
[u'fucken', u'woulda', u'fuckin', u'nigga', u'motherfuckin', u'shoulda', u'gettin', u'shits', u'wearin', u'beatin', u'coulda', u'niggas', u'musta', u'motherfucking', u'fucker']
descriptor 10:
[u'lipnik', u'tomorra', u'mornin', u'bodwin', u'bingy', u'vinovich', u'catchin', u'quittin', u'mackelway', u'sheronda', u'zerzura', u'huntin', u'carjack', u'evenin', u'sooze']
descriptor 11:
[u'thorpey', u'elois', u'jankis', u'teschmacher', u'flynne', u'sheronda', u'sooze', u'fedorchuk', u'matuschka', u'rieper', u'pimenov', u'talby', u'fredrica', u'thuggees', u'vitone']
descriptor 12:
[u'tomorrow', u'weekend', u'gone', u'awhile', u'day', u'weeks', u'weekends', u'went', u'week', u'days', u'tonight', u'night', u'stayed', u'last', u'afternoon']
descriptor 13:
[u'right', u'furthest', u'corner', u'intersection', u'opposite', u'left', u'walkway', u'sideways', u'ledge', u'swung', u'leans', u'leaning', u'positioned', u'toward', u'farther']
descriptor 14:
[u'offices', u'commonwealth', u'representatives', u'kilometers', u'metropolitan', u'hundred', u'thousand', u'fifty', u'municipal', u'headquarters', u'seventy', u'eighty', u'bureau', u'district', u'northeast']
descriptor 15:
[u'tasty', u'lovely', u'elegant', u'delicious', u'fabulous', u'delightful', u'superb', u'wonderful', u'excellent', u'fantastic', u'exquisite', u'nice', u'yummy', u'stylish', u'perfect']
descriptor 16:
[u'periods', u'particularly', u'years', u'although', u'generally', u'whereas', u'studied', u'observed', u'significant', u'especially', u'extent', u'experience', u'studying', u'relatively', u'achieved']
descriptor 17:
[u'ahhhhhh', u'goddamnit', u'ummmm', u'uhhh', u'nooooo', u'righto', u'goddamit', u'godammit', u'nooo', u'yesss', u'aaah', u'christsakes', u'ohmygod', u'noooo', u'hmmph']
descriptor 18:
[u'money', u'afford', u'paying', u'obtain', u'costs', u'invest', u'insure', u'pay', u'reduce', u'require', u'cost', u'profits', u'payments', u'expense', u'cheaper']
descriptor 19:
[u'know', u'tell', u'ask', u'think', u'knew', u'figured', u'anybody', u'sure', u'want', u'wondered', u'understand', u'presume', u'anyone', u'believe', u'lemme']
descriptor 20:
[u'sir', u'brigadier', u'admiral', u'capt', u'colonel', u'lieutenant', u'excellency', u'brig', u'captain', u'launcelot', u'commander', u'worf', u'norrington', u'cornwallis', u'barbossa']
descriptor 21:
[u'closets', u'washroom', u'downstairs', u'upstairs', u'bedroom', u'bedrooms', u'basement', u'bathrooms', u'loft', u'spacious', u'rooming', u'dorms', u'furniture', u'apartment', u'appliances']
descriptor 22:
[u'exceedingly', u'demure', u'reassuring', u'momentarily', u'arousing', u'anyroad', u'extraordinarily', u'fleeting', u'delicate', u'flattering', u'seeming', u'aroused', u'nervousness', u'graceful', u'remarkably']
descriptor 23:
[u'conduct', u'consent', u'inquiry', u'prosecution', u'refusal', u'instructed', u'counsel', u'stated', u'judicial', u'requested', u'discretion', u'defendant', u'authorities', u'regard', u'concluded']
descriptor 24:
[u'selected', u'includes', u'component', u'catalog', u'composite', u'edition', u'advanced', u'final', u'introduction', u'module', u'application', u'evaluation', u'sheet', u'series', u'presentation']
writing trajectories...
done with epoch:  3  cost = 530.3142104094629 time:  691.444738865
descriptor 0:
[u'conquer', u'dominate', u'unite', u'inspire', u'enemies', u'strive', u'compete', u'embrace', u'succeed', u'engage', u'abandon', u'evolve', u'destroy', u'topple', u'annihilate']
descriptor 1:
[u'father', u'deceased', u'servant', u'hath', u'mother', u'savior', u'betrayed', u'daughters', u'beloved', u'god', u'widow', u'blessed', u'thy', u'murdered', u'grandmother']
descriptor 2:
[u'wanna', u'bitches', u'lick', u'fuck', u'breathe', u'bitch', u'fuckers', u'kneel', u'inhale', u'relax', u'callin', u'cunt', u'cryin', u'scream', u'gon']
descriptor 3:
[u'pulled', u'turned', u'took', u'looked', u'caught', u'behind', u'moved', u'allegedly', u'police', u'recently', u'looking', u'girl', u'couple', u'came', u'picked']
descriptor 4:
[u'stupid', u'crap', u'kinda', u'awful', u'shit', u'bullshit', u'dumb', u'frankly', u'weird', u'idiot', u'damn', u'ridiculous', u'bothers', u'horrible', u'nobody']
descriptor 5:
[u'mutated', u'reptilian', u'extraterrestrial', u'occult', u'microbes', u'primordial', u'humanoid', u'demonic', u'jellyfish', u'infested', u'phenomena', u'mutant', u'parasites', u'mutants', u'organisms']
descriptor 6:
[u'hey', u'hello', u'yep', u'yay', u'dude', u'yeah', u'yup', u'ummm', u'bro', u'awww', u'huh', u'ahh', u'fuck', u'cute', u'ohh']
descriptor 7:
[u'gallons', u'debris', u'shells', u'barrels', u'dried', u'cooled', u'drying', u'ounces', u'melted', u'compartment', u'vessels', u'lid', u'inches', u'gallon', u'cans']
descriptor 8:
[u'transponder', u'dispatcher', u'pager', u'modem', u'sender', u'transmitter', u'locksmith', u'scanner', u'configuration', u'detector', u'module', u'deactivate', u'verify', u'finder', u'ext']
descriptor 9:
[u'fucken', u'fuckin', u'woulda', u'motherfuckin', u'gettin', u'nigga', u'shits', u'shoulda', u'beatin', u'wearin', u'motherfucking', u'niggas', u'fucker', u'coulda', u'throwin']
descriptor 10:
[u'lipnik', u'bodwin', u'tomorra', u'bingy', u'mornin', u'vinovich', u'sheronda', u'quittin', u'mackelway', u'catchin', u'zerzura', u'huntin', u'headin', u'sooze', u'carjack']
descriptor 11:
[u'thorpey', u'elois', u'jankis', u'teschmacher', u'sheronda', u'flynne', u'sooze', u'fedorchuk', u'fredrica', u'pimenov', u'rieper', u'matuschka', u'talby', u'burgel', u'candaules']
descriptor 12:
[u'tomorrow', u'weekend', u'awhile', u'gone', u'day', u'weeks', u'weekends', u'went', u'week', u'stayed', u'days', u'tonight', u'last', u'afternoon', u'night']
descriptor 13:
[u'furthest', u'right', u'corner', u'intersection', u'walkway', u'opposite', u'ledge', u'sideways', u'left', u'upriver', u'farther', u'leaning', u'leans', u'swung', u'slope']
descriptor 14:
[u'offices', u'commonwealth', u'representatives', u'metropolitan', u'hundred', u'kilometers', u'thousand', u'fifty', u'municipal', u'headquarters', u'seventy', u'eighty', u'district', u'bureau', u'million']
descriptor 15:
[u'tasty', u'elegant', u'delicious', u'lovely', u'fabulous', u'superb', u'delightful', u'excellent', u'nice', u'wonderful', u'fantastic', u'exquisite', u'stylish', u'yummy', u'perfect']
descriptor 16:
[u'periods', u'particularly', u'years', u'whereas', u'although', u'generally', u'studied', u'experience', u'studying', u'observed', u'significant', u'extent', u'especially', u'achieved', u'relatively']
descriptor 17:
[u'ahhhhhh', u'goddamnit', u'nooooo', u'ummmm', u'righto', u'uhhh', u'nooo', u'yesss', u'goddamit', u'godammit', u'aaah', u'noooo', u'ohmygod', u'ooops', u'ohhhh']
descriptor 18:
[u'money', u'afford', u'paying', u'obtain', u'costs', u'invest', u'insure', u'pay', u'reduce', u'require', u'payments', u'cost', u'expense', u'profits', u'cheaper']
descriptor 19:
[u'know', u'tell', u'think', u'ask', u'knew', u'anybody', u'figured', u'sure', u'want', u'anyone', u'understand', u'wanted', u'believe', u'wondered', u'lemme']
descriptor 20:
[u'sir', u'brigadier', u'admiral', u'capt', u'colonel', u'lieutenant', u'excellency', u'captain', u'brig', u'commander', u'launcelot', u'worf', u'cornwallis', u'norrington', u'knighted']
descriptor 21:
[u'closets', u'downstairs', u'upstairs', u'washroom', u'basement', u'bedroom', u'bedrooms', u'bathrooms', u'spacious', u'loft', u'dorms', u'rooming', u'furniture', u'dorm', u'cabinets']
descriptor 22:
[u'demure', u'exceedingly', u'reassuring', u'flattering', u'extraordinarily', u'fleeting', u'momentarily', u'anyroad', u'arousing', u'disconcerting', u'seeming', u'graceful', u'remarkably', u'aroused', u'apprehensive']
descriptor 23:
[u'conduct', u'consent', u'prosecution', u'instructed', u'inquiry', u'stated', u'refusal', u'counsel', u'requested', u'discretion', u'defendant', u'judicial', u'regard', u'concluded', u'authorities']
descriptor 24:
[u'selected', u'includes', u'component', u'edition', u'catalog', u'composite', u'advanced', u'introduction', u'final', u'illustrated', u'presentation', u'series', u'evaluation', u'module', u'published']
writing trajectories...
done with epoch:  4  cost = 527.8014531604424 time:  698.969785929
descriptor 0:
[u'conquer', u'dominate', u'inspire', u'unite', u'enemies', u'embrace', u'compete', u'strive', u'succeed', u'abandon', u'engage', u'evolve', u'destroy', u'annihilate', u'topple']
descriptor 1:
[u'father', u'deceased', u'hath', u'servant', u'mother', u'savior', u'god', u'blessed', u'daughters', u'beloved', u'lord', u'betrayed', u'thy', u'widow', u'fathers']
descriptor 2:
[u'wanna', u'bitches', u'lick', u'fuck', u'breathe', u'inhale', u'kneel', u'bitch', u'callin', u'relax', u'fuckers', u'gon', u'niggas', u'cryin', u'shutup']
descriptor 3:
[u'turned', u'pulled', u'looked', u'caught', u'took', u'girl', u'allegedly', u'looking', u'police', u'woman', u'behind', u'couple', u'moved', u'picked', u'recently']
descriptor 4:
[u'stupid', u'crap', u'kinda', u'awful', u'dumb', u'shit', u'bullshit', u'frankly', u'weird', u'idiot', u'ridiculous', u'damn', u'bothers', u'silly', u'horrible']
descriptor 5:
[u'mutated', u'reptilian', u'extraterrestrial', u'occult', u'infested', u'microbes', u'demonic', u'parasites', u'primordial', u'cannibal', u'grotesque', u'phenomena', u'parasite', u'humanoid', u'mutant']
descriptor 6:
[u'hey', u'hello', u'yep', u'yay', u'dude', u'yup', u'yeah', u'ummm', u'bro', u'huh', u'awww', u'cute', u'ahh', u'sweetie', u'uhh']
descriptor 7:
[u'gallons', u'shells', u'debris', u'ounces', u'cooled', u'dried', u'melted', u'barrels', u'drying', u'compartment', u'lid', u'vessels', u'inches', u'gallon', u'cans']
descriptor 8:
[u'dispatcher', u'transponder', u'pager', u'modem', u'sender', u'scanner', u'transmitter', u'configuration', u'locksmith', u'deactivate', u'module', u'password', u'detector', u'verify', u'forwarding']
descriptor 9:
[u'fucken', u'fuckin', u'motherfuckin', u'woulda', u'nigga', u'gettin', u'shits', u'shoulda', u'beatin', u'wearin', u'niggas', u'motherfucking', u'fucker', u'musta', u'coulda']
descriptor 10:
[u'lipnik', u'bodwin', u'tomorra', u'mornin', u'bingy', u'sheronda', u'vinovich', u'mackelway', u'quittin', u'lateesha', u'carjack', u'catchin', u'headin', u'zerzura', u'huntin']
descriptor 11:
[u'thorpey', u'elois', u'jankis', u'sheronda', u'teschmacher', u'flynne', u'fedorchuk', u'rieper', u'fredrica', u'candaules', u'pimenov', u'sooze', u'burgel', u'matuschka', u'talby']
descriptor 12:
[u'tomorrow', u'weekend', u'awhile', u'weeks', u'day', u'gone', u'went', u'week', u'weekends', u'afternoon', u'last', u'arrived', u'days', u'yesterday', u'night']
descriptor 13:
[u'furthest', u'right', u'intersection', u'walkway', u'corner', u'opposite', u'ledge', u'left', u'upriver', u'sideways', u'heading', u'farther', u'positioned', u'embankment', u'slope']
descriptor 14:
[u'hundred', u'offices', u'thousand', u'fifty', u'kilometers', u'commonwealth', u'representatives', u'seventy', u'metropolitan', u'eighty', u'thirty', u'forty', u'sixty', u'twenty', u'municipal']
descriptor 15:
[u'tasty', u'delicious', u'elegant', u'lovely', u'superb', u'excellent', u'nice', u'fabulous', u'delightful', u'exquisite', u'fantastic', u'wonderful', u'yummy', u'stylish', u'perfect']
descriptor 16:
[u'periods', u'particularly', u'whereas', u'years', u'generally', u'although', u'studied', u'extent', u'studying', u'experience', u'significant', u'especially', u'observed', u'achieved', u'relatively']
descriptor 17:
[u'ahhhhhh', u'goddamnit', u'nooooo', u'ummmm', u'uhhh', u'nooo', u'yesss', u'righto', u'noooo', u'goddamit', u'ohhhh', u'aaah', u'ohmygod', u'aaaah', u'hmmph']
descriptor 18:
[u'money', u'afford', u'paying', u'obtain', u'costs', u'invest', u'insure', u'reduce', u'pay', u'cost', u'require', u'payments', u'cheaper', u'profits', u'buying']
descriptor 19:
[u'know', u'tell', u'ask', u'think', u'knew', u'anybody', u'sure', u'figured', u'want', u'understand', u'anyone', u'believe', u'wanted', u'wondered', u'presume']
descriptor 20:
[u'sir', u'brigadier', u'admiral', u'capt', u'colonel', u'lieutenant', u'excellency', u'captain', u'brig', u'commander', u'launcelot', u'cornwallis', u'comrade', u'knighted', u'gawain']
descriptor 21:
[u'closets', u'downstairs', u'upstairs', u'washroom', u'basement', u'bedrooms', u'bedroom', u'spacious', u'bathrooms', u'loft', u'dorms', u'kitchen', u'appliances', u'cabinets', u'rooming']
descriptor 22:
[u'demure', u'exceedingly', u'flattering', u'anyroad', u'reassuring', u'fleeting', u'extraordinarily', u'disconcerting', u'graceful', u'momentarily', u'arousing', u'remarkably', u'christsake', u'delicate', u'exceptionally']
descriptor 23:
[u'conduct', u'consent', u'instructed', u'prosecution', u'refusal', u'inquiry', u'stated', u'counsel', u'requested', u'defendant', u'authorities', u'concluded', u'discretion', u'judicial', u'informed']
descriptor 24:
[u'selected', u'includes', u'component', u'catalog', u'edition', u'composite', u'introduction', u'presentation', u'evaluation', u'application', u'published', u'advanced', u'final', u'module', u'illustrated']
writing trajectories...
done with epoch:  5  cost = 526.5338391665172 time:  694.396232128
descriptor 0:
[u'dominate', u'conquer', u'compete', u'unite', u'inspire', u'strive', u'succeed', u'enemies', u'embrace', u'engage', u'abandon', u'destroy', u'evolve', u'topple', u'annihilate']
descriptor 1:
[u'father', u'deceased', u'hath', u'servant', u'savior', u'mother', u'god', u'betrayed', u'blessed', u'beloved', u'thy', u'lord', u'widow', u'daughters', u'unto']
descriptor 2:
[u'wanna', u'bitches', u'breathe', u'lick', u'fuck', u'inhale', u'kneel', u'relax', u'bitch', u'callin', u'fuckers', u'bathe', u'tryin', u'cryin', u'gon']
descriptor 3:
[u'turned', u'pulled', u'looked', u'girl', u'took', u'caught', u'looking', u'allegedly', u'behind', u'woman', u'police', u'couple', u'recently', u'moved', u'picked']
descriptor 4:
[u'stupid', u'crap', u'kinda', u'awful', u'dumb', u'shit', u'bullshit', u'frankly', u'weird', u'idiot', u'ridiculous', u'bothers', u'damn', u'silly', u'annoying']
descriptor 5:
[u'mutated', u'extraterrestrial', u'reptilian', u'occult', u'infested', u'primordial', u'microbes', u'demonic', u'grotesque', u'parasites', u'phenomena', u'cannibal', u'parasite', u'jellyfish', u'poisonous']
descriptor 6:
[u'hey', u'hello', u'yep', u'yay', u'yeah', u'yup', u'dude', u'ummm', u'bro', u'huh', u'awww', u'cute', u'ahh', u'sweetie', u'aww']
descriptor 7:
[u'gallons', u'shells', u'debris', u'dried', u'barrels', u'ounces', u'cooled', u'drying', u'melted', u'vessels', u'compartment', u'lid', u'inches', u'dipped', u'limbs']
descriptor 8:
[u'dispatcher', u'transponder', u'pager', u'modem', u'sender', u'scanner', u'configuration', u'transmitter', u'deactivate', u'module', u'detector', u'locksmith', u'verify', u'ext', u'password']
descriptor 9:
[u'fucken', u'fuckin', u'motherfuckin', u'gettin', u'nigga', u'woulda', u'shits', u'beatin', u'shoulda', u'motherfucking', u'wearin', u'niggas', u'fucker', u'suckin', u'bangin']
descriptor 10:
[u'lipnik', u'bodwin', u'bingy', u'tomorra', u'mornin', u'sheronda', u'mackelway', u'carjack', u'vinovich', u'quittin', u'hospitalized', u'lateesha', u'catchin', u'headin', u'sorsha']
descriptor 11:
[u'elois', u'thorpey', u'jankis', u'sheronda', u'teschmacher', u'flynne', u'fredrica', u'fedorchuk', u'rieper', u'candaules', u'sooze', u'pimenov', u'burgel', u'matuschka', u'thorkel']
descriptor 12:
[u'tomorrow', u'weekend', u'awhile', u'weeks', u'gone', u'day', u'went', u'week', u'arrived', u'weekends', u'afternoon', u'days', u'last', u'yesterday', u'soon']
descriptor 13:
[u'furthest', u'right', u'intersection', u'walkway', u'opposite', u'corner', u'ledge', u'upriver', u'sideways', u'left', u'farther', u'heading', u'leaning', u'slope', u'positioned']
descriptor 14:
[u'hundred', u'thousand', u'kilometers', u'fifty', u'offices', u'representatives', u'seventy', u'commonwealth', u'eighty', u'thirty', u'forty', u'metropolitan', u'million', u'sixty', u'twenty']
descriptor 15:
[u'tasty', u'elegant', u'delicious', u'lovely', u'superb', u'excellent', u'fabulous', u'nice', u'delightful', u'wonderful', u'fantastic', u'exquisite', u'yummy', u'perfect', u'stylish']
descriptor 16:
[u'periods', u'particularly', u'years', u'whereas', u'although', u'generally', u'studied', u'achieved', u'extent', u'experience', u'studying', u'significant', u'especially', u'relatively', u'observed']
descriptor 17:
[u'ahhhhhh', u'goddamnit', u'nooooo', u'nooo', u'goddamit', u'uhhh', u'yesss', u'noooo', u'ummmm', u'righto', u'ooops', u'ohmygod', u'aaah', u'aaaah', u'godammit']
descriptor 18:
[u'money', u'afford', u'paying', u'costs', u'obtain', u'invest', u'insure', u'reduce', u'pay', u'cost', u'require', u'payments', u'profits', u'cheaper', u'expense']
descriptor 19:
[u'know', u'tell', u'ask', u'think', u'anybody', u'knew', u'figured', u'sure', u'want', u'understand', u'anyone', u'believe', u'wanted', u'wondering', u'wondered']
descriptor 20:
[u'sir', u'brigadier', u'admiral', u'capt', u'colonel', u'lieutenant', u'excellency', u'captain', u'brig', u'commander', u'launcelot', u'hon', u'comrade', u'knighted', u'consul']
descriptor 21:
[u'closets', u'downstairs', u'upstairs', u'washroom', u'basement', u'bedrooms', u'bedroom', u'spacious', u'loft', u'courtyard', u'skylight', u'bathrooms', u'kitchen', u'dorms', u'patio']
descriptor 22:
[u'demure', u'exceedingly', u'reassuring', u'flattering', u'anyroad', u'fleeting', u'disconcerting', u'extraordinarily', u'momentarily', u'graceful', u'arousing', u'remarkably', u'endearing', u'seeming', u'perceptive']
descriptor 23:
[u'conduct', u'consent', u'prosecution', u'instructed', u'stated', u'refusal', u'counsel', u'defendant', u'inquiry', u'requested', u'judicial', u'concluded', u'authorities', u'discretion', u'informed']
descriptor 24:
[u'includes', u'selected', u'edition', u'component', u'catalog', u'introduction', u'published', u'composite', u'presentation', u'series', u'final', u'application', u'reference', u'evaluation', u'digital']
writing trajectories...
done with epoch:  6  cost = 524.9109775769568 time:  702.968485117
descriptor 0:
[u'dominate', u'conquer', u'compete', u'inspire', u'unite', u'enemies', u'succeed', u'embrace', u'strive', u'engage', u'abandon', u'destroy', u'evolve', u'defend', u'topple']
descriptor 1:
[u'father', u'deceased', u'servant', u'hath', u'mother', u'savior', u'god', u'betrayed', u'beloved', u'lord', u'widow', u'blessed', u'thy', u'daughters', u'grandfather']
descriptor 2:
[u'wanna', u'bitches', u'lick', u'breathe', u'kneel', u'fuck', u'relax', u'inhale', u'bitch', u'callin', u'bathe', u'gon', u'fuckers', u'listen', u'please']
descriptor 3:
[u'turned', u'pulled', u'looked', u'girl', u'took', u'looking', u'caught', u'woman', u'police', u'allegedly', u'behind', u'couple', u'recently', u'moved', u'arrested']
descriptor 4:
[u'stupid', u'crap', u'kinda', u'awful', u'frankly', u'bullshit', u'shit', u'dumb', u'weird', u'bothers', u'ridiculous', u'idiot', u'damn', u'sounded', u'annoying']
descriptor 5:
[u'mutated', u'extraterrestrial', u'reptilian', u'occult', u'primordial', u'infested', u'phenomena', u'microbes', u'parasites', u'demonic', u'organisms', u'jellyfish', u'mutants', u'grotesque', u'cannibal']
descriptor 6:
[u'hey', u'hello', u'yep', u'yay', u'yup', u'yeah', u'dude', u'ummm', u'huh', u'awww', u'bro', u'cute', u'ahh', u'sweetie', u'heh']
descriptor 7:
[u'shells', u'gallons', u'debris', u'dried', u'ounces', u'melted', u'barrels', u'cooled', u'drying', u'lid', u'compartment', u'vessels', u'inches', u'dipped', u'aluminum']
descriptor 8:
[u'transponder', u'dispatcher', u'pager', u'modem', u'sender', u'transmitter', u'configuration', u'scanner', u'deactivate', u'module', u'detector', u'verify', u'locksmith', u'disable', u'ext']
descriptor 9:
[u'fucken', u'fuckin', u'motherfuckin', u'gettin', u'nigga', u'shits', u'woulda', u'beatin', u'wearin', u'motherfucking', u'shoulda', u'niggas', u'bangin', u'fucker', u'suckin']
descriptor 10:
[u'lipnik', u'bodwin', u'bingy', u'mackelway', u'sheronda', u'tomorra', u'mornin', u'carjack', u'lateesha', u'vinovich', u'quittin', u'sorsha', u'sooze', u'teschmacher', u'zerzura']
descriptor 11:
[u'thorpey', u'elois', u'jankis', u'sheronda', u'flynne', u'teschmacher', u'rieper', u'fredrica', u'fedorchuk', u'burgel', u'sooze', u'pimenov', u'candaules', u'thorkel', u'whorfin']
descriptor 12:
[u'tomorrow', u'weekend', u'awhile', u'weeks', u'day', u'gone', u'arrived', u'went', u'week', u'afternoon', u'last', u'stayed', u'days', u'yesterday', u'soon']
descriptor 13:
[u'furthest', u'right', u'intersection', u'walkway', u'opposite', u'corner', u'sideways', u'upriver', u'ledge', u'left', u'heading', u'farther', u'leaning', u'slope', u'leans']
descriptor 14:
[u'hundred', u'thousand', u'fifty', u'kilometers', u'offices', u'seventy', u'commonwealth', u'representatives', u'eighty', u'thirty', u'forty', u'metropolitan', u'sixty', u'million', u'twenty']
descriptor 15:
[u'tasty', u'elegant', u'delicious', u'lovely', u'superb', u'excellent', u'fabulous', u'delightful', u'nice', u'fantastic', u'wonderful', u'exquisite', u'perfect', u'yummy', u'stylish']
descriptor 16:
[u'periods', u'particularly', u'whereas', u'although', u'generally', u'years', u'extent', u'significant', u'studied', u'experience', u'achieved', u'relatively', u'observed', u'studying', u'compared']
descriptor 17:
[u'goddamnit', u'ahhhhhh', u'nooooo', u'goddamit', u'righto', u'nooo', u'uhhh', u'yesss', u'noooo', u'ummmm', u'godammit', u'ohmygod', u'ooops', u'aaah', u'aaaah']
descriptor 18:
[u'money', u'afford', u'obtain', u'paying', u'costs', u'invest', u'insure', u'pay', u'reduce', u'payments', u'cost', u'require', u'cheaper', u'profits', u'buying']
descriptor 19:
[u'know', u'tell', u'ask', u'think', u'anybody', u'figured', u'knew', u'sure', u'want', u'understand', u'lemme', u'anyone', u'believe', u'presume', u'wondering']
descriptor 20:
[u'sir', u'brigadier', u'admiral', u'colonel', u'capt', u'lieutenant', u'excellency', u'captain', u'brig', u'commander', u'launcelot', u'comrade', u'knighted', u'cornwallis', u'hon']
descriptor 21:
[u'closets', u'downstairs', u'upstairs', u'washroom', u'basement', u'bedrooms', u'spacious', u'bedroom', u'loft', u'dorms', u'courtyard', u'bathrooms', u'skylight', u'cabinets', u'kitchen']
descriptor 22:
[u'demure', u'anyroad', u'exceedingly', u'reassuring', u'flattering', u'extraordinarily', u'fleeting', u'disconcerting', u'momentarily', u'christsake', u'remarkably', u'graceful', u'arousing', u'perceptive', u'exceptionally']
descriptor 23:
[u'conduct', u'consent', u'instructed', u'prosecution', u'refusal', u'stated', u'counsel', u'defendant', u'inquiry', u'concluded', u'authorities', u'judicial', u'informed', u'requested', u'argued']
descriptor 24:
[u'includes', u'selected', u'component', u'edition', u'composite', u'catalog', u'presentation', u'introduction', u'digital', u'series', u'published', u'application', u'final', u'advanced', u'module']
writing trajectories...
done with epoch:  7  cost = 523.7647267198871 time:  704.322023153
descriptor 0:
[u'dominate', u'conquer', u'compete', u'inspire', u'unite', u'enemies', u'strive', u'succeed', u'embrace', u'abandon', u'engage', u'destroy', u'evolve', u'annihilate', u'defend']
descriptor 1:
[u'father', u'deceased', u'hath', u'servant', u'mother', u'savior', u'god', u'beloved', u'lord', u'blessed', u'thy', u'betrayed', u'widow', u'daughters', u'fathers']
descriptor 2:
[u'wanna', u'bitches', u'lick', u'breathe', u'kneel', u'fuck', u'relax', u'inhale', u'bitch', u'please', u'bathe', u'callin', u'yell', u'listen', u'fuckers']
descriptor 3:
[u'turned', u'pulled', u'looked', u'girl', u'took', u'looking', u'caught', u'woman', u'allegedly', u'behind', u'police', u'recently', u'couple', u'black', u'shot']
descriptor 4:
[u'stupid', u'crap', u'kinda', u'awful', u'frankly', u'dumb', u'shit', u'bullshit', u'weird', u'bothers', u'ridiculous', u'annoying', u'idiot', u'silly', u'nobody']
descriptor 5:
[u'mutated', u'reptilian', u'extraterrestrial', u'primordial', u'occult', u'infested', u'microbes', u'parasites', u'phenomena', u'grotesque', u'poisonous', u'organisms', u'demonic', u'jellyfish', u'rodents']
descriptor 6:
[u'hey', u'hello', u'yep', u'yay', u'yup', u'yeah', u'dude', u'ummm', u'cute', u'huh', u'bro', u'awww', u'sweetie', u'ahh', u'heh']
descriptor 7:
[u'shells', u'debris', u'gallons', u'dried', u'melted', u'ounces', u'cooled', u'compartment', u'lid', u'barrels', u'drying', u'inches', u'dipped', u'vessels', u'limbs']
descriptor 8:
[u'transponder', u'dispatcher', u'pager', u'modem', u'sender', u'configuration', u'deactivate', u'module', u'transmitter', u'scanner', u'detector', u'disable', u'verify', u'schematics', u'finder']
descriptor 9:
[u'fucken', u'fuckin', u'motherfuckin', u'gettin', u'nigga', u'beatin', u'shits', u'wearin', u'woulda', u'motherfucking', u'niggas', u'fucker', u'bangin', u'shoulda', u'suckin']
descriptor 10:
[u'lipnik', u'bodwin', u'mackelway', u'sheronda', u'bingy', u'tomorra', u'carjack', u'hospitalized', u'quittin', u'lateesha', u'vinovich', u'sooze', u'sorsha', u'teschmacher', u'mornin']
descriptor 11:
[u'thorpey', u'elois', u'jankis', u'flynne', u'sheronda', u'teschmacher', u'rieper', u'fredrica', u'pimenov', u'fedorchuk', u'burgel', u'thorkel', u'candaules', u'sooze', u'talby']
descriptor 12:
[u'tomorrow', u'weekend', u'awhile', u'weeks', u'gone', u'went', u'arrived', u'day', u'afternoon', u'week', u'stayed', u'last', u'yesterday', u'days', u'soon']
descriptor 13:
[u'right', u'furthest', u'intersection', u'opposite', u'walkway', u'sideways', u'corner', u'heading', u'upriver', u'farther', u'ledge', u'slope', u'left', u'leaning', u'ramp']
descriptor 14:
[u'hundred', u'fifty', u'thousand', u'kilometers', u'seventy', u'offices', u'thirty', u'eighty', u'forty', u'commonwealth', u'representatives', u'metropolitan', u'sixty', u'twenty', u'million']
descriptor 15:
[u'tasty', u'elegant', u'delicious', u'lovely', u'superb', u'excellent', u'fabulous', u'delightful', u'nice', u'fantastic', u'wonderful', u'exquisite', u'perfect', u'stylish', u'yummy']
descriptor 16:
[u'periods', u'particularly', u'although', u'whereas', u'generally', u'years', u'studied', u'extent', u'significant', u'experience', u'achieved', u'however', u'studying', u'less', u'relatively']
descriptor 17:
[u'goddamnit', u'ahhhhhh', u'nooooo', u'goddamit', u'uhhh', u'nooo', u'yesss', u'righto', u'ummmm', u'noooo', u'ooops', u'ohmygod', u'aaah', u'godammit', u'aaaah']
descriptor 18:
[u'money', u'afford', u'paying', u'obtain', u'invest', u'costs', u'insure', u'pay', u'reduce', u'cost', u'cheaper', u'require', u'buying', u'payments', u'profits']
descriptor 19:
[u'know', u'tell', u'ask', u'think', u'anybody', u'knew', u'understand', u'figured', u'want', u'sure', u'believe', u'anyone', u'lemme', u'wanted', u'wondering']
descriptor 20:
[u'sir', u'brigadier', u'admiral', u'capt', u'colonel', u'lieutenant', u'excellency', u'captain', u'launcelot', u'brig', u'commander', u'comrade', u'knighted', u'gawain', u'cornwallis']
descriptor 21:
[u'closets', u'downstairs', u'upstairs', u'washroom', u'basement', u'bedrooms', u'bedroom', u'spacious', u'dorms', u'loft', u'cabinets', u'skylight', u'patio', u'desks', u'appliances']
descriptor 22:
[u'demure', u'anyroad', u'flattering', u'exceedingly', u'reassuring', u'disconcerting', u'extraordinarily', u'fleeting', u'christsake', u'momentarily', u'remarkably', u'arousing', u'graceful', u'flattered', u'perceptive']
descriptor 23:
[u'conduct', u'consent', u'prosecution', u'instructed', u'refusal', u'counsel', u'stated', u'defendant', u'inquiry', u'requested', u'discretion', u'authorities', u'judicial', u'concluded', u'informed']
descriptor 24:
[u'includes', u'selected', u'edition', u'catalog', u'component', u'published', u'introduction', u'presentation', u'composite', u'digital', u'application', u'series', u'sheet', u'final', u'advanced']
writing trajectories...
done with epoch:  8  cost = 522.8626310816188 time:  640.916697979
descriptor 0:
[u'dominate', u'conquer', u'compete', u'inspire', u'engage', u'unite', u'strive', u'embrace', u'abandon', u'succeed', u'enemies', u'destroy', u'evolve', u'annihilate', u'topple']
descriptor 1:
[u'father', u'deceased', u'hath', u'servant', u'savior', u'god', u'mother', u'beloved', u'blessed', u'thy', u'lord', u'betrayed', u'unto', u'daughters', u'widow']
descriptor 2:
[u'wanna', u'bitches', u'kneel', u'lick', u'breathe', u'fuck', u'relax', u'inhale', u'please', u'callin', u'beg', u'bitch', u'listen', u'bathe', u'yell']
descriptor 3:
[u'turned', u'pulled', u'looked', u'looking', u'girl', u'took', u'allegedly', u'caught', u'woman', u'police', u'behind', u'recently', u'couple', u'found', u'came']
descriptor 4:
[u'stupid', u'crap', u'kinda', u'awful', u'frankly', u'dumb', u'shit', u'bullshit', u'weird', u'bothers', u'annoying', u'ridiculous', u'idiot', u'nobody', u'silly']
descriptor 5:
[u'mutated', u'reptilian', u'infested', u'occult', u'primordial', u'extraterrestrial', u'grotesque', u'parasites', u'demonic', u'poisonous', u'microbes', u'phenomena', u'cannibal', u'rodents', u'organisms']
descriptor 6:
[u'hello', u'hey', u'yep', u'yay', u'yup', u'yeah', u'ummm', u'dude', u'cute', u'awww', u'ahh', u'huh', u'sweetie', u'bro', u'aww']
descriptor 7:
[u'shells', u'dried', u'ounces', u'melted', u'debris', u'gallons', u'lid', u'cooled', u'compartment', u'drying', u'barrels', u'vessels', u'dipped', u'inches', u'cavity']
descriptor 8:
[u'transponder', u'dispatcher', u'pager', u'modem', u'configuration', u'scanner', u'module', u'deactivate', u'sender', u'transmitter', u'detector', u'schematics', u'disable', u'verify', u'finder']
descriptor 9:
[u'fucken', u'fuckin', u'motherfuckin', u'nigga', u'gettin', u'shits', u'beatin', u'motherfucking', u'woulda', u'wearin', u'niggas', u'bangin', u'suckin', u'fucker', u'shoulda']
descriptor 10:
[u'lipnik', u'bodwin', u'tomorra', u'mackelway', u'bingy', u'sheronda', u'quittin', u'carjack', u'hospitalized', u'mornin', u'lateesha', u'vinovich', u'sorsha', u'teschmacher', u'lecktor']
descriptor 11:
[u'thorpey', u'elois', u'jankis', u'flynne', u'sheronda', u'teschmacher', u'rieper', u'thorkel', u'fredrica', u'candaules', u'burgel', u'fedorchuk', u'talby', u'pimenov', u'sooze']
descriptor 12:
[u'tomorrow', u'weekend', u'awhile', u'weeks', u'arrived', u'went', u'afternoon', u'gone', u'week', u'day', u'yesterday', u'last', u'stayed', u'days', u'soon']
descriptor 13:
[u'furthest', u'right', u'intersection', u'walkway', u'opposite', u'upriver', u'corner', u'heading', u'sideways', u'slope', u'farther', u'ledge', u'left', u'ramp', u'toward']
descriptor 14:
[u'hundred', u'fifty', u'thousand', u'kilometers', u'seventy', u'thirty', u'forty', u'eighty', u'offices', u'twenty', u'commonwealth', u'sixty', u'representatives', u'metropolitan', u'million']
descriptor 15:
[u'tasty', u'delicious', u'elegant', u'lovely', u'superb', u'excellent', u'delightful', u'fabulous', u'nice', u'wonderful', u'fantastic', u'exquisite', u'perfect', u'yummy', u'stylish']
descriptor 16:
[u'periods', u'particularly', u'although', u'whereas', u'generally', u'years', u'studied', u'significant', u'extent', u'however', u'achieved', u'less', u'difficult', u'relatively', u'experience']
descriptor 17:
[u'ahhhhhh', u'goddamnit', u'nooooo', u'yesss', u'uhhh', u'nooo', u'goddamit', u'ummmm', u'noooo', u'righto', u'ooops', u'ohmygod', u'aaah', u'ohhhh', u'godammit']
descriptor 18:
[u'money', u'afford', u'paying', u'obtain', u'costs', u'invest', u'insure', u'pay', u'reduce', u'cost', u'require', u'cheaper', u'payments', u'profits', u'expense']
descriptor 19:
[u'know', u'tell', u'think', u'ask', u'anybody', u'understand', u'knew', u'want', u'sure', u'figured', u'believe', u'anyone', u'presume', u'lemme', u'wondered']
descriptor 20:
[u'sir', u'brigadier', u'admiral', u'capt', u'colonel', u'lieutenant', u'excellency', u'captain', u'brig', u'commander', u'launcelot', u'knighted', u'comrade', u'consul', u'cornwallis']
descriptor 21:
[u'closets', u'downstairs', u'upstairs', u'washroom', u'basement', u'bedrooms', u'spacious', u'bedroom', u'patio', u'dorms', u'kitchen', u'skylight', u'courtyard', u'loft', u'appliances']
descriptor 22:
[u'demure', u'anyroad', u'flattering', u'exceedingly', u'reassuring', u'fleeting', u'disconcerting', u'extraordinarily', u'christsake', u'momentarily', u'arousing', u'graceful', u'endearing', u'perceptive', u'remarkably']
descriptor 23:
[u'conduct', u'prosecution', u'consent', u'refusal', u'counsel', u'instructed', u'stated', u'defendant', u'inquiry', u'concluded', u'authorities', u'judicial', u'requested', u'discretion', u'investigation']
descriptor 24:
[u'includes', u'selected', u'edition', u'catalog', u'published', u'component', u'introduction', u'presentation', u'application', u'digital', u'series', u'composite', u'final', u'sheet', u'advanced']
writing trajectories...
done with epoch:  9  cost = 522.4084111446583 time:  641.245318174
descriptor 0:
[u'dominate', u'conquer', u'compete', u'unite', u'inspire', u'engage', u'strive', u'embrace', u'succeed', u'enemies', u'abandon', u'destroy', u'evolve', u'annihilate', u'topple']
descriptor 1:
[u'father', u'deceased', u'hath', u'servant', u'mother', u'savior', u'god', u'beloved', u'betrayed', u'lord', u'thy', u'widow', u'blessed', u'sorrow', u'daughters']
descriptor 2:
[u'wanna', u'bitches', u'kneel', u'breathe', u'lick', u'fuck', u'relax', u'inhale', u'please', u'bathe', u'beg', u'callin', u'listen', u'bitch', u'fuckers']
descriptor 3:
[u'turned', u'pulled', u'looked', u'girl', u'took', u'woman', u'caught', u'looking', u'allegedly', u'behind', u'police', u'black', u'shot', u'recently', u'scene']
descriptor 4:
[u'stupid', u'crap', u'kinda', u'awful', u'bullshit', u'frankly', u'dumb', u'shit', u'idiot', u'weird', u'bothers', u'ridiculous', u'annoying', u'nobody', u'complaining']
descriptor 5:
[u'mutated', u'reptilian', u'extraterrestrial', u'occult', u'parasites', u'primordial', u'microbes', u'grotesque', u'infested', u'demonic', u'phenomena', u'organisms', u'mutants', u'humanoid', u'poisonous']
descriptor 6:
[u'hello', u'hey', u'yep', u'yay', u'yup', u'yeah', u'cute', u'dude', u'ummm', u'awww', u'huh', u'sweetie', u'ahh', u'bro', u'heh']
descriptor 7:
[u'shells', u'ounces', u'dried', u'debris', u'gallons', u'melted', u'compartment', u'lid', u'drying', u'cooled', u'barrels', u'vessels', u'dipped', u'inches', u'limbs']
descriptor 8:
[u'transponder', u'dispatcher', u'modem', u'pager', u'configuration', u'scanner', u'sender', u'module', u'deactivate', u'detector', u'transmitter', u'schematics', u'verify', u'disable', u'finder']
descriptor 9:
[u'fucken', u'fuckin', u'motherfuckin', u'gettin', u'nigga', u'shits', u'beatin', u'motherfucking', u'wearin', u'niggas', u'fucker', u'bangin', u'suckin', u'woulda', u'motherfucker']
descriptor 10:
[u'lipnik', u'bodwin', u'mackelway', u'bingy', u'sheronda', u'tomorra', u'hospitalized', u'quittin', u'lateesha', u'carjack', u'vinovich', u'sorsha', u'zerzura', u'mornin', u'teschmacher']
descriptor 11:
[u'thorpey', u'elois', u'jankis', u'sheronda', u'flynne', u'teschmacher', u'candaules', u'rieper', u'thorkel', u'burgel', u'pimenov', u'fredrica', u'fedorchuk', u'talby', u'thuggees']
descriptor 12:
[u'weekend', u'tomorrow', u'weeks', u'awhile', u'went', u'arrived', u'week', u'day', u'afternoon', u'gone', u'yesterday', u'stayed', u'last', u'days', u'got']
descriptor 13:
[u'right', u'furthest', u'intersection', u'walkway', u'corner', u'opposite', u'heading', u'upriver', u'sideways', u'ledge', u'farther', u'left', u'slope', u'positioned', u'leaning']
descriptor 14:
[u'hundred', u'fifty', u'thousand', u'kilometers', u'seventy', u'thirty', u'eighty', u'forty', u'offices', u'commonwealth', u'representatives', u'sixty', u'twenty', u'million', u'metropolitan']
descriptor 15:
[u'tasty', u'delicious', u'elegant', u'lovely', u'superb', u'excellent', u'delightful', u'fabulous', u'nice', u'wonderful', u'fantastic', u'exquisite', u'yummy', u'perfect', u'stylish']
descriptor 16:
[u'periods', u'particularly', u'although', u'whereas', u'generally', u'studied', u'years', u'significant', u'extent', u'achieved', u'compared', u'however', u'relatively', u'less', u'observed']
descriptor 17:
[u'goddamnit', u'ahhhhhh', u'nooooo', u'yesss', u'goddamit', u'ummmm', u'uhhh', u'nooo', u'righto', u'noooo', u'ooops', u'ohmygod', u'godammit', u'aaah', u'aaaah']
descriptor 18:
[u'money', u'afford', u'paying', u'costs', u'obtain', u'invest', u'pay', u'insure', u'reduce', u'cost', u'payments', u'cheaper', u'require', u'buying', u'profits']
descriptor 19:
[u'know', u'tell', u'think', u'ask', u'anybody', u'understand', u'want', u'knew', u'sure', u'figured', u'believe', u'anyone', u'lemme', u'wanted', u'explain']
descriptor 20:
[u'sir', u'brigadier', u'admiral', u'capt', u'colonel', u'lieutenant', u'excellency', u'captain', u'brig', u'commander', u'launcelot', u'knighted', u'comrade', u'consul', u'hon']
descriptor 21:
[u'closets', u'downstairs', u'upstairs', u'washroom', u'basement', u'spacious', u'bedrooms', u'bedroom', u'patio', u'skylight', u'appliances', u'courtyard', u'loft', u'dorms', u'desks']
descriptor 22:
[u'demure', u'anyroad', u'exceedingly', u'flattering', u'reassuring', u'disconcerting', u'fleeting', u'extraordinarily', u'christsake', u'arousing', u'graceful', u'endearing', u'perceptive', u'womanly', u'flattered']
descriptor 23:
[u'conduct', u'prosecution', u'consent', u'stated', u'refusal', u'instructed', u'counsel', u'defendant', u'inquiry', u'concluded', u'authorities', u'judicial', u'investigation', u'informed', u'regard']
descriptor 24:
[u'includes', u'selected', u'edition', u'introduction', u'component', u'published', u'presentation', u'catalog', u'digital', u'application', u'series', u'composite', u'advanced', u'module', u'final']
writing trajectories...
done with epoch:  10  cost = 521.9219921415777 time:  641.454372883
descriptor 0:
[u'dominate', u'conquer', u'compete', u'engage', u'inspire', u'unite', u'strive', u'succeed', u'abandon', u'embrace', u'enemies', u'destroy', u'evolve', u'annihilate', u'topple']
descriptor 1:
[u'father', u'deceased', u'hath', u'servant', u'god', u'savior', u'mother', u'beloved', u'lord', u'thy', u'blessed', u'eternal', u'sorrow', u'betrayed', u'daughters']
descriptor 2:
[u'wanna', u'bitches', u'kneel', u'breathe', u'lick', u'relax', u'fuck', u'inhale', u'bathe', u'please', u'beg', u'listen', u'callin', u'yell', u'fuckers']
descriptor 3:
[u'turned', u'pulled', u'looked', u'girl', u'woman', u'took', u'allegedly', u'caught', u'police', u'looking', u'behind', u'shot', u'black', u'scene', u'attacked']
descriptor 4:
[u'stupid', u'crap', u'awful', u'frankly', u'kinda', u'bullshit', u'dumb', u'shit', u'annoying', u'weird', u'ridiculous', u'idiot', u'silly', u'complaining', u'bothers']
descriptor 5:
[u'mutated', u'reptilian', u'grotesque', u'infested', u'extraterrestrial', u'primordial', u'occult', u'microbes', u'parasites', u'demonic', u'mutants', u'humanoid', u'organisms', u'poisonous', u'phenomena']
descriptor 6:
[u'hello', u'hey', u'yep', u'yay', u'yup', u'cute', u'yeah', u'dude', u'ummm', u'awww', u'huh', u'sweetie', u'ahh', u'bro', u'aww']
descriptor 7:
[u'shells', u'dried', u'ounces', u'debris', u'melted', u'gallons', u'cooled', u'drying', u'compartment', u'lid', u'barrels', u'dipped', u'vessels', u'inches', u'moisture']
descriptor 8:
[u'transponder', u'dispatcher', u'pager', u'modem', u'configuration', u'sender', u'scanner', u'transmitter', u'module', u'deactivate', u'schematics', u'detector', u'finder', u'disable', u'ext']
descriptor 9:
[u'fucken', u'fuckin', u'motherfuckin', u'nigga', u'gettin', u'shits', u'beatin', u'motherfucking', u'niggas', u'wearin', u'woulda', u'fucker', u'bangin', u'suckin', u'motherfucker']
descriptor 10:
[u'lipnik', u'bodwin', u'mackelway', u'tomorra', u'bingy', u'sheronda', u'quittin', u'lateesha', u'hospitalized', u'carjack', u'mornin', u'sorsha', u'vinovich', u'sooze', u'teschmacher']
descriptor 11:
[u'thorpey', u'elois', u'jankis', u'flynne', u'teschmacher', u'sheronda', u'rieper', u'candaules', u'thorkel', u'fredrica', u'fedorchuk', u'burgel', u'pimenov', u'talby', u'cammareri']
descriptor 12:
[u'tomorrow', u'weekend', u'weeks', u'awhile', u'arrived', u'went', u'week', u'gone', u'afternoon', u'day', u'stayed', u'yesterday', u'last', u'soon', u'days']
descriptor 13:
[u'furthest', u'right', u'intersection', u'walkway', u'corner', u'opposite', u'upriver', u'heading', u'ledge', u'slope', u'farther', u'sideways', u'left', u'ramp', u'positioned']
descriptor 14:
[u'hundred', u'fifty', u'thousand', u'kilometers', u'seventy', u'thirty', u'eighty', u'forty', u'twenty', u'sixty', u'commonwealth', u'offices', u'million', u'representatives', u'metropolitan']
descriptor 15:
[u'tasty', u'elegant', u'delicious', u'lovely', u'superb', u'excellent', u'fabulous', u'delightful', u'nice', u'fantastic', u'wonderful', u'exquisite', u'perfect', u'stylish', u'yummy']
descriptor 16:
[u'periods', u'particularly', u'although', u'whereas', u'generally', u'years', u'significant', u'achieved', u'extent', u'studied', u'however', u'relatively', u'less', u'experience', u'compared']
descriptor 17:
[u'goddamnit', u'ahhhhhh', u'nooooo', u'uhhh', u'nooo', u'yesss', u'goddamit', u'ummmm', u'righto', u'noooo', u'ooops', u'ohmygod', u'aaah', u'godammit', u'hmmph']
descriptor 18:
[u'money', u'afford', u'paying', u'invest', u'obtain', u'costs', u'pay', u'insure', u'reduce', u'cost', u'cheaper', u'payments', u'buying', u'require', u'profits']
descriptor 19:
[u'know', u'tell', u'ask', u'think', u'anybody', u'understand', u'want', u'knew', u'sure', u'figured', u'believe', u'anyone', u'wanted', u'lemme', u'explain']
descriptor 20:
[u'sir', u'brigadier', u'admiral', u'colonel', u'capt', u'lieutenant', u'excellency', u'captain', u'commander', u'brig', u'launcelot', u'knighted', u'gawain', u'consul', u'comrade']
descriptor 21:
[u'closets', u'downstairs', u'upstairs', u'washroom', u'spacious', u'basement', u'bedrooms', u'patio', u'courtyard', u'dorms', u'appliances', u'bedroom', u'skylight', u'desks', u'kitchen']
descriptor 22:
[u'demure', u'anyroad', u'flattering', u'reassuring', u'exceedingly', u'disconcerting', u'fleeting', u'christsake', u'extraordinarily', u'endearing', u'graceful', u'perceptive', u'arousing', u'wladek', u'flattered']
descriptor 23:
[u'conduct', u'consent', u'prosecution', u'refusal', u'stated', u'instructed', u'counsel', u'concluded', u'inquiry', u'authorities', u'defendant', u'judicial', u'informed', u'investigation', u'discretion']
descriptor 24:
[u'includes', u'selected', u'edition', u'introduction', u'presentation', u'catalog', u'published', u'component', u'application', u'digital', u'series', u'final', u'advanced', u'reference', u'composite']
writing trajectories...
done with epoch:  11  cost = 521.0761262976717 time:  641.009957075
descriptor 0:
[u'dominate', u'compete', u'conquer', u'engage', u'succeed', u'inspire', u'strive', u'unite', u'abandon', u'embrace', u'enemies', u'destroy', u'evolve', u'annihilate', u'topple']
descriptor 1:
[u'father', u'deceased', u'hath', u'servant', u'god', u'savior', u'mother', u'beloved', u'lord', u'thy', u'blessed', u'eternal', u'sorrow', u'unto', u'daughters']
descriptor 2:
[u'wanna', u'bitches', u'kneel', u'breathe', u'relax', u'lick', u'fuck', u'inhale', u'please', u'bathe', u'listen', u'beg', u'callin', u'shutup', u'yell']
descriptor 3:
[u'turned', u'pulled', u'looked', u'girl', u'woman', u'allegedly', u'caught', u'police', u'took', u'black', u'behind', u'looking', u'shot', u'arrested', u'white']
descriptor 4:
[u'stupid', u'crap', u'kinda', u'frankly', u'awful', u'dumb', u'bullshit', u'shit', u'weird', u'annoying', u'silly', u'idiot', u'complaining', u'ridiculous', u'bothers']
descriptor 5:
[u'mutated', u'reptilian', u'extraterrestrial', u'primordial', u'occult', u'microbes', u'infested', u'parasites', u'grotesque', u'humanoid', u'demonic', u'organisms', u'mutants', u'phenomena', u'parasite']
descriptor 6:
[u'hello', u'hey', u'yep', u'yay', u'yup', u'yeah', u'ummm', u'cute', u'huh', u'dude', u'awww', u'sweetie', u'ahh', u'bro', u'heh']
descriptor 7:
[u'shells', u'dried', u'ounces', u'debris', u'gallons', u'lid', u'melted', u'compartment', u'drying', u'barrels', u'cooled', u'dipped', u'vessels', u'inches', u'limbs']
descriptor 8:
[u'transponder', u'dispatcher', u'modem', u'pager', u'configuration', u'sender', u'scanner', u'module', u'deactivate', u'transmitter', u'schematics', u'detector', u'verify', u'finder', u'disable']
descriptor 9:
[u'fucken', u'fuckin', u'motherfuckin', u'nigga', u'gettin', u'shits', u'beatin', u'motherfucking', u'fucker', u'niggas', u'wearin', u'bangin', u'woulda', u'motherfucker', u'suckin']
descriptor 10:
[u'lipnik', u'bodwin', u'mackelway', u'sheronda', u'bingy', u'tomorra', u'lateesha', u'carjack', u'quittin', u'mornin', u'hospitalized', u'zerzura', u'sooze', u'lecktor', u'sorsha']
descriptor 11:
[u'thorpey', u'elois', u'jankis', u'sheronda', u'thorkel', u'flynne', u'candaules', u'teschmacher', u'rieper', u'fredrica', u'burgel', u'fedorchuk', u'pimenov', u'whorfin', u'talby']
descriptor 12:
[u'weekend', u'tomorrow', u'weeks', u'awhile', u'arrived', u'went', u'week', u'afternoon', u'day', u'gone', u'yesterday', u'last', u'stayed', u'ended', u'days']
descriptor 13:
[u'right', u'furthest', u'intersection', u'opposite', u'walkway', u'corner', u'heading', u'upriver', u'slope', u'farther', u'sideways', u'ledge', u'left', u'positioned', u'ramp']
descriptor 14:
[u'hundred', u'fifty', u'thousand', u'kilometers', u'seventy', u'eighty', u'thirty', u'forty', u'twenty', u'commonwealth', u'sixty', u'offices', u'million', u'metropolitan', u'representatives']
descriptor 15:
[u'tasty', u'elegant', u'delicious', u'lovely', u'superb', u'excellent', u'delightful', u'fabulous', u'nice', u'fantastic', u'wonderful', u'exquisite', u'perfect', u'stylish', u'yummy']
descriptor 16:
[u'periods', u'although', u'whereas', u'particularly', u'generally', u'significant', u'achieved', u'years', u'extent', u'however', u'studied', u'less', u'relatively', u'compared', u'experience']
descriptor 17:
[u'goddamnit', u'ahhhhhh', u'nooooo', u'uhhh', u'ummmm', u'yesss', u'goddamit', u'nooo', u'righto', u'noooo', u'ooops', u'ohmygod', u'aaah', u'ohhhh', u'godammit']
descriptor 18:
[u'money', u'afford', u'paying', u'obtain', u'invest', u'costs', u'insure', u'pay', u'cost', u'reduce', u'cheaper', u'payments', u'require', u'buying', u'need']
descriptor 19:
[u'know', u'tell', u'think', u'ask', u'anybody', u'understand', u'want', u'knew', u'believe', u'sure', u'anyone', u'figured', u'lemme', u'explain', u'wondering']
descriptor 20:
[u'sir', u'brigadier', u'admiral', u'colonel', u'capt', u'lieutenant', u'excellency', u'captain', u'brig', u'commander', u'knighted', u'launcelot', u'consul', u'comrade', u'cornwallis']
descriptor 21:
[u'closets', u'downstairs', u'upstairs', u'washroom', u'basement', u'spacious', u'bedrooms', u'patio', u'courtyard', u'dorms', u'skylight', u'appliances', u'desks', u'bedroom', u'kitchen']
descriptor 22:
[u'demure', u'anyroad', u'flattering', u'reassuring', u'disconcerting', u'exceedingly', u'christsake', u'fleeting', u'extraordinarily', u'arousing', u'endearing', u'flynne', u'perceptive', u'flattered', u'graceful']
descriptor 23:
[u'conduct', u'prosecution', u'consent', u'stated', u'refusal', u'counsel', u'instructed', u'defendant', u'inquiry', u'authorities', u'concluded', u'judicial', u'investigation', u'informed', u'regard']
descriptor 24:
[u'includes', u'selected', u'edition', u'introduction', u'published', u'presentation', u'digital', u'catalog', u'component', u'application', u'series', u'final', u'sheet', u'illustrated', u'advanced']
writing trajectories...
done with epoch:  12  cost = 520.3686355153584 time:  641.569424152
descriptor 0:
[u'dominate', u'conquer', u'compete', u'engage', u'succeed', u'inspire', u'abandon', u'unite', u'strive', u'enemies', u'embrace', u'destroy', u'evolve', u'annihilate', u'topple']
descriptor 1:
[u'father', u'deceased', u'hath', u'god', u'servant', u'savior', u'mother', u'lord', u'beloved', u'blessed', u'thy', u'sorrow', u'eternal', u'unto', u'betrayed']
descriptor 2:
[u'wanna', u'bitches', u'relax', u'kneel', u'breathe', u'lick', u'fuck', u'bathe', u'inhale', u'please', u'listen', u'beg', u'callin', u'sit', u'shutup']
descriptor 3:
[u'turned', u'pulled', u'looked', u'girl', u'woman', u'caught', u'allegedly', u'looking', u'took', u'behind', u'black', u'police', u'shot', u'scene', u'attacked']
descriptor 4:
[u'stupid', u'crap', u'frankly', u'kinda', u'awful', u'dumb', u'bullshit', u'silly', u'annoying', u'shit', u'idiot', u'weird', u'complaining', u'bothers', u'ridiculous']
descriptor 5:
[u'mutated', u'reptilian', u'infested', u'occult', u'extraterrestrial', u'parasites', u'primordial', u'grotesque', u'microbes', u'mutants', u'demonic', u'humanoid', u'rodents', u'organisms', u'poisonous']
descriptor 6:
[u'hello', u'hey', u'yep', u'yay', u'yup', u'cute', u'yeah', u'ummm', u'huh', u'awww', u'dude', u'sweetie', u'ahh', u'bro', u'heh']
descriptor 7:
[u'dried', u'shells', u'ounces', u'melted', u'lid', u'debris', u'drying', u'gallons', u'compartment', u'cooled', u'dipped', u'barrels', u'vessels', u'inches', u'liquid']
descriptor 8:
[u'transponder', u'dispatcher', u'modem', u'pager', u'configuration', u'scanner', u'module', u'deactivate', u'sender', u'transmitter', u'schematics', u'detector', u'verify', u'finder', u'disable']
descriptor 9:
[u'fucken', u'fuckin', u'motherfuckin', u'gettin', u'nigga', u'shits', u'beatin', u'motherfucking', u'niggas', u'fucker', u'bangin', u'wearin', u'woulda', u'motherfucker', u'suckin']
descriptor 10:
[u'lipnik', u'bodwin', u'mackelway', u'sheronda', u'bingy', u'hospitalized', u'lateesha', u'carjack', u'tomorra', u'quittin', u'lecktor', u'sorsha', u'zerzura', u'ambushed', u'teschmacher']
descriptor 11:
[u'thorpey', u'elois', u'jankis', u'flynne', u'sheronda', u'thorkel', u'candaules', u'teschmacher', u'rieper', u'burgel', u'fredrica', u'fedorchuk', u'whorfin', u'pimenov', u'cammareri']
descriptor 12:
[u'weekend', u'tomorrow', u'weeks', u'awhile', u'arrived', u'went', u'afternoon', u'week', u'day', u'gone', u'yesterday', u'stayed', u'last', u'ended', u'days']
descriptor 13:
[u'right', u'furthest', u'intersection', u'corner', u'walkway', u'opposite', u'heading', u'upriver', u'farther', u'left', u'sideways', u'ledge', u'slope', u'ramp', u'positioned']
descriptor 14:
[u'hundred', u'fifty', u'thousand', u'seventy', u'thirty', u'kilometers', u'eighty', u'forty', u'twenty', u'sixty', u'commonwealth', u'offices', u'million', u'representatives', u'metropolitan']
descriptor 15:
[u'tasty', u'elegant', u'delicious', u'lovely', u'superb', u'excellent', u'delightful', u'fabulous', u'fantastic', u'wonderful', u'nice', u'exquisite', u'perfect', u'stylish', u'yummy']
descriptor 16:
[u'periods', u'whereas', u'although', u'particularly', u'generally', u'significant', u'achieved', u'extent', u'years', u'relatively', u'however', u'studied', u'compared', u'less', u'experience']
descriptor 17:
[u'goddamnit', u'ahhhhhh', u'nooooo', u'uhhh', u'ummmm', u'yesss', u'nooo', u'goddamit', u'noooo', u'righto', u'ooops', u'ohmygod', u'aaah', u'ohhhh', u'aaaah']
descriptor 18:
[u'money', u'afford', u'paying', u'obtain', u'invest', u'costs', u'pay', u'insure', u'cost', u'reduce', u'payments', u'cheaper', u'buying', u'require', u'profits']
descriptor 19:
[u'know', u'tell', u'think', u'ask', u'anybody', u'understand', u'want', u'knew', u'sure', u'believe', u'anyone', u'figured', u'wanted', u'lemme', u'wondering']
descriptor 20:
[u'sir', u'brigadier', u'admiral', u'colonel', u'capt', u'lieutenant', u'captain', u'excellency', u'brig', u'commander', u'launcelot', u'knighted', u'comrade', u'hon', u'consul']
descriptor 21:
[u'closets', u'downstairs', u'upstairs', u'washroom', u'basement', u'spacious', u'patio', u'skylight', u'courtyard', u'appliances', u'bedrooms', u'dorms', u'kitchen', u'desks', u'bedroom']
descriptor 22:
[u'demure', u'anyroad', u'flattering', u'reassuring', u'disconcerting', u'exceedingly', u'fleeting', u'christsake', u'perceptive', u'extraordinarily', u'endearing', u'flattered', u'arousing', u'flynne', u'crissake']
descriptor 23:
[u'conduct', u'prosecution', u'stated', u'consent', u'instructed', u'refusal', u'counsel', u'inquiry', u'defendant', u'authorities', u'concluded', u'investigation', u'judicial', u'informed', u'requested']
descriptor 24:
[u'includes', u'selected', u'edition', u'introduction', u'presentation', u'published', u'component', u'digital', u'catalog', u'series', u'application', u'final', u'sheet', u'advanced', u'composite']
writing trajectories...
done with epoch:  13  cost = 520.1334207127604 time:  649.330846071
descriptor 0:
[u'dominate', u'conquer', u'compete', u'engage', u'enemies', u'succeed', u'inspire', u'abandon', u'unite', u'embrace', u'strive', u'destroy', u'evolve', u'annihilate', u'topple']
descriptor 1:
[u'father', u'deceased', u'hath', u'god', u'servant', u'savior', u'mother', u'lord', u'beloved', u'blessed', u'thy', u'eternal', u'unto', u'sorrow', u'betrayed']
descriptor 2:
[u'wanna', u'relax', u'bitches', u'kneel', u'breathe', u'fuck', u'lick', u'inhale', u'bathe', u'please', u'listen', u'beg', u'sit', u'shutup', u'callin']
descriptor 3:
[u'turned', u'pulled', u'looked', u'girl', u'woman', u'caught', u'black', u'looking', u'police', u'allegedly', u'behind', u'took', u'scene', u'wearing', u'shot']
descriptor 4:
[u'stupid', u'crap', u'frankly', u'kinda', u'dumb', u'awful', u'bullshit', u'idiot', u'complaining', u'shit', u'bothers', u'annoying', u'silly', u'nobody', u'weird']
descriptor 5:
[u'mutated', u'reptilian', u'extraterrestrial', u'primordial', u'infested', u'occult', u'grotesque', u'microbes', u'parasites', u'phenomena', u'organisms', u'poisonous', u'demonic', u'humanoid', u'rodents']
descriptor 6:
[u'hello', u'hey', u'yep', u'yay', u'yup', u'cute', u'yeah', u'ummm', u'dude', u'awww', u'huh', u'sweetie', u'ahh', u'bro', u'heh']
descriptor 7:
[u'dried', u'shells', u'melted', u'ounces', u'lid', u'debris', u'drying', u'gallons', u'cooled', u'dipped', u'compartment', u'barrels', u'inches', u'liquid', u'cavity']
descriptor 8:
[u'transponder', u'dispatcher', u'modem', u'configuration', u'pager', u'scanner', u'deactivate', u'sender', u'module', u'transmitter', u'schematics', u'detector', u'finder', u'verify', u'disable']
descriptor 9:
[u'fucken', u'fuckin', u'motherfuckin', u'nigga', u'gettin', u'shits', u'motherfucking', u'beatin', u'niggas', u'fucker', u'bangin', u'motherfucker', u'wearin', u'woulda', u'suckin']
descriptor 10:
[u'lipnik', u'bodwin', u'mackelway', u'sheronda', u'bingy', u'hospitalized', u'carjack', u'lateesha', u'tomorra', u'quittin', u'zerzura', u'teschmacher', u'ambushed', u'lecktor', u'sorsha']
descriptor 11:
[u'thorpey', u'elois', u'jankis', u'sheronda', u'flynne', u'thorkel', u'rieper', u'candaules', u'teschmacher', u'burgel', u'fredrica', u'fedorchuk', u'pimenov', u'talby', u'thuggees']
descriptor 12:
[u'weekend', u'tomorrow', u'weeks', u'arrived', u'awhile', u'went', u'afternoon', u'week', u'stayed', u'yesterday', u'gone', u'day', u'last', u'ended', u'woke']
descriptor 13:
[u'furthest', u'right', u'intersection', u'walkway', u'opposite', u'heading', u'corner', u'upriver', u'farther', u'slope', u'ledge', u'sideways', u'left', u'positioned', u'ramp']
descriptor 14:
[u'hundred', u'fifty', u'thousand', u'seventy', u'kilometers', u'thirty', u'eighty', u'forty', u'twenty', u'sixty', u'commonwealth', u'million', u'offices', u'representatives', u'metropolitan']
descriptor 15:
[u'tasty', u'delicious', u'elegant', u'lovely', u'superb', u'excellent', u'fabulous', u'delightful', u'fantastic', u'wonderful', u'nice', u'perfect', u'exquisite', u'yummy', u'stylish']
descriptor 16:
[u'periods', u'whereas', u'although', u'particularly', u'significant', u'generally', u'achieved', u'years', u'extent', u'studied', u'compared', u'however', u'experience', u'less', u'relatively']
descriptor 17:
[u'goddamnit', u'ahhhhhh', u'nooooo', u'yesss', u'uhhh', u'ummmm', u'nooo', u'goddamit', u'noooo', u'righto', u'ooops', u'aaah', u'ohmygod', u'ohhhh', u'aaaah']
descriptor 18:
[u'money', u'afford', u'paying', u'invest', u'costs', u'obtain', u'pay', u'insure', u'cost', u'reduce', u'payments', u'cheaper', u'require', u'buying', u'need']
descriptor 19:
[u'know', u'tell', u'think', u'ask', u'anybody', u'understand', u'want', u'knew', u'sure', u'believe', u'anyone', u'figured', u'lemme', u'wanted', u'reckon']
descriptor 20:
[u'sir', u'brigadier', u'admiral', u'colonel', u'capt', u'lieutenant', u'excellency', u'captain', u'brig', u'commander', u'launcelot', u'knighted', u'comrade', u'consul', u'hon']
descriptor 21:
[u'closets', u'downstairs', u'upstairs', u'washroom', u'spacious', u'basement', u'patio', u'skylight', u'appliances', u'bedrooms', u'courtyard', u'dorms', u'kitchen', u'desks', u'bedroom']
descriptor 22:
[u'demure', u'anyroad', u'flattering', u'disconcerting', u'reassuring', u'exceedingly', u'christsake', u'fleeting', u'flynne', u'extraordinarily', u'graceful', u'arousing', u'perceptive', u'crissake', u'wladek']
descriptor 23:
[u'conduct', u'prosecution', u'consent', u'stated', u'counsel', u'refusal', u'instructed', u'authorities', u'inquiry', u'defendant', u'concluded', u'judicial', u'investigation', u'informed', u'regard']
descriptor 24:
[u'includes', u'selected', u'edition', u'introduction', u'published', u'presentation', u'digital', u'catalog', u'series', u'component', u'application', u'final', u'illustrated', u'second', u'reference']
writing trajectories...
done with epoch:  14  cost = 519.6058293284121 time:  651.872084856
descriptor 0:
[u'dominate', u'conquer', u'compete', u'engage', u'inspire', u'succeed', u'enemies', u'abandon', u'destroy', u'unite', u'strive', u'embrace', u'evolve', u'annihilate', u'topple']
descriptor 1:
[u'father', u'deceased', u'god', u'hath', u'savior', u'servant', u'mother', u'lord', u'blessed', u'beloved', u'eternal', u'thy', u'sorrow', u'unto', u'betrayed']
descriptor 2:
[u'wanna', u'relax', u'kneel', u'bitches', u'breathe', u'please', u'lick', u'bathe', u'inhale', u'fuck', u'beg', u'listen', u'sit', u'implore', u'shutup']
descriptor 3:
[u'turned', u'pulled', u'looked', u'girl', u'woman', u'caught', u'black', u'allegedly', u'looking', u'police', u'behind', u'shot', u'scene', u'took', u'white']
descriptor 4:
[u'stupid', u'crap', u'frankly', u'awful', u'kinda', u'dumb', u'bullshit', u'complaining', u'shit', u'annoying', u'idiot', u'silly', u'bothers', u'ridiculous', u'weird']
descriptor 5:
[u'mutated', u'reptilian', u'infested', u'parasites', u'microbes', u'extraterrestrial', u'primordial', u'occult', u'grotesque', u'organisms', u'rodents', u'poisonous', u'humanoid', u'demonic', u'phenomena']
descriptor 6:
[u'hello', u'hey', u'yep', u'yay', u'yup', u'cute', u'yeah', u'ummm', u'huh', u'awww', u'sweetie', u'dude', u'ahh', u'bro', u'adorable']
descriptor 7:
[u'dried', u'shells', u'ounces', u'melted', u'lid', u'gallons', u'debris', u'dipped', u'compartment', u'cooled', u'drying', u'barrels', u'inches', u'liquid', u'moisture']
descriptor 8:
[u'transponder', u'dispatcher', u'configuration', u'sender', u'deactivate', u'modem', u'pager', u'module', u'scanner', u'schematics', u'verify', u'transmitter', u'detector', u'disable', u'finder']
descriptor 9:
[u'fucken', u'fuckin', u'nigga', u'motherfuckin', u'gettin', u'shits', u'motherfucking', u'niggas', u'beatin', u'fucker', u'motherfucker', u'bangin', u'woulda', u'wearin', u'motherfuckers']
descriptor 10:
[u'lipnik', u'bodwin', u'mackelway', u'sheronda', u'bingy', u'hospitalized', u'lateesha', u'quittin', u'tomorra', u'carjack', u'teschmacher', u'zerzura', u'sorsha', u'lecktor', u'ambushed']
descriptor 11:
[u'thorpey', u'elois', u'jankis', u'sheronda', u'flynne', u'thorkel', u'rieper', u'teschmacher', u'candaules', u'burgel', u'fredrica', u'fedorchuk', u'whorfin', u'talby', u'cammareri']
descriptor 12:
[u'weekend', u'tomorrow', u'weeks', u'arrived', u'awhile', u'went', u'afternoon', u'week', u'stayed', u'yesterday', u'day', u'gone', u'last', u'ended', u'woke']
descriptor 13:
[u'right', u'furthest', u'intersection', u'walkway', u'corner', u'heading', u'opposite', u'upriver', u'sideways', u'slope', u'ledge', u'farther', u'left', u'ramp', u'starboard']
descriptor 14:
[u'hundred', u'fifty', u'thousand', u'kilometers', u'seventy', u'eighty', u'thirty', u'forty', u'twenty', u'sixty', u'commonwealth', u'million', u'offices', u'representatives', u'metropolitan']
descriptor 15:
[u'tasty', u'delicious', u'elegant', u'lovely', u'excellent', u'superb', u'fabulous', u'delightful', u'fantastic', u'nice', u'wonderful', u'perfect', u'exquisite', u'yummy', u'stylish']
descriptor 16:
[u'periods', u'whereas', u'although', u'particularly', u'significant', u'generally', u'achieved', u'extent', u'years', u'studied', u'compared', u'relatively', u'however', u'less', u'experience']
descriptor 17:
[u'goddamnit', u'ahhhhhh', u'nooooo', u'yesss', u'uhhh', u'ummmm', u'nooo', u'goddamit', u'noooo', u'righto', u'ooops', u'ohmygod', u'aaah', u'ohhhh', u'godammit']
descriptor 18:
[u'money', u'afford', u'paying', u'invest', u'obtain', u'costs', u'pay', u'insure', u'reduce', u'cost', u'payments', u'cheaper', u'buying', u'require', u'need']
descriptor 19:
[u'know', u'tell', u'think', u'ask', u'anybody', u'understand', u'want', u'knew', u'sure', u'anyone', u'believe', u'figured', u'lemme', u'wondering', u'reckon']
descriptor 20:
[u'sir', u'brigadier', u'admiral', u'colonel', u'capt', u'lieutenant', u'excellency', u'captain', u'brig', u'commander', u'launcelot', u'knighted', u'comrade', u'consul', u'hon']
descriptor 21:
[u'closets', u'downstairs', u'upstairs', u'washroom', u'spacious', u'basement', u'bedrooms', u'patio', u'courtyard', u'skylight', u'dorms', u'appliances', u'bedroom', u'kitchen', u'desks']
descriptor 22:
[u'demure', u'anyroad', u'flattering', u'disconcerting', u'reassuring', u'christsake', u'exceedingly', u'fleeting', u'arousing', u'flynne', u'extraordinarily', u'endearing', u'graceful', u'teschmacher', u'perceptive']
descriptor 23:
[u'conduct', u'prosecution', u'counsel', u'consent', u'refusal', u'stated', u'instructed', u'inquiry', u'authorities', u'concluded', u'defendant', u'judicial', u'investigation', u'informed', u'regard']
descriptor 24:
[u'includes', u'selected', u'edition', u'presentation', u'introduction', u'published', u'series', u'digital', u'catalog', u'component', u'application', u'final', u'illustrated', u'reference', u'advanced']
writing trajectories...
done with epoch:  15  cost = 519.1461076398108 time:  575.006649017
descriptor 0:
[u'dominate', u'conquer', u'compete', u'engage', u'succeed', u'inspire', u'abandon', u'enemies', u'strive', u'unite', u'destroy', u'embrace', u'evolve', u'ambitions', u'annihilate']
descriptor 1:
[u'father', u'deceased', u'hath', u'god', u'servant', u'savior', u'mother', u'lord', u'beloved', u'blessed', u'thy', u'eternal', u'unto', u'sorrow', u'betrayed']
descriptor 2:
[u'wanna', u'relax', u'bitches', u'breathe', u'kneel', u'lick', u'inhale', u'bathe', u'please', u'fuck', u'beg', u'listen', u'sit', u'implore', u'yell']
descriptor 3:
[u'turned', u'pulled', u'looked', u'girl', u'woman', u'caught', u'black', u'police', u'allegedly', u'looking', u'shot', u'scene', u'behind', u'took', u'arrested']
descriptor 4:
[u'stupid', u'crap', u'frankly', u'kinda', u'awful', u'dumb', u'bullshit', u'complaining', u'silly', u'ridiculous', u'annoying', u'idiot', u'bothers', u'shit', u'weird']
descriptor 5:
[u'mutated', u'reptilian', u'infested', u'parasites', u'primordial', u'occult', u'grotesque', u'extraterrestrial', u'microbes', u'rodents', u'organisms', u'demonic', u'humanoid', u'reptiles', u'mutants']
descriptor 6:
[u'hello', u'hey', u'yep', u'yay', u'yup', u'cute', u'yeah', u'huh', u'ummm', u'awww', u'sweetie', u'dude', u'ahh', u'bro', u'adorable']
descriptor 7:
[u'dried', u'shells', u'ounces', u'melted', u'lid', u'dipped', u'debris', u'cooled', u'drying', u'compartment', u'gallons', u'barrels', u'inches', u'liquid', u'moisture']
descriptor 8:
[u'transponder', u'dispatcher', u'configuration', u'sender', u'modem', u'pager', u'module', u'deactivate', u'verify', u'scanner', u'schematics', u'transmitter', u'detector', u'disable', u'finder']
descriptor 9:
[u'fucken', u'fuckin', u'motherfuckin', u'nigga', u'gettin', u'shits', u'motherfucking', u'niggas', u'beatin', u'fucker', u'bangin', u'motherfucker', u'wearin', u'motherfuckers', u'suckin']
descriptor 10:
[u'lipnik', u'bodwin', u'mackelway', u'sheronda', u'bingy', u'tomorra', u'lateesha', u'hospitalized', u'carjack', u'quittin', u'teschmacher', u'sorsha', u'lecktor', u'zerzura', u'jankis']
descriptor 11:
[u'elois', u'thorpey', u'jankis', u'rieper', u'candaules', u'thorkel', u'flynne', u'sheronda', u'teschmacher', u'burgel', u'fedorchuk', u'fredrica', u'pimenov', u'cammareri', u'whorfin']
descriptor 12:
[u'weekend', u'tomorrow', u'arrived', u'weeks', u'awhile', u'afternoon', u'went', u'week', u'yesterday', u'stayed', u'day', u'gone', u'last', u'ended', u'later']
descriptor 13:
[u'right', u'furthest', u'intersection', u'corner', u'walkway', u'heading', u'opposite', u'upriver', u'ledge', u'sideways', u'farther', u'slope', u'left', u'starboard', u'leaning']
descriptor 14:
[u'hundred', u'fifty', u'thousand', u'kilometers', u'seventy', u'eighty', u'thirty', u'forty', u'twenty', u'sixty', u'commonwealth', u'million', u'offices', u'representatives', u'metropolitan']
descriptor 15:
[u'tasty', u'delicious', u'elegant', u'superb', u'lovely', u'excellent', u'delightful', u'fabulous', u'fantastic', u'nice', u'wonderful', u'perfect', u'exquisite', u'yummy', u'stylish']
descriptor 16:
[u'periods', u'whereas', u'although', u'particularly', u'significant', u'generally', u'achieved', u'studied', u'extent', u'years', u'relatively', u'however', u'compared', u'less', u'developed']
descriptor 17:
[u'goddamnit', u'ahhhhhh', u'nooooo', u'yesss', u'uhhh', u'ummmm', u'nooo', u'goddamit', u'noooo', u'righto', u'ooops', u'ohhhh', u'aaah', u'ohmygod', u'aaaah']
descriptor 18:
[u'money', u'afford', u'paying', u'invest', u'obtain', u'costs', u'pay', u'insure', u'cost', u'reduce', u'cheaper', u'need', u'require', u'payments', u'buying']
descriptor 19:
[u'know', u'tell', u'think', u'ask', u'anybody', u'understand', u'want', u'knew', u'sure', u'figured', u'anyone', u'believe', u'lemme', u'wanted', u'wondering']
descriptor 20:
[u'sir', u'brigadier', u'admiral', u'colonel', u'capt', u'lieutenant', u'captain', u'excellency', u'brig', u'commander', u'launcelot', u'knighted', u'comrade', u'consul', u'hon']
descriptor 21:
[u'closets', u'downstairs', u'upstairs', u'washroom', u'spacious', u'basement', u'patio', u'bedrooms', u'courtyard', u'skylight', u'appliances', u'dorms', u'bedroom', u'kitchen', u'fireplace']
descriptor 22:
[u'demure', u'anyroad', u'flattering', u'disconcerting', u'reassuring', u'christsake', u'exceedingly', u'fleeting', u'perceptive', u'arousing', u'extraordinarily', u'endearing', u'flynne', u'womanly', u'wladek']
descriptor 23:
[u'conduct', u'prosecution', u'consent', u'counsel', u'stated', u'refusal', u'defendant', u'instructed', u'inquiry', u'concluded', u'authorities', u'judicial', u'investigation', u'informed', u'regard']
descriptor 24:
[u'includes', u'selected', u'edition', u'published', u'presentation', u'introduction', u'catalog', u'digital', u'series', u'application', u'final', u'component', u'illustrated', u'reference', u'publication']
writing trajectories...
done with epoch:  16  cost = 518.9197062241623 time:  550.635702133
descriptor 0:
[u'dominate', u'compete', u'conquer', u'engage', u'succeed', u'inspire', u'strive', u'enemies', u'abandon', u'embrace', u'unite', u'destroy', u'evolve', u'ambitions', u'annihilate']
descriptor 1:
[u'father', u'god', u'deceased', u'hath', u'servant', u'savior', u'mother', u'lord', u'blessed', u'beloved', u'thy', u'eternal', u'unto', u'sorrow', u'daughters']
descriptor 2:
[u'wanna', u'kneel', u'relax', u'bitches', u'breathe', u'please', u'inhale', u'bathe', u'lick', u'fuck', u'beg', u'listen', u'implore', u'sit', u'shutup']
descriptor 3:
[u'turned', u'pulled', u'looked', u'girl', u'woman', u'black', u'looking', u'caught', u'allegedly', u'police', u'shot', u'scene', u'took', u'behind', u'white']
descriptor 4:
[u'stupid', u'crap', u'frankly', u'dumb', u'kinda', u'awful', u'bullshit', u'silly', u'annoying', u'complaining', u'bothers', u'ridiculous', u'idiot', u'shit', u'weird']
descriptor 5:
[u'mutated', u'reptilian', u'parasites', u'infested', u'grotesque', u'occult', u'extraterrestrial', u'primordial', u'microbes', u'demonic', u'rodents', u'organisms', u'poisonous', u'humanoid', u'reptiles']
descriptor 6:
[u'hello', u'hey', u'yep', u'yay', u'yup', u'cute', u'ummm', u'yeah', u'huh', u'awww', u'sweetie', u'ahh', u'dude', u'bro', u'hmmm']
descriptor 7:
[u'dried', u'shells', u'melted', u'ounces', u'lid', u'debris', u'dipped', u'compartment', u'drying', u'cooled', u'gallons', u'barrels', u'inches', u'liquid', u'aluminum']
descriptor 8:
[u'transponder', u'dispatcher', u'configuration', u'sender', u'module', u'pager', u'deactivate', u'modem', u'verify', u'scanner', u'schematics', u'detector', u'finder', u'transmitter', u'disable']
descriptor 9:
[u'fucken', u'fuckin', u'nigga', u'motherfuckin', u'gettin', u'shits', u'motherfucking', u'niggas', u'fucker', u'beatin', u'motherfucker', u'bangin', u'wearin', u'motherfuckers', u'woulda']
descriptor 10:
[u'lipnik', u'bodwin', u'mackelway', u'sheronda', u'hospitalized', u'bingy', u'tomorra', u'lateesha', u'carjack', u'quittin', u'ambushed', u'teschmacher', u'sorsha', u'lecktor', u'zerzura']
descriptor 11:
[u'elois', u'thorpey', u'jankis', u'candaules', u'rieper', u'thorkel', u'sheronda', u'flynne', u'teschmacher', u'burgel', u'fredrica', u'cammareri', u'fedorchuk', u'pimenov', u'thorgan']
descriptor 12:
[u'weekend', u'tomorrow', u'arrived', u'weeks', u'awhile', u'went', u'afternoon', u'week', u'yesterday', u'stayed', u'day', u'gone', u'last', u'later', u'woke']
descriptor 13:
[u'right', u'furthest', u'intersection', u'walkway', u'corner', u'heading', u'opposite', u'upriver', u'slope', u'ledge', u'farther', u'sideways', u'left', u'starboard', u'ramp']
descriptor 14:
[u'hundred', u'fifty', u'thousand', u'seventy', u'kilometers', u'eighty', u'thirty', u'forty', u'sixty', u'twenty', u'million', u'commonwealth', u'offices', u'representatives', u'metropolitan']
descriptor 15:
[u'tasty', u'delicious', u'elegant', u'lovely', u'superb', u'excellent', u'delightful', u'fabulous', u'fantastic', u'wonderful', u'nice', u'perfect', u'exquisite', u'yummy', u'breakfast']
descriptor 16:
[u'periods', u'whereas', u'although', u'particularly', u'significant', u'generally', u'achieved', u'years', u'extent', u'studied', u'less', u'however', u'compared', u'relatively', u'experience']
descriptor 17:
[u'goddamnit', u'ahhhhhh', u'nooooo', u'yesss', u'uhhh', u'ummmm', u'nooo', u'goddamit', u'noooo', u'ooops', u'righto', u'ohmygod', u'ohhhh', u'aaah', u'aaaah']
descriptor 18:
[u'money', u'afford', u'paying', u'invest', u'obtain', u'costs', u'pay', u'insure', u'cost', u'reduce', u'payments', u'need', u'cheaper', u'require', u'buying']
descriptor 19:
[u'know', u'tell', u'think', u'ask', u'anybody', u'understand', u'want', u'knew', u'anyone', u'believe', u'sure', u'figured', u'lemme', u'wanted', u'honestly']
descriptor 20:
[u'sir', u'admiral', u'brigadier', u'colonel', u'capt', u'lieutenant', u'excellency', u'captain', u'brig', u'commander', u'launcelot', u'knighted', u'comrade', u'consul', u'gallant']
descriptor 21:
[u'closets', u'downstairs', u'upstairs', u'washroom', u'spacious', u'basement', u'patio', u'courtyard', u'bedrooms', u'skylight', u'dorms', u'bedroom', u'appliances', u'rooming', u'fireplace']
descriptor 22:
[u'demure', u'anyroad', u'flattering', u'disconcerting', u'exceedingly', u'christsake', u'reassuring', u'fleeting', u'extraordinarily', u'arousing', u'perceptive', u'flynne', u'endearing', u'crissake', u'womanly']
descriptor 23:
[u'conduct', u'prosecution', u'counsel', u'consent', u'stated', u'refusal', u'instructed', u'defendant', u'inquiry', u'concluded', u'judicial', u'authorities', u'investigation', u'informed', u'regard']
descriptor 24:
[u'includes', u'selected', u'edition', u'presentation', u'introduction', u'published', u'catalog', u'series', u'digital', u'application', u'final', u'reference', u'component', u'second', u'illustrated']
writing trajectories...
done with epoch:  17  cost = 518.6218035377636 time:  553.112633228
descriptor 0:
[u'dominate', u'compete', u'conquer', u'engage', u'succeed', u'strive', u'inspire', u'enemies', u'abandon', u'destroy', u'unite', u'embrace', u'evolve', u'annihilate', u'ambitions']
descriptor 1:
[u'father', u'deceased', u'god', u'hath', u'servant', u'savior', u'mother', u'lord', u'blessed', u'beloved', u'thy', u'eternal', u'sorrow', u'betrayed', u'unto']
descriptor 2:
[u'wanna', u'relax', u'bitches', u'kneel', u'breathe', u'please', u'fuck', u'lick', u'bathe', u'inhale', u'beg', u'listen', u'shutup', u'implore', u'yell']
descriptor 3:
[u'turned', u'pulled', u'girl', u'woman', u'looked', u'black', u'caught', u'shot', u'allegedly', u'police', u'looking', u'scene', u'behind', u'took', u'white']
descriptor 4:
[u'stupid', u'crap', u'frankly', u'awful', u'dumb', u'kinda', u'bullshit', u'annoying', u'complaining', u'silly', u'idiot', u'ridiculous', u'bothers', u'shit', u'weird']
descriptor 5:
[u'mutated', u'reptilian', u'parasites', u'infested', u'grotesque', u'occult', u'extraterrestrial', u'primordial', u'microbes', u'poisonous', u'rodents', u'organisms', u'demonic', u'humanoid', u'reptiles']
descriptor 6:
[u'hello', u'hey', u'yep', u'yay', u'yup', u'cute', u'yeah', u'ummm', u'huh', u'awww', u'sweetie', u'ahh', u'dude', u'bro', u'hmmm']
descriptor 7:
[u'dried', u'shells', u'melted', u'lid', u'ounces', u'debris', u'compartment', u'drying', u'dipped', u'cooled', u'gallons', u'barrels', u'inches', u'vessels', u'limbs']
descriptor 8:
[u'transponder', u'dispatcher', u'configuration', u'module', u'sender', u'scanner', u'pager', u'modem', u'verify', u'deactivate', u'schematics', u'detector', u'transmitter', u'finder', u'password']
descriptor 9:
[u'fucken', u'fuckin', u'nigga', u'motherfuckin', u'gettin', u'shits', u'motherfucking', u'niggas', u'fucker', u'beatin', u'motherfucker', u'bangin', u'motherfuckers', u'wearin', u'suckin']
descriptor 10:
[u'lipnik', u'bodwin', u'mackelway', u'sheronda', u'hospitalized', u'bingy', u'lateesha', u'tomorra', u'quittin', u'teschmacher', u'zerzura', u'carjack', u'lecktor', u'sorsha', u'ambushed']
descriptor 11:
[u'thorpey', u'elois', u'jankis', u'candaules', u'rieper', u'sheronda', u'thorkel', u'flynne', u'teschmacher', u'burgel', u'fredrica', u'fedorchuk', u'cammareri', u'pimenov', u'matuschka']
descriptor 12:
[u'weekend', u'tomorrow', u'weeks', u'arrived', u'awhile', u'went', u'afternoon', u'week', u'yesterday', u'stayed', u'day', u'last', u'gone', u'ended', u'woke']
descriptor 13:
[u'right', u'furthest', u'intersection', u'corner', u'walkway', u'heading', u'opposite', u'upriver', u'sideways', u'ledge', u'slope', u'farther', u'left', u'ramp', u'starboard']
descriptor 14:
[u'hundred', u'fifty', u'thousand', u'seventy', u'thirty', u'eighty', u'forty', u'kilometers', u'twenty', u'sixty', u'million', u'commonwealth', u'representatives', u'offices', u'metropolitan']
descriptor 15:
[u'tasty', u'delicious', u'elegant', u'lovely', u'superb', u'excellent', u'delightful', u'fabulous', u'fantastic', u'nice', u'wonderful', u'perfect', u'exquisite', u'yummy', u'breakfast']
descriptor 16:
[u'periods', u'whereas', u'although', u'significant', u'particularly', u'generally', u'achieved', u'extent', u'compared', u'years', u'studied', u'relatively', u'however', u'less', u'observed']
descriptor 17:
[u'goddamnit', u'ahhhhhh', u'nooooo', u'yesss', u'uhhh', u'ummmm', u'nooo', u'noooo', u'goddamit', u'ooops', u'righto', u'ohhhh', u'ohmygod', u'aaah', u'aaaah']
descriptor 18:
[u'money', u'afford', u'paying', u'obtain', u'invest', u'costs', u'insure', u'pay', u'cost', u'reduce', u'payments', u'need', u'cheaper', u'buying', u'require']
descriptor 19:
[u'know', u'tell', u'think', u'ask', u'anybody', u'understand', u'want', u'knew', u'believe', u'anyone', u'sure', u'figured', u'lemme', u'wanna', u'honestly']
descriptor 20:
[u'sir', u'admiral', u'brigadier', u'colonel', u'capt', u'lieutenant', u'captain', u'excellency', u'commander', u'brig', u'launcelot', u'knighted', u'comrade', u'consul', u'chaplain']
descriptor 21:
[u'closets', u'downstairs', u'upstairs', u'washroom', u'spacious', u'basement', u'courtyard', u'patio', u'bedrooms', u'skylight', u'dorms', u'rooming', u'appliances', u'desks', u'bedroom']
descriptor 22:
[u'demure', u'anyroad', u'flattering', u'disconcerting', u'reassuring', u'exceedingly', u'christsake', u'fleeting', u'arousing', u'flynne', u'perceptive', u'endearing', u'extraordinarily', u'womanly', u'graceful']
descriptor 23:
[u'conduct', u'prosecution', u'refusal', u'counsel', u'consent', u'stated', u'authorities', u'defendant', u'instructed', u'concluded', u'inquiry', u'judicial', u'investigation', u'alleged', u'regard']
descriptor 24:
[u'includes', u'selected', u'edition', u'published', u'introduction', u'presentation', u'catalog', u'digital', u'series', u'application', u'final', u'illustrated', u'component', u'reference', u'highlights']
writing trajectories...
done with epoch:  18  cost = 518.2810569157011 time:  549.372888088
done with epoch:  19  cost = 518.3305360575689 time:  553.694163799
