loading data...
300 466 5 18970 9035 618 10291
compiling...
/Users/ishaansaxena/Library/Python/2.7/lib/python/site-packages/lasagne/nonlinearities.py:44: UserWarning: DEPRECATION: If x is a vector, Softmax will not automatically pad x anymore in next releases. If you need it, please do it manually. The vector case is gonna be supported soon and the output will be a vector.
  return theano.tensor.nnet.softmax(x)
done compiling, now training...
descriptor 0:
[u'think', u'certainly', u'something', u'know', u'indeed', u'fact', u'anything', u'really', u'even', u'understand']
descriptor 1:
[u'shhhhh', u'ohmigod', u'goddammit', u'woah', u'ohh', u'nooo', u'naah', u'oooooh', u'ahhh', u'hopin']
descriptor 2:
[u'four', u'three', u'eight', u'named', u'died', u'five', u'seven', u'nine', u'six', u'later']
descriptor 3:
[u'grab', u'squeeze', u'pull', u'suck', u'get', u'scramble', u'scrape', u'soak', u'gonna', u'quicker']
descriptor 4:
[u'naval', u'undertaken', u'operational', u'proposed', u'civilian', u'authorized', u'appointed', u'maritime', u'approved', u'military']
writing trajectories...
('done with epoch: ', 0, ' cost =', 346.1381449901574, 'time: ', 726.5274331569672)
descriptor 0:
[u'think', u'certainly', u'something', u'know', u'indeed', u'anything', u'really', u'fact', u'understand', u'even']
descriptor 1:
[u'ohmigod', u'goddammit', u'shhhhh', u'woah', u'nooo', u'naah', u'ohh', u'oooooh', u'ahhh', u'hopin']
descriptor 2:
[u'four', u'three', u'eight', u'named', u'five', u'seven', u'nine', u'six', u'died', u'later']
descriptor 3:
[u'grab', u'pull', u'squeeze', u'get', u'suck', u'gonna', u'quicker', u'scrape', u'soak', u'scramble']
descriptor 4:
[u'naval', u'undertaken', u'operational', u'civilian', u'authorized', u'maritime', u'accordance', u'specified', u'military', u'furthermore']
writing trajectories...
('done with epoch: ', 1, ' cost =', 337.3965225433713, 'time: ', 747.2116558551788)
descriptor 0:
[u'think', u'certainly', u'know', u'something', u'anything', u'really', u'indeed', u'understand', u'nothing', u'fact']
descriptor 1:
[u'ohmigod', u'shhhhh', u'goddammit', u'woah', u'nooo', u'ohh', u'naah', u'oooooh', u'nooooo', u'hopin']
descriptor 2:
[u'four', u'named', u'three', u'eight', u'five', u'seven', u'nine', u'later', u'died', u'six']
descriptor 3:
[u'grab', u'squeeze', u'pull', u'buckets', u'get', u'scramble', u'scrape', u'suck', u'soak', u'quicker']
descriptor 4:
[u'naval', u'undertaken', u'operational', u'civilian', u'accordance', u'maritime', u'specified', u'proposed', u'authorized', u'forces']
writing trajectories...
('done with epoch: ', 2, ' cost =', 335.2839372930212, 'time: ', 742.8826520442963)
descriptor 0:
[u'think', u'certainly', u'know', u'something', u'anything', u'really', u'understand', u'indeed', u'want', u'nothing']
descriptor 1:
[u'ohmigod', u'shhhhh', u'goddammit', u'woah', u'nooo', u'ohh', u'naah', u'oooooh', u'hopin', u'ahhh']
descriptor 2:
[u'named', u'four', u'three', u'eight', u'five', u'later', u'seven', u'died', u'first', u'nine']
descriptor 3:
[u'grab', u'squeeze', u'pull', u'buckets', u'scrape', u'scramble', u'soak', u'get', u'suck', u'extra']
descriptor 4:
[u'undertaken', u'naval', u'operational', u'specified', u'civilian', u'accordance', u'proposed', u'maritime', u'furthermore', u'authorized']
writing trajectories...
('done with epoch: ', 3, ' cost =', 334.10843507701856, 'time: ', 749.7937140464783)
descriptor 0:
[u'think', u'certainly', u'know', u'something', u'really', u'anything', u'understand', u'indeed', u'nothing', u'things']
descriptor 1:
[u'ohmigod', u'shhhhh', u'goddammit', u'woah', u'nooo', u'ohh', u'naah', u'oooooh', u'ahhh', u'wunderbar']
descriptor 2:
[u'named', u'four', u'three', u'later', u'eight', u'five', u'seven', u'died', u'first', u'nine']
descriptor 3:
[u'grab', u'squeeze', u'pull', u'buckets', u'scrape', u'scramble', u'soak', u'suck', u'extra', u'bounce']
descriptor 4:
[u'naval', u'undertaken', u'civilian', u'operational', u'accordance', u'specified', u'proposed', u'maritime', u'forces', u'military']
writing trajectories...
('done with epoch: ', 4, ' cost =', 333.50978383401696, 'time: ', 752.168967962265)
descriptor 0:
[u'think', u'certainly', u'know', u'something', u'really', u'anything', u'understand', u'indeed', u'things', u'nothing']
descriptor 1:
[u'shhhhh', u'ohmigod', u'goddammit', u'woah', u'nooo', u'ohh', u'naah', u'oooooh', u'wunderbar', u'hopin']
descriptor 2:
[u'named', u'four', u'three', u'eight', u'five', u'later', u'seven', u'died', u'nine', u'first']
descriptor 3:
[u'grab', u'squeeze', u'buckets', u'pull', u'suck', u'scramble', u'scrape', u'soak', u'bounce', u'bouncing']
descriptor 4:
[u'naval', u'undertaken', u'operational', u'civilian', u'maritime', u'specified', u'accordance', u'forces', u'military', u'authorized']
writing trajectories...
('done with epoch: ', 5, ' cost =', 333.0234725892313, 'time: ', 748.3822641372681)
descriptor 0:
[u'think', u'certainly', u'know', u'something', u'really', u'anything', u'understand', u'indeed', u'nothing', u'things']
descriptor 1:
[u'ohmigod', u'shhhhh', u'goddammit', u'woah', u'nooo', u'ohh', u'naah', u'oooooh', u'hopin', u'wunderbar']
descriptor 2:
[u'named', u'four', u'three', u'eight', u'later', u'five', u'seven', u'died', u'nine', u'first']
descriptor 3:
[u'grab', u'squeeze', u'pull', u'buckets', u'scramble', u'scrape', u'suck', u'soak', u'quicker', u'bounce']
descriptor 4:
[u'naval', u'undertaken', u'operational', u'civilian', u'specified', u'maritime', u'accordance', u'proposed', u'authorized', u'furthermore']
writing trajectories...
('done with epoch: ', 6, ' cost =', 332.4526931097566, 'time: ', 747.5064849853516)
descriptor 0:
[u'think', u'certainly', u'know', u'something', u'really', u'anything', u'understand', u'indeed', u'nothing', u'things']
descriptor 1:
[u'shhhhh', u'ohmigod', u'goddammit', u'woah', u'nooo', u'ohh', u'naah', u'oooooh', u'wunderbar', u'ahhh']
descriptor 2:
[u'named', u'four', u'three', u'eight', u'five', u'later', u'seven', u'died', u'nine', u'first']
descriptor 3:
[u'grab', u'squeeze', u'buckets', u'pull', u'scramble', u'scrape', u'soak', u'suck', u'bounce', u'sliding']
descriptor 4:
[u'undertaken', u'naval', u'operational', u'civilian', u'specified', u'maritime', u'accordance', u'furthermore', u'proposed', u'authorized']
writing trajectories...
('done with epoch: ', 7, ' cost =', 332.25187243576755, 'time: ', 749.726646900177)
descriptor 0:
[u'think', u'certainly', u'know', u'something', u'anything', u'really', u'understand', u'indeed', u'things', u'nothing']
descriptor 1:
[u'shhhhh', u'ohmigod', u'goddammit', u'woah', u'nooo', u'ohh', u'naah', u'oooooh', u'ahhh', u'wunderbar']
descriptor 2:
[u'named', u'four', u'three', u'eight', u'five', u'later', u'seven', u'died', u'nine', u'first']
descriptor 3:
[u'grab', u'squeeze', u'buckets', u'pull', u'scramble', u'scrape', u'suck', u'soak', u'bounce', u'bouncing']
descriptor 4:
[u'naval', u'undertaken', u'operational', u'civilian', u'specified', u'accordance', u'maritime', u'proposed', u'authorized', u'furthermore']
writing trajectories...
('done with epoch: ', 8, ' cost =', 331.46209519165916, 'time: ', 744.7938868999481)
descriptor 0:
[u'think', u'know', u'certainly', u'something', u'really', u'anything', u'understand', u'indeed', u'nothing', u'things']
descriptor 1:
[u'ohmigod', u'shhhhh', u'goddammit', u'woah', u'nooo', u'ohh', u'naah', u'oooooh', u'hopin', u'nooooo']
descriptor 2:
[u'named', u'four', u'three', u'later', u'died', u'eight', u'five', u'seven', u'first', u'nine']
descriptor 3:
[u'grab', u'squeeze', u'buckets', u'pull', u'scrape', u'scramble', u'soak', u'suck', u'bounce', u'extra']
descriptor 4:
[u'naval', u'undertaken', u'civilian', u'operational', u'specified', u'accordance', u'proposed', u'furthermore', u'maritime', u'military']
writing trajectories...
('done with epoch: ', 9, ' cost =', 331.23815257184015, 'time: ', 748.0042550563812)
descriptor 0:
[u'think', u'certainly', u'know', u'something', u'anything', u'really', u'understand', u'indeed', u'nothing', u'want']
descriptor 1:
[u'ohmigod', u'shhhhh', u'goddammit', u'woah', u'nooo', u'ohh', u'naah', u'oooooh', u'wunderbar', u'nooooo']
descriptor 2:
[u'named', u'four', u'three', u'later', u'eight', u'five', u'died', u'seven', u'first', u'nine']
descriptor 3:
[u'grab', u'squeeze', u'buckets', u'pull', u'scrape', u'scramble', u'soak', u'suck', u'bounce', u'extra']
descriptor 4:
[u'naval', u'undertaken', u'operational', u'civilian', u'specified', u'accordance', u'proposed', u'furthermore', u'maritime', u'military']
writing trajectories...
('done with epoch: ', 10, ' cost =', 331.2049921828597, 'time: ', 756.3686280250549)
descriptor 0:
[u'think', u'know', u'certainly', u'something', u'really', u'anything', u'understand', u'indeed', u'things', u'nothing']
descriptor 1:
[u'ohmigod', u'shhhhh', u'goddammit', u'woah', u'nooo', u'ohh', u'naah', u'oooooh', u'hopin', u'ahhh']
descriptor 2:
[u'named', u'four', u'three', u'later', u'eight', u'died', u'five', u'seven', u'first', u'nine']
descriptor 3:
[u'grab', u'squeeze', u'buckets', u'pull', u'scramble', u'suck', u'scrape', u'soak', u'bouncing', u'bounce']
descriptor 4:
[u'undertaken', u'naval', u'operational', u'civilian', u'specified', u'accordance', u'proposed', u'military', u'maritime', u'furthermore']
writing trajectories...
('done with epoch: ', 11, ' cost =', 330.9265800255881, 'time: ', 763.2133910655975)
descriptor 0:
[u'think', u'certainly', u'know', u'something', u'anything', u'really', u'understand', u'nothing', u'things', u'indeed']
descriptor 1:
[u'shhhhh', u'ohmigod', u'goddammit', u'woah', u'nooo', u'ohh', u'naah', u'oooooh', u'wunderbar', u'hopin']
descriptor 2:
[u'named', u'four', u'three', u'later', u'died', u'eight', u'five', u'seven', u'first', u'nine']
descriptor 3:
[u'grab', u'squeeze', u'buckets', u'pull', u'scrape', u'scramble', u'soak', u'suck', u'bounce', u'bouncing']
descriptor 4:
[u'undertaken', u'naval', u'operational', u'civilian', u'specified', u'accordance', u'proposed', u'authorized', u'furthermore', u'maritime']
writing trajectories...
('done with epoch: ', 12, ' cost =', 330.6264024378549, 'time: ', 807.6362910270691)
descriptor 0:
[u'think', u'certainly', u'know', u'something', u'really', u'anything', u'understand', u'things', u'indeed', u'nothing']
descriptor 1:
[u'shhhhh', u'ohmigod', u'goddammit', u'woah', u'nooo', u'ohh', u'naah', u'oooooh', u'wunderbar', u'hopin']
descriptor 2:
[u'named', u'four', u'three', u'died', u'later', u'eight', u'five', u'seven', u'first', u'nine']
descriptor 3:
[u'grab', u'buckets', u'squeeze', u'pull', u'scramble', u'soak', u'suck', u'scrape', u'bouncing', u'bounce']
descriptor 4:
[u'undertaken', u'naval', u'operational', u'civilian', u'specified', u'accordance', u'proposed', u'maritime', u'furthermore', u'military']
writing trajectories...
('done with epoch: ', 13, ' cost =', 330.405372292947, 'time: ', 767.9282939434052)
descriptor 0:
[u'think', u'certainly', u'know', u'really', u'something', u'anything', u'understand', u'want', u'things', u'indeed']
descriptor 1:
[u'ohmigod', u'shhhhh', u'goddammit', u'woah', u'nooo', u'ohh', u'naah', u'oooooh', u'wunderbar', u'hopin']
descriptor 2:
[u'named', u'four', u'three', u'later', u'died', u'eight', u'five', u'seven', u'nine', u'first']
descriptor 3:
[u'grab', u'squeeze', u'buckets', u'pull', u'scrape', u'scramble', u'soak', u'suck', u'bouncing', u'sliding']
descriptor 4:
[u'undertaken', u'naval', u'operational', u'civilian', u'specified', u'furthermore', u'accordance', u'proposed', u'maritime', u'increased']
writing trajectories...
('done with epoch: ', 14, ' cost =', 330.1952540494841, 'time: ', 709.4237239360809)
