mother daughter grandmother wife niece sister girlfriend father aunt husband
certainly indeed seems quite obviously something really fact hardly think
marble chapel courtyard robes estates coffin adjacent stained cloth terrace
back went next coming go going came ahead week last
punching ass punched forehead knocked shoved shit whacked fucking torso
u n ne nu je z pe h wa ch
allow seek decide intend hesitate persuade push must able fail
eight five four six nine three seven twenty fifteen eleven
shhhhh finelli sleazebag seeya nooooo wunderbar nooo ohmigod hopin segretti
metallic dashboard shiny sunglasses gingham foreground demure slinky earrings clipboard
money paying cash pay paid dollars businesses cost funds financing
components methods functional mechanism function physiological component furthermore parameters systems
tasty like flavor spicy stuff eat flavored fun honey delicious
oh thank goodness yeah gosh allah dear behold gracious replied
performances celebrated presentation inaugural presented opening first previous final memorable
statement officials acknowledged questioned insisted comment accused denied authorities investigation
soulless personify abomination lowlife liebkind mocks wickedness cledus tattler undead
yeah guess pretend tell ought anymore know okay listen gonna
nightfall afternoon morning evacuated nighttime noon arriving lunchtime fog crashed
herbert gardner randall edwin dixon clayton stuart allan wheeler dawson
