use add attach allow create choose allows provide make remove soft paste simple contain fill
yep heh yup ummm ahh ummmm geez hmm uhh hah ahhh thx ehh jeez uhhh
whorfin forthright sleazebag patronizing retiarius persuasive burgel impertinent unprofessional impersonating fedorchuk unbecoming preysing squarefoot braslow
girl loved seen sister story found discovered friend named boy inspired tale remembered looked daughter
hath unto thy jehovah wept beseech thee sinned thou decreed excellency servant thine lord merciful
wondered guessed frankly apologized bothered honestly happened nope complained pretended bothers insisted bothering implying evidently
siddown whatsamatter teschmacher sooze crissake rasczak cammareri pimenov jankis thorpey rieper christsakes bodwin sheronda whattya
ultimately spite equally existence belief regard necessarily truly necessity seemingly consequence nevertheless nonetheless humanity notion
officer chief officials officers operations deputy headquarters personnel military federal department council forces executive former
fucks cunt titty blowjob pussy slut redhead brunette ass licked cock tit banged dildo tits
slid shoulders ankles legs leaned knees underneath tucked leaning swung slipping toes hips pulling wrists
shit fuckin wanna fuck hate niggas faggots talkin morons hell gonna motherfuckers nigga fucken bullshit
configuration transmitter transponder vault skylight generator radiator compartment sensor antenna detector wiring padlock deflector walkway
measured phases periods analyzed continuous span increased intervals projected linear accelerated interval achieved operational estimated
somepin infantery charnier thuggees invulnerable starvation catchin flamethrower toxin deadlier decapitation consarn kiber tranq thorpey
need help get consult able advise want decide needed evaluate obtain needs know ask learn
dollars bucks measly got gettin money paid pay cash gonna outta shit get gotten hundred
dumplings strawberries sausages mangoes steaks pecan hamburgers olives flavored molasses spinach candied steamed caramels beets
afternoon noon evening saturday sunday lunchtime evenings night friday morning weekend nights thursday weekends sundays
elderly pets babysitting infants relatives handicapped nursing orphaned shelters facilities beds rooms psychiatric ambulatory homeless
