educational academic outstanding presentation presented arts performances students various variety addition contemporary social conferences faculty
excellency betrothed beseech ordained servant bridegroom decreed signor hath majesty unto telephoned ladyship madam bequeath
hearty hospitable wholesome homey croissants tasty airk marvellous mmmmmm natured chutney barrenger neighborly wunderbar indulgent
testified telephoned phoned assaulted schoolteacher interrogated indicted abducted coroner ratted molested stabbed interviewed harassed allegedly
information please click link name contact refer reference comment address info questions message question user
believing condemn accuse saying speak believes defend god pray blame telling believe oppose persuaded openly
slid corner heading swung walkway halfway sliding tucked stairs sits front strode onto ramp adjacent
goin doin nigga gettin talkin lookin comin niggas sayin playin nothin workin tryin feelin ridin
measly paltry francs hunnert quid shitload christsakes billions pennies coupla dollars crissake owed repaid anyroad
immortal resurrection reborn forsaken demonic kingdoms mythology eternal mystical undead immortality afterlife pestilence armageddon souls
constitutes liability violation improper statutory disclosure insufficient accordance discretion termination specified requirement statute negligence jurisdiction
bodwin treborn lecktor twenny rasczak tomorra reclose mackelway tranq deepcore flynne debrief pimenov barboni burgel
woke waking awake asleep awhile crying morning complaining tired hear sigh noticing afternoon interrupted bothering
flavored sausage cheese sauce ketchup pudding butter carrot homemade salad potato crackers spoon carrots mustard
thus affected whereas therefore dependent extent developed affect illness suffering increasing humans studied increased hence
approximately north northeast southeast kilometers south northern northwest east largest located estimated southwest city coast
metaphasic kiber deepcore mertin transmitters ngler intercom chemco retiarius gradski vitone airk greenteeth sheronda detectors
righto yesss ummmm ohhh uhhh awwww ohhhh ummm hiya ooops uhh ahhhhhh awww ahhhh whew
got took last picked came went bought get gotten gave getting finally put turned never
help hesitate want decide need get allow arrange advise stay able please prepare choose manage
granddaughter niece grandma aunt mom birthday grandpa sister cousin adorable dearest mama grandson daughter dad
honestly frankly suppose think obviously sorta guess kinda dunno really seem guessing wondered guessed definitely
fucking fuck fuckin fucker asshole fucken fucked cunt bitch ass fucks assholes faggot fuckers shit
delicate soft silky pale skin shiny bright thick elegant colorful smooth metallic wrinkled stylish gentle
captain commander admiral lieutenant squadron colonel naval sir fleet starfleet brigadier commanders battalion commanding aboard
