loading data...
300 466 20 18970 9035 618 10291
compiling...
/Users/ishaansaxena/Library/Python/2.7/lib/python/site-packages/lasagne/nonlinearities.py:44: UserWarning: DEPRECATION: If x is a vector, Softmax will not automatically pad x anymore in next releases. If you need it, please do it manually. The vector case is gonna be supported soon and the output will be a vector.
  return theano.tensor.nnet.softmax(x)
done compiling, now training...
descriptor 0:
[u'daughter', u'mother', u'niece', u'grandmother', u'aunt', u'girlfriend', u'wife', u'sister', u'girl', u'boyfriend']
descriptor 1:
[u'seems', u'something', u'indeed', u'really', u'fact', u'certainly', u'quite', u'thought', u'always', u'think']
descriptor 2:
[u'coffin', u'marble', u'olive', u'cloth', u'robe', u'tavern', u'walnut', u'statue', u'goat', u'basil']
descriptor 3:
[u'back', u'went', u'go', u'next', u'going', u'came', u'got', u'coming', u'week', u'last']
descriptor 4:
[u'ass', u'fucking', u'shit', u'busted', u'punching', u'whacked', u'beefy', u'bastard', u'bitten', u'forehead']
descriptor 5:
[u'u', u'nu', u'n', u'z', u'ne', u'je', u'pe', u'wa', u'ch', u'h']
descriptor 6:
[u'allow', u'seek', u'strive', u'hesitate', u'refuse', u'persuade', u'help', u'must', u'tempt', u'deprive']
descriptor 7:
[u'four', u'eight', u'five', u'three', u'six', u'seven', u'nine', u'twenty', u'twelve', u'eleven']
descriptor 8:
[u'shhhhh', u'ohmigod', u'goddammit', u'wunderbar', u'nooo', u'whooo', u'ahhhh', u'hopin', u'nooooo', u'ooops']
descriptor 9:
[u'shrubbery', u'ohmigod', u'smudge', u'unattractive', u'wrinkled', u'monstrosity', u'overdressed', u'nooo', u'metallic', u'perv']
descriptor 10:
[u'paying', u'money', u'pay', u'fewer', u'dollars', u'cash', u'cost', u'costs', u'getting', u'businesses']
descriptor 11:
[u'physiological', u'neural', u'organism', u'digestive', u'chronic', u'metabolism', u'detecting', u'hormonal', u'methods', u'organisms']
descriptor 12:
[u'stuff', u'tasty', u'flavor', u'fancy', u'nice', u'likes', u'cheese', u'spicy', u'taste', u'fun']
descriptor 13:
[u'goodness', u'oh', u'allah', u'replied', u'god', u'goddammit', u'uhhh', u'sir', u'yeah', u'yes']
descriptor 14:
[u'performances', u'celebrated', u'presented', u'enjoyed', u'evening', u'presentation', u'musical', u'occasion', u'devoted', u'ceremony']
descriptor 15:
[u'statement', u'acknowledged', u'disclosed', u'investigation', u'insisted', u'denied', u'informed', u'questioned', u'refused', u'argued']
descriptor 16:
[u'tormenting', u'terrify', u'hoboes', u'mocks', u'fezzik', u'despises', u'personify', u'madmen', u'undead', u'cenobites']
descriptor 17:
[u'yeah', u'ought', u'guess', u'know', u'okay', u'want', u'tell', u'ask', u'gonna', u'anymore']
descriptor 18:
[u'nightfall', u'heading', u'drifting', u'evacuated', u'crashed', u'ashore', u'afternoon', u'arriving', u'frigid', u'safely']
descriptor 19:
[u'dixon', u'gardner', u'wheeler', u'randall', u'henderson', u'willis', u'clayton', u'dawson', u'barrett', u'stuart']
writing trajectories...
done with epoch:  0  cost = 333.00647456496074 time:  903.461956024
descriptor 0:
[u'daughter', u'mother', u'grandmother', u'niece', u'girlfriend', u'aunt', u'wife', u'sister', u'girl', u'boyfriend']
descriptor 1:
[u'certainly', u'seems', u'indeed', u'really', u'something', u'fact', u'quite', u'thought', u'think', u'obviously']
descriptor 2:
[u'marble', u'coffin', u'chapel', u'cloth', u'olive', u'estates', u'tavern', u'robes', u'robe', u'courtyard']
descriptor 3:
[u'back', u'went', u'go', u'came', u'next', u'going', u'coming', u'last', u'week', u'ahead']
descriptor 4:
[u'ass', u'fucking', u'punching', u'shit', u'beefy', u'busted', u'forehead', u'thug', u'bitch', u'tattooed']
descriptor 5:
[u'u', u'ne', u'n', u'nu', u'z', u'wa', u'je', u'pe', u'h', u'luv']
descriptor 6:
[u'allow', u'seek', u'strive', u'persuade', u'able', u'push', u'hesitate', u'tempt', u'intend', u'help']
descriptor 7:
[u'four', u'eight', u'five', u'three', u'six', u'seven', u'nine', u'twenty', u'eleven', u'twelve']
descriptor 8:
[u'shhhhh', u'goddammit', u'ohmigod', u'wunderbar', u'hopin', u'nooooo', u'nooo', u'whooo', u'seeya', u'ahhhh']
descriptor 9:
[u'metallic', u'demure', u'wrinkled', u'gingham', u'dashboard', u'foreground', u'shiny', u'wallpaper', u'rolltop', u'exterior']
descriptor 10:
[u'paying', u'money', u'cash', u'pay', u'dollars', u'cost', u'billions', u'paid', u'costs', u'businesses']
descriptor 11:
[u'physiological', u'neural', u'component', u'methods', u'components', u'reducing', u'systems', u'mechanism', u'metabolism', u'function']
descriptor 12:
[u'tasty', u'stuff', u'flavor', u'cheese', u'spicy', u'like', u'chocolate', u'delicious', u'sauce', u'flavored']
descriptor 13:
[u'oh', u'allah', u'goodness', u'god', u'yeah', u'sir', u'replied', u'lord', u'almighty', u'yes']
descriptor 14:
[u'performances', u'celebrated', u'presented', u'presentation', u'enjoyed', u'inaugural', u'evening', u'occasion', u'musical', u'ceremony']
descriptor 15:
[u'statement', u'investigation', u'acknowledged', u'denied', u'refused', u'disclosed', u'questioned', u'officials', u'request', u'insisted']
descriptor 16:
[u'hoboes', u'personify', u'cenobites', u'clockworks', u'madmen', u'tormenting', u'terrify', u'undead', u'pentangeli', u'mocks']
descriptor 17:
[u'yeah', u'ought', u'guess', u'tell', u'know', u'okay', u'ask', u'gonna', u'yes', u'hey']
descriptor 18:
[u'nightfall', u'afternoon', u'evacuated', u'nighttime', u'fog', u'frigid', u'crashed', u'arriving', u'overnight', u'crews']
descriptor 19:
[u'dixon', u'clayton', u'wheeler', u'edwin', u'gardner', u'henderson', u'herbert', u'randall', u'willis', u'watson']
writing trajectories...
done with epoch:  1  cost = 319.4374180504869 time:  1014.08665299
descriptor 0:
[u'daughter', u'mother', u'grandmother', u'niece', u'girlfriend', u'sister', u'aunt', u'girl', u'wife', u'boyfriend']
descriptor 1:
[u'certainly', u'indeed', u'seems', u'really', u'quite', u'fact', u'something', u'thought', u'obviously', u'think']
descriptor 2:
[u'marble', u'coffin', u'courtyard', u'chapel', u'tavern', u'cloth', u'adjacent', u'estates', u'robes', u'terrace']
descriptor 3:
[u'back', u'went', u'next', u'go', u'came', u'coming', u'going', u'last', u'week', u'ahead']
descriptor 4:
[u'ass', u'punching', u'forehead', u'fucking', u'busted', u'punched', u'whacked', u'beefy', u'tattooed', u'shit']
descriptor 5:
[u'u', u'n', u'ne', u'nu', u'z', u'je', u'wa', u'h', u'luv', u'pe']
descriptor 6:
[u'allow', u'seek', u'persuade', u'able', u'push', u'hesitate', u'intend', u'strive', u'fail', u'help']
descriptor 7:
[u'four', u'eight', u'five', u'three', u'six', u'seven', u'nine', u'twenty', u'ten', u'eleven']
descriptor 8:
[u'shhhhh', u'goddammit', u'ohmigod', u'nooooo', u'wunderbar', u'hopin', u'seeya', u'whooo', u'nooo', u'ahhhh']
descriptor 9:
[u'metallic', u'demure', u'dashboard', u'gingham', u'shiny', u'wrinkled', u'foreground', u'wallpaper', u'encased', u'shapes']
descriptor 10:
[u'money', u'paying', u'cash', u'pay', u'dollars', u'cost', u'paid', u'businesses', u'costs', u'getting']
descriptor 11:
[u'physiological', u'component', u'neural', u'methods', u'systems', u'components', u'functional', u'mechanism', u'processing', u'specialized']
descriptor 12:
[u'tasty', u'stuff', u'like', u'flavor', u'spicy', u'cheese', u'chocolate', u'flavored', u'delicious', u'sauce']
descriptor 13:
[u'oh', u'goodness', u'allah', u'yeah', u'gosh', u'god', u'thank', u'behold', u'uh', u'sir']
descriptor 14:
[u'performances', u'celebrated', u'presented', u'presentation', u'inaugural', u'enjoyed', u'occasion', u'evening', u'opening', u'musical']
descriptor 15:
[u'statement', u'disclosed', u'investigation', u'acknowledged', u'questioned', u'denied', u'officials', u'comment', u'refused', u'insisted']
descriptor 16:
[u'personify', u'clockworks', u'undead', u'hoboes', u'pentangeli', u'lowlife', u'terrify', u'patricide', u'cenobites', u'mocks']
descriptor 17:
[u'yeah', u'tell', u'ought', u'guess', u'know', u'listen', u'anymore', u'pretend', u'gonna', u'ask']
descriptor 18:
[u'nightfall', u'afternoon', u'nighttime', u'evacuated', u'fog', u'arriving', u'crews', u'stranded', u'morning', u'crashed']
descriptor 19:
[u'dixon', u'gardner', u'herbert', u'randall', u'watson', u'brad', u'wheeler', u'clayton', u'edwin', u'willis']
writing trajectories...
done with epoch:  2  cost = 315.9090737688137 time:  1011.89544296
descriptor 0:
[u'mother', u'daughter', u'grandmother', u'niece', u'aunt', u'girlfriend', u'wife', u'sister', u'girl', u'boyfriend']
descriptor 1:
[u'certainly', u'indeed', u'seems', u'quite', u'really', u'fact', u'something', u'obviously', u'thought', u'think']
descriptor 2:
[u'marble', u'coffin', u'chapel', u'courtyard', u'adjacent', u'terrace', u'cloth', u'robes', u'estates', u'tavern']
descriptor 3:
[u'back', u'went', u'next', u'came', u'go', u'coming', u'last', u'going', u'week', u'ahead']
descriptor 4:
[u'ass', u'punching', u'forehead', u'punched', u'fucking', u'busted', u'shit', u'whacked', u'tattooed', u'shoved']
descriptor 5:
[u'u', u'n', u'ne', u'nu', u'z', u'je', u'h', u'wa', u'pe', u'ch']
descriptor 6:
[u'allow', u'seek', u'persuade', u'hesitate', u'intend', u'able', u'push', u'decide', u'fail', u'must']
descriptor 7:
[u'eight', u'four', u'five', u'six', u'three', u'nine', u'seven', u'twenty', u'ten', u'eleven']
descriptor 8:
[u'shhhhh', u'ohmigod', u'nooooo', u'goddammit', u'wunderbar', u'nooo', u'seeya', u'hopin', u'whooo', u'sleazebag']
descriptor 9:
[u'metallic', u'demure', u'dashboard', u'gingham', u'shiny', u'foreground', u'wrinkled', u'wallpaper', u'shapes', u'peeked']
descriptor 10:
[u'money', u'paying', u'cash', u'pay', u'dollars', u'businesses', u'paid', u'cost', u'costs', u'buy']
descriptor 11:
[u'physiological', u'component', u'components', u'methods', u'systems', u'functional', u'mechanism', u'function', u'neural', u'specialized']
descriptor 12:
[u'tasty', u'like', u'flavor', u'stuff', u'spicy', u'chocolate', u'cheese', u'flavored', u'delicious', u'sauce']
descriptor 13:
[u'oh', u'allah', u'goodness', u'yeah', u'thank', u'gosh', u'uh', u'god', u'ah', u'sir']
descriptor 14:
[u'performances', u'celebrated', u'presentation', u'inaugural', u'presented', u'enjoyed', u'occasion', u'opening', u'musical', u'evening']
descriptor 15:
[u'statement', u'officials', u'acknowledged', u'questioned', u'investigation', u'disclosed', u'insisted', u'denied', u'comment', u'refused']
descriptor 16:
[u'personify', u'abomination', u'undead', u'lowlife', u'mocks', u'soulless', u'hoboes', u'clockworks', u'patricide', u'cledus']
descriptor 17:
[u'yeah', u'tell', u'guess', u'ought', u'listen', u'pretend', u'know', u'anymore', u'gonna', u'yes']
descriptor 18:
[u'nightfall', u'afternoon', u'nighttime', u'fog', u'morning', u'evacuated', u'arriving', u'noon', u'crashed', u'frigid']
descriptor 19:
[u'dixon', u'gardner', u'randall', u'herbert', u'clayton', u'watson', u'willis', u'edwin', u'allan', u'wheeler']
writing trajectories...
done with epoch:  3  cost = 313.7657972881265 time:  988.567326069
descriptor 0:
[u'mother', u'daughter', u'grandmother', u'niece', u'aunt', u'girlfriend', u'wife', u'sister', u'father', u'boyfriend']
descriptor 1:
[u'certainly', u'indeed', u'seems', u'quite', u'really', u'something', u'obviously', u'fact', u'thought', u'think']
descriptor 2:
[u'marble', u'coffin', u'chapel', u'courtyard', u'adjacent', u'terrace', u'robes', u'beside', u'tavern', u'cloth']
descriptor 3:
[u'back', u'went', u'next', u'came', u'coming', u'go', u'going', u'last', u'week', u'ahead']
descriptor 4:
[u'ass', u'punching', u'forehead', u'shit', u'fucking', u'punched', u'busted', u'shoved', u'tattooed', u'whacked']
descriptor 5:
[u'u', u'n', u'ne', u'nu', u'z', u'je', u'wa', u'h', u'pe', u'ch']
descriptor 6:
[u'allow', u'seek', u'persuade', u'hesitate', u'push', u'intend', u'able', u'decide', u'must', u'fail']
descriptor 7:
[u'eight', u'four', u'five', u'six', u'three', u'nine', u'seven', u'twenty', u'eleven', u'fifteen']
descriptor 8:
[u'shhhhh', u'nooooo', u'wunderbar', u'finelli', u'hopin', u'ohmigod', u'seeya', u'goddammit', u'nooo', u'whooo']
descriptor 9:
[u'metallic', u'demure', u'shiny', u'dashboard', u'gingham', u'foreground', u'sunglasses', u'wrinkled', u'wallpaper', u'shapes']
descriptor 10:
[u'money', u'paying', u'cash', u'pay', u'dollars', u'paid', u'cost', u'businesses', u'costs', u'buy']
descriptor 11:
[u'physiological', u'component', u'components', u'functional', u'function', u'mechanism', u'methods', u'neural', u'systems', u'functions']
descriptor 12:
[u'tasty', u'like', u'flavor', u'spicy', u'stuff', u'cheese', u'chocolate', u'flavored', u'fun', u'delicious']
descriptor 13:
[u'oh', u'goodness', u'allah', u'thank', u'gosh', u'yeah', u'god', u'uh', u'ah', u'behold']
descriptor 14:
[u'performances', u'celebrated', u'presentation', u'presented', u'inaugural', u'musical', u'opening', u'occasion', u'enjoyed', u'evening']
descriptor 15:
[u'statement', u'acknowledged', u'officials', u'disclosed', u'investigation', u'questioned', u'denied', u'comment', u'insisted', u'informed']
descriptor 16:
[u'personify', u'lowlife', u'abomination', u'soulless', u'mocks', u'clockworks', u'cledus', u'undead', u'hoboes', u'liebkind']
descriptor 17:
[u'yeah', u'guess', u'tell', u'listen', u'pretend', u'ought', u'know', u'anymore', u'okay', u'gonna']
descriptor 18:
[u'nightfall', u'afternoon', u'nighttime', u'arriving', u'fog', u'morning', u'evacuated', u'noon', u'crews', u'crashed']
descriptor 19:
[u'gardner', u'herbert', u'dixon', u'randall', u'clayton', u'wheeler', u'edwin', u'willis', u'watson', u'allan']
writing trajectories...
done with epoch:  4  cost = 312.2489169841768 time:  984.510555029
descriptor 0:
[u'mother', u'daughter', u'grandmother', u'niece', u'aunt', u'wife', u'girlfriend', u'sister', u'father', u'girl']
descriptor 1:
[u'certainly', u'indeed', u'seems', u'quite', u'really', u'obviously', u'something', u'fact', u'thought', u'think']
descriptor 2:
[u'marble', u'coffin', u'chapel', u'courtyard', u'adjacent', u'robes', u'estates', u'beside', u'cloth', u'tavern']
descriptor 3:
[u'back', u'went', u'next', u'coming', u'go', u'came', u'going', u'last', u'week', u'ahead']
descriptor 4:
[u'ass', u'punching', u'forehead', u'punched', u'shit', u'fucking', u'shoved', u'busted', u'torso', u'whacked']
descriptor 5:
[u'u', u'n', u'ne', u'nu', u'z', u'je', u'wa', u'pe', u'luv', u'h']
descriptor 6:
[u'allow', u'seek', u'persuade', u'hesitate', u'intend', u'decide', u'push', u'able', u'must', u'fail']
descriptor 7:
[u'eight', u'four', u'five', u'six', u'three', u'nine', u'seven', u'twenty', u'eleven', u'fifteen']
descriptor 8:
[u'shhhhh', u'nooooo', u'finelli', u'ohmigod', u'seeya', u'wunderbar', u'hopin', u'sleazebag', u'goddammit', u'nooo']
descriptor 9:
[u'metallic', u'dashboard', u'shiny', u'demure', u'gingham', u'foreground', u'sunglasses', u'wrinkled', u'wallpaper', u'shapes']
descriptor 10:
[u'money', u'paying', u'cash', u'pay', u'dollars', u'paid', u'cost', u'businesses', u'buy', u'costs']
descriptor 11:
[u'physiological', u'components', u'component', u'functional', u'mechanism', u'systems', u'function', u'methods', u'neural', u'parameters']
descriptor 12:
[u'like', u'tasty', u'flavor', u'stuff', u'spicy', u'fun', u'cheese', u'flavored', u'chocolate', u'likes']
descriptor 13:
[u'oh', u'allah', u'goodness', u'thank', u'gosh', u'yeah', u'god', u'uhhh', u'uh', u'behold']
descriptor 14:
[u'performances', u'celebrated', u'presentation', u'presented', u'inaugural', u'occasion', u'opening', u'musical', u'enjoyed', u'evening']
descriptor 15:
[u'statement', u'officials', u'acknowledged', u'investigation', u'questioned', u'disclosed', u'insisted', u'comment', u'denied', u'accused']
descriptor 16:
[u'personify', u'abomination', u'soulless', u'mocks', u'undead', u'tattler', u'liebkind', u'lowlife', u'hoboes', u'clockworks']
descriptor 17:
[u'yeah', u'tell', u'guess', u'pretend', u'listen', u'ought', u'know', u'anymore', u'gonna', u'okay']
descriptor 18:
[u'nightfall', u'afternoon', u'nighttime', u'arriving', u'evacuated', u'morning', u'noon', u'fog', u'crashed', u'crews']
descriptor 19:
[u'herbert', u'randall', u'gardner', u'dixon', u'edwin', u'clayton', u'wheeler', u'willis', u'allan', u'watson']
writing trajectories...
done with epoch:  5  cost = 311.2386012029187 time:  1011.49594498
descriptor 0:
[u'mother', u'daughter', u'grandmother', u'niece', u'wife', u'aunt', u'girlfriend', u'sister', u'girl', u'father']
descriptor 1:
[u'certainly', u'indeed', u'seems', u'quite', u'something', u'really', u'obviously', u'fact', u'thought', u'hardly']
descriptor 2:
[u'chapel', u'marble', u'coffin', u'courtyard', u'adjacent', u'robes', u'estates', u'cloth', u'beside', u'terrace']
descriptor 3:
[u'back', u'went', u'next', u'coming', u'go', u'came', u'going', u'last', u'week', u'ahead']
descriptor 4:
[u'ass', u'punching', u'forehead', u'punched', u'fucking', u'shit', u'shoved', u'busted', u'whacked', u'torso']
descriptor 5:
[u'u', u'ne', u'n', u'nu', u'je', u'z', u'pe', u'wa', u'h', u'ch']
descriptor 6:
[u'allow', u'seek', u'persuade', u'decide', u'intend', u'hesitate', u'push', u'able', u'must', u'fail']
descriptor 7:
[u'eight', u'four', u'five', u'six', u'three', u'nine', u'seven', u'twenty', u'eleven', u'fifteen']
descriptor 8:
[u'shhhhh', u'finelli', u'seeya', u'wunderbar', u'nooooo', u'ohmigod', u'nooo', u'goddammit', u'sleazebag', u'hopin']
descriptor 9:
[u'metallic', u'shiny', u'dashboard', u'gingham', u'demure', u'sunglasses', u'foreground', u'shapes', u'wrinkled', u'wallpaper']
descriptor 10:
[u'money', u'paying', u'cash', u'pay', u'dollars', u'paid', u'businesses', u'cost', u'buy', u'costs']
descriptor 11:
[u'physiological', u'components', u'component', u'functional', u'mechanism', u'methods', u'systems', u'function', u'furthermore', u'parameters']
descriptor 12:
[u'like', u'tasty', u'flavor', u'stuff', u'spicy', u'fun', u'flavored', u'honey', u'cheese', u'chocolate']
descriptor 13:
[u'oh', u'goodness', u'thank', u'allah', u'yeah', u'gosh', u'god', u'dear', u'ah', u'uh']
descriptor 14:
[u'performances', u'celebrated', u'presentation', u'presented', u'occasion', u'inaugural', u'musical', u'opening', u'enjoyed', u'memorable']
descriptor 15:
[u'statement', u'officials', u'acknowledged', u'investigation', u'questioned', u'comment', u'insisted', u'disclosed', u'denied', u'refused']
descriptor 16:
[u'personify', u'soulless', u'abomination', u'lowlife', u'liebkind', u'cledus', u'tattler', u'mocks', u'undead', u'clockworks']
descriptor 17:
[u'yeah', u'guess', u'tell', u'pretend', u'ought', u'listen', u'know', u'anymore', u'gonna', u'okay']
descriptor 18:
[u'nightfall', u'afternoon', u'arriving', u'evacuated', u'morning', u'nighttime', u'noon', u'crashed', u'crews', u'fog']
descriptor 19:
[u'gardner', u'herbert', u'randall', u'dixon', u'clayton', u'edwin', u'neal', u'wheeler', u'willis', u'allan']
writing trajectories...
done with epoch:  6  cost = 310.1509765214632 time:  977.571818113
descriptor 0:
[u'mother', u'daughter', u'grandmother', u'niece', u'wife', u'girlfriend', u'aunt', u'sister', u'father', u'boyfriend']
descriptor 1:
[u'certainly', u'indeed', u'seems', u'quite', u'obviously', u'really', u'something', u'fact', u'thought', u'hardly']
descriptor 2:
[u'chapel', u'marble', u'coffin', u'courtyard', u'adjacent', u'robes', u'estates', u'beside', u'stained', u'cloth']
descriptor 3:
[u'back', u'went', u'next', u'coming', u'came', u'go', u'going', u'last', u'week', u'ahead']
descriptor 4:
[u'ass', u'punching', u'forehead', u'punched', u'shit', u'fucking', u'shoved', u'whacked', u'knocked', u'torso']
descriptor 5:
[u'u', u'n', u'ne', u'nu', u'z', u'je', u'wa', u'pe', u'h', u'ch']
descriptor 6:
[u'allow', u'seek', u'persuade', u'decide', u'push', u'intend', u'hesitate', u'able', u'must', u'fail']
descriptor 7:
[u'eight', u'four', u'five', u'six', u'nine', u'three', u'seven', u'twenty', u'eleven', u'ten']
descriptor 8:
[u'shhhhh', u'nooooo', u'finelli', u'wunderbar', u'nooo', u'ohmigod', u'seeya', u'sleazebag', u'hopin', u'goddammit']
descriptor 9:
[u'metallic', u'dashboard', u'shiny', u'gingham', u'sunglasses', u'foreground', u'demure', u'shapes', u'wallpaper', u'clipboard']
descriptor 10:
[u'money', u'paying', u'cash', u'pay', u'dollars', u'paid', u'cost', u'businesses', u'funds', u'buy']
descriptor 11:
[u'physiological', u'components', u'component', u'functional', u'mechanism', u'function', u'methods', u'systems', u'parameters', u'furthermore']
descriptor 12:
[u'like', u'tasty', u'flavor', u'spicy', u'stuff', u'flavored', u'fun', u'likes', u'honey', u'cheese']
descriptor 13:
[u'oh', u'thank', u'goodness', u'allah', u'yeah', u'gosh', u'dear', u'god', u'replied', u'behold']
descriptor 14:
[u'performances', u'celebrated', u'presentation', u'inaugural', u'presented', u'opening', u'occasion', u'musical', u'memorable', u'enjoyed']
descriptor 15:
[u'statement', u'officials', u'acknowledged', u'questioned', u'investigation', u'disclosed', u'insisted', u'denied', u'comment', u'accused']
descriptor 16:
[u'soulless', u'personify', u'lowlife', u'abomination', u'tattler', u'mocks', u'liebkind', u'cledus', u'clockworks', u'undead']
descriptor 17:
[u'yeah', u'guess', u'tell', u'pretend', u'ought', u'anymore', u'listen', u'know', u'gonna', u'okay']
descriptor 18:
[u'nightfall', u'afternoon', u'arriving', u'morning', u'evacuated', u'nighttime', u'noon', u'crashed', u'crews', u'fog']
descriptor 19:
[u'randall', u'herbert', u'gardner', u'dixon', u'clayton', u'edwin', u'allan', u'willis', u'wheeler', u'neal']
writing trajectories...
done with epoch:  7  cost = 309.6921855809251 time:  998.118628025
descriptor 0:
[u'mother', u'daughter', u'grandmother', u'niece', u'wife', u'aunt', u'girlfriend', u'sister', u'father', u'girl']
descriptor 1:
[u'certainly', u'indeed', u'seems', u'quite', u'obviously', u'something', u'really', u'fact', u'hardly', u'thought']
descriptor 2:
[u'chapel', u'marble', u'courtyard', u'coffin', u'estates', u'adjacent', u'robes', u'terrace', u'cloth', u'beside']
descriptor 3:
[u'back', u'went', u'next', u'coming', u'go', u'came', u'going', u'last', u'ahead', u'week']
descriptor 4:
[u'ass', u'punching', u'forehead', u'punched', u'shit', u'knocked', u'fucking', u'shoved', u'whacked', u'busted']
descriptor 5:
[u'u', u'n', u'ne', u'nu', u'z', u'je', u'pe', u'wa', u'h', u'ch']
descriptor 6:
[u'allow', u'seek', u'persuade', u'intend', u'decide', u'hesitate', u'push', u'able', u'must', u'fail']
descriptor 7:
[u'eight', u'four', u'five', u'six', u'nine', u'three', u'seven', u'twenty', u'fifteen', u'eleven']
descriptor 8:
[u'shhhhh', u'finelli', u'nooooo', u'seeya', u'wunderbar', u'sleazebag', u'ohmigod', u'nooo', u'goddammit', u'hopin']
descriptor 9:
[u'metallic', u'dashboard', u'shiny', u'gingham', u'demure', u'sunglasses', u'foreground', u'wallpaper', u'slinky', u'clipboard']
descriptor 10:
[u'money', u'paying', u'cash', u'pay', u'dollars', u'paid', u'cost', u'businesses', u'buy', u'costs']
descriptor 11:
[u'physiological', u'components', u'functional', u'mechanism', u'component', u'function', u'methods', u'systems', u'furthermore', u'parameters']
descriptor 12:
[u'like', u'tasty', u'flavor', u'spicy', u'stuff', u'fun', u'flavored', u'likes', u'eat', u'cheese']
descriptor 13:
[u'oh', u'thank', u'goodness', u'allah', u'yeah', u'gosh', u'dear', u'behold', u'uh', u'replied']
descriptor 14:
[u'performances', u'celebrated', u'presentation', u'inaugural', u'presented', u'opening', u'occasion', u'musical', u'memorable', u'first']
descriptor 15:
[u'officials', u'statement', u'acknowledged', u'questioned', u'investigation', u'insisted', u'disclosed', u'denied', u'comment', u'accused']
descriptor 16:
[u'soulless', u'personify', u'abomination', u'lowlife', u'mocks', u'liebkind', u'cledus', u'undead', u'tattler', u'wickedness']
descriptor 17:
[u'yeah', u'guess', u'tell', u'ought', u'pretend', u'know', u'anymore', u'listen', u'gonna', u'okay']
descriptor 18:
[u'nightfall', u'afternoon', u'arriving', u'evacuated', u'nighttime', u'morning', u'noon', u'fog', u'crashed', u'crews']
descriptor 19:
[u'gardner', u'herbert', u'randall', u'clayton', u'dixon', u'edwin', u'wheeler', u'willis', u'allan', u'stuart']
writing trajectories...
done with epoch:  8  cost = 308.7562245466525 time:  1004.14031196
descriptor 0:
[u'mother', u'daughter', u'grandmother', u'niece', u'wife', u'aunt', u'girlfriend', u'sister', u'girl', u'father']
descriptor 1:
[u'certainly', u'indeed', u'seems', u'quite', u'something', u'obviously', u'really', u'fact', u'hardly', u'thought']
descriptor 2:
[u'chapel', u'marble', u'courtyard', u'coffin', u'robes', u'estates', u'adjacent', u'terrace', u'cloth', u'stained']
descriptor 3:
[u'back', u'went', u'next', u'coming', u'go', u'came', u'going', u'week', u'last', u'ahead']
descriptor 4:
[u'ass', u'punching', u'forehead', u'punched', u'shit', u'knocked', u'shoved', u'fucking', u'whacked', u'busted']
descriptor 5:
[u'u', u'n', u'ne', u'z', u'nu', u'je', u'wa', u'h', u'pe', u'ch']
descriptor 6:
[u'allow', u'seek', u'persuade', u'intend', u'decide', u'push', u'hesitate', u'able', u'must', u'fail']
descriptor 7:
[u'eight', u'four', u'five', u'six', u'nine', u'three', u'seven', u'twenty', u'fifteen', u'eleven']
descriptor 8:
[u'shhhhh', u'finelli', u'nooooo', u'seeya', u'sleazebag', u'wunderbar', u'ohmigod', u'nooo', u'hopin', u'goddammit']
descriptor 9:
[u'metallic', u'dashboard', u'shiny', u'gingham', u'sunglasses', u'foreground', u'demure', u'slinky', u'clipboard', u'wallpaper']
descriptor 10:
[u'money', u'paying', u'cash', u'pay', u'dollars', u'paid', u'cost', u'businesses', u'costs', u'funds']
descriptor 11:
[u'physiological', u'components', u'mechanism', u'component', u'functional', u'function', u'methods', u'furthermore', u'systems', u'parameters']
descriptor 12:
[u'tasty', u'like', u'flavor', u'spicy', u'stuff', u'flavored', u'eat', u'fun', u'honey', u'chocolate']
descriptor 13:
[u'oh', u'thank', u'goodness', u'allah', u'gosh', u'yeah', u'dear', u'behold', u'merciful', u'god']
descriptor 14:
[u'performances', u'celebrated', u'presentation', u'inaugural', u'presented', u'opening', u'occasion', u'first', u'musical', u'final']
descriptor 15:
[u'officials', u'statement', u'acknowledged', u'questioned', u'comment', u'insisted', u'disclosed', u'accused', u'denied', u'investigation']
descriptor 16:
[u'soulless', u'personify', u'lowlife', u'abomination', u'mocks', u'liebkind', u'tattler', u'cledus', u'wickedness', u'dreamers']
descriptor 17:
[u'yeah', u'guess', u'tell', u'pretend', u'ought', u'anymore', u'know', u'listen', u'okay', u'gonna']
descriptor 18:
[u'nightfall', u'afternoon', u'arriving', u'morning', u'evacuated', u'noon', u'crashed', u'nighttime', u'fog', u'lunchtime']
descriptor 19:
[u'herbert', u'gardner', u'randall', u'clayton', u'dixon', u'edwin', u'allan', u'willis', u'wheeler', u'dawson']
writing trajectories...
done with epoch:  9  cost = 308.31438355370364 time:  1001.93815994
descriptor 0:
[u'mother', u'daughter', u'grandmother', u'wife', u'niece', u'aunt', u'girlfriend', u'sister', u'father', u'girl']
descriptor 1:
[u'certainly', u'indeed', u'seems', u'quite', u'something', u'obviously', u'really', u'fact', u'hardly', u'thought']
descriptor 2:
[u'marble', u'chapel', u'courtyard', u'coffin', u'robes', u'estates', u'cloth', u'adjacent', u'stained', u'terrace']
descriptor 3:
[u'back', u'went', u'next', u'coming', u'go', u'came', u'going', u'week', u'last', u'ahead']
descriptor 4:
[u'ass', u'punching', u'forehead', u'punched', u'shit', u'knocked', u'shoved', u'fucking', u'whacked', u'torso']
descriptor 5:
[u'u', u'n', u'ne', u'z', u'nu', u'je', u'wa', u'h', u'pe', u'luv']
descriptor 6:
[u'allow', u'seek', u'persuade', u'intend', u'decide', u'hesitate', u'push', u'able', u'must', u'fail']
descriptor 7:
[u'eight', u'four', u'five', u'six', u'nine', u'three', u'seven', u'twenty', u'fifteen', u'eleven']
descriptor 8:
[u'shhhhh', u'finelli', u'nooooo', u'wunderbar', u'sleazebag', u'seeya', u'ohmigod', u'nooo', u'hopin', u'goddammit']
descriptor 9:
[u'metallic', u'dashboard', u'shiny', u'gingham', u'sunglasses', u'foreground', u'demure', u'slinky', u'clipboard', u'wallpaper']
descriptor 10:
[u'money', u'paying', u'cash', u'pay', u'dollars', u'paid', u'cost', u'businesses', u'financing', u'costs']
descriptor 11:
[u'components', u'physiological', u'mechanism', u'methods', u'functional', u'component', u'function', u'furthermore', u'parameters', u'systems']
descriptor 12:
[u'like', u'tasty', u'flavor', u'spicy', u'stuff', u'flavored', u'fun', u'eat', u'cream', u'likes']
descriptor 13:
[u'oh', u'thank', u'goodness', u'yeah', u'gosh', u'allah', u'dear', u'behold', u'merciful', u'thankful']
descriptor 14:
[u'celebrated', u'performances', u'inaugural', u'presentation', u'opening', u'occasion', u'presented', u'final', u'musical', u'first']
descriptor 15:
[u'statement', u'officials', u'acknowledged', u'questioned', u'insisted', u'accused', u'comment', u'denied', u'investigation', u'disclosed']
descriptor 16:
[u'soulless', u'personify', u'abomination', u'lowlife', u'liebkind', u'mocks', u'undead', u'tattler', u'wickedness', u'cledus']
descriptor 17:
[u'yeah', u'guess', u'tell', u'pretend', u'ought', u'anymore', u'know', u'listen', u'okay', u'gonna']
descriptor 18:
[u'nightfall', u'afternoon', u'evacuated', u'morning', u'arriving', u'noon', u'nighttime', u'crashed', u'fog', u'lunchtime']
descriptor 19:
[u'herbert', u'gardner', u'randall', u'dixon', u'clayton', u'allan', u'edwin', u'wheeler', u'willis', u'stuart']
writing trajectories...
done with epoch:  10  cost = 307.7969528581121 time:  1037.36295795
descriptor 0:
[u'mother', u'daughter', u'grandmother', u'wife', u'niece', u'sister', u'girlfriend', u'father', u'aunt', u'girl']
descriptor 1:
[u'certainly', u'indeed', u'seems', u'quite', u'obviously', u'something', u'really', u'fact', u'hardly', u'thought']
descriptor 2:
[u'chapel', u'marble', u'courtyard', u'estates', u'robes', u'coffin', u'adjacent', u'cloth', u'stained', u'terrace']
descriptor 3:
[u'back', u'went', u'next', u'coming', u'go', u'came', u'week', u'last', u'ahead', u'going']
descriptor 4:
[u'ass', u'punching', u'forehead', u'punched', u'shit', u'knocked', u'fucking', u'shoved', u'whacked', u'busted']
descriptor 5:
[u'u', u'n', u'ne', u'nu', u'z', u'je', u'wa', u'pe', u'h', u'luv']
descriptor 6:
[u'allow', u'seek', u'decide', u'persuade', u'intend', u'hesitate', u'push', u'able', u'must', u'fail']
descriptor 7:
[u'eight', u'four', u'five', u'six', u'nine', u'three', u'seven', u'twenty', u'fifteen', u'eleven']
descriptor 8:
[u'shhhhh', u'finelli', u'nooooo', u'sleazebag', u'wunderbar', u'seeya', u'nooo', u'ohmigod', u'hopin', u'goddammit']
descriptor 9:
[u'metallic', u'dashboard', u'shiny', u'gingham', u'sunglasses', u'foreground', u'demure', u'slinky', u'clipboard', u'shapes']
descriptor 10:
[u'money', u'paying', u'cash', u'pay', u'paid', u'dollars', u'cost', u'businesses', u'funds', u'financing']
descriptor 11:
[u'components', u'physiological', u'functional', u'methods', u'component', u'mechanism', u'function', u'furthermore', u'parameters', u'systems']
descriptor 12:
[u'like', u'tasty', u'flavor', u'spicy', u'stuff', u'fun', u'flavored', u'eat', u'likes', u'delicious']
descriptor 13:
[u'oh', u'thank', u'goodness', u'yeah', u'gosh', u'allah', u'dear', u'behold', u'replied', u'merciful']
descriptor 14:
[u'performances', u'celebrated', u'presentation', u'inaugural', u'presented', u'opening', u'occasion', u'musical', u'memorable', u'first']
descriptor 15:
[u'officials', u'statement', u'acknowledged', u'questioned', u'insisted', u'accused', u'denied', u'comment', u'disclosed', u'investigation']
descriptor 16:
[u'soulless', u'personify', u'abomination', u'lowlife', u'liebkind', u'tattler', u'undead', u'mocks', u'cledus', u'wickedness']
descriptor 17:
[u'yeah', u'guess', u'tell', u'pretend', u'anymore', u'ought', u'know', u'listen', u'gonna', u'okay']
descriptor 18:
[u'nightfall', u'afternoon', u'morning', u'evacuated', u'noon', u'nighttime', u'arriving', u'fog', u'crashed', u'lunchtime']
descriptor 19:
[u'herbert', u'gardner', u'randall', u'clayton', u'dixon', u'edwin', u'allan', u'wheeler', u'stuart', u'willis']
writing trajectories...
done with epoch:  11  cost = 307.54729864997853 time:  942.827600002
descriptor 0:
[u'mother', u'daughter', u'grandmother', u'wife', u'niece', u'sister', u'girlfriend', u'aunt', u'father', u'girl']
descriptor 1:
[u'certainly', u'seems', u'indeed', u'quite', u'obviously', u'something', u'really', u'hardly', u'fact', u'think']
descriptor 2:
[u'marble', u'chapel', u'estates', u'courtyard', u'robes', u'coffin', u'adjacent', u'cloth', u'terrace', u'stained']
descriptor 3:
[u'back', u'went', u'next', u'coming', u'go', u'came', u'going', u'ahead', u'week', u'last']
descriptor 4:
[u'ass', u'punching', u'forehead', u'punched', u'shit', u'knocked', u'fucking', u'shoved', u'whacked', u'fuck']
descriptor 5:
[u'u', u'n', u'ne', u'nu', u'z', u'je', u'wa', u'pe', u'h', u'ch']
descriptor 6:
[u'allow', u'seek', u'persuade', u'intend', u'decide', u'hesitate', u'push', u'able', u'must', u'fail']
descriptor 7:
[u'eight', u'four', u'five', u'nine', u'six', u'three', u'seven', u'twenty', u'fifteen', u'ten']
descriptor 8:
[u'shhhhh', u'finelli', u'sleazebag', u'nooooo', u'seeya', u'wunderbar', u'nooo', u'ohmigod', u'hopin', u'goddammit']
descriptor 9:
[u'metallic', u'dashboard', u'shiny', u'gingham', u'foreground', u'sunglasses', u'demure', u'slinky', u'wallpaper', u'earrings']
descriptor 10:
[u'money', u'paying', u'cash', u'pay', u'paid', u'dollars', u'businesses', u'cost', u'funds', u'financing']
descriptor 11:
[u'components', u'physiological', u'methods', u'functional', u'function', u'mechanism', u'component', u'furthermore', u'parameters', u'systems']
descriptor 12:
[u'like', u'tasty', u'flavor', u'spicy', u'stuff', u'flavored', u'eat', u'fun', u'cream', u'honey']
descriptor 13:
[u'oh', u'thank', u'goodness', u'yeah', u'gosh', u'allah', u'dear', u'gracious', u'replied', u'merciful']
descriptor 14:
[u'performances', u'celebrated', u'presentation', u'inaugural', u'presented', u'opening', u'occasion', u'first', u'final', u'memorable']
descriptor 15:
[u'officials', u'statement', u'acknowledged', u'questioned', u'insisted', u'accused', u'comment', u'denied', u'disclosed', u'investigation']
descriptor 16:
[u'soulless', u'personify', u'abomination', u'liebkind', u'lowlife', u'mocks', u'cledus', u'undead', u'wickedness', u'tattler']
descriptor 17:
[u'yeah', u'guess', u'pretend', u'tell', u'ought', u'anymore', u'know', u'listen', u'gonna', u'okay']
descriptor 18:
[u'nightfall', u'afternoon', u'morning', u'evacuated', u'arriving', u'noon', u'nighttime', u'fog', u'lunchtime', u'crashed']
descriptor 19:
[u'gardner', u'herbert', u'randall', u'dixon', u'clayton', u'allan', u'edwin', u'wheeler', u'stuart', u'watson']
writing trajectories...
done with epoch:  12  cost = 307.2208403336947 time:  816.08663702
descriptor 0:
[u'mother', u'daughter', u'grandmother', u'wife', u'niece', u'sister', u'father', u'aunt', u'girlfriend', u'girl']
descriptor 1:
[u'certainly', u'indeed', u'seems', u'quite', u'obviously', u'something', u'really', u'fact', u'hardly', u'think']
descriptor 2:
[u'chapel', u'marble', u'courtyard', u'estates', u'robes', u'coffin', u'adjacent', u'stained', u'cloth', u'convent']
descriptor 3:
[u'back', u'went', u'next', u'coming', u'go', u'came', u'going', u'ahead', u'week', u'last']
descriptor 4:
[u'punching', u'ass', u'forehead', u'punched', u'shit', u'knocked', u'shoved', u'fucking', u'whacked', u'fist']
descriptor 5:
[u'u', u'n', u'ne', u'nu', u'z', u'je', u'wa', u'pe', u'h', u'luv']
descriptor 6:
[u'allow', u'seek', u'intend', u'decide', u'persuade', u'hesitate', u'push', u'able', u'must', u'fail']
descriptor 7:
[u'eight', u'four', u'five', u'six', u'nine', u'three', u'seven', u'twenty', u'fifteen', u'ten']
descriptor 8:
[u'shhhhh', u'finelli', u'sleazebag', u'nooooo', u'seeya', u'nooo', u'wunderbar', u'ohmigod', u'hopin', u'segretti']
descriptor 9:
[u'metallic', u'shiny', u'dashboard', u'gingham', u'sunglasses', u'demure', u'foreground', u'slinky', u'earrings', u'wallpaper']
descriptor 10:
[u'money', u'paying', u'cash', u'pay', u'paid', u'dollars', u'businesses', u'cost', u'financing', u'funds']
descriptor 11:
[u'methods', u'components', u'physiological', u'functional', u'mechanism', u'function', u'component', u'furthermore', u'parameters', u'systems']
descriptor 12:
[u'like', u'tasty', u'flavor', u'spicy', u'stuff', u'eat', u'flavored', u'fun', u'honey', u'cheese']
descriptor 13:
[u'oh', u'thank', u'yeah', u'goodness', u'gosh', u'allah', u'dear', u'behold', u'replied', u'merciful']
descriptor 14:
[u'performances', u'celebrated', u'presentation', u'inaugural', u'presented', u'opening', u'previous', u'first', u'final', u'memorable']
descriptor 15:
[u'statement', u'officials', u'acknowledged', u'insisted', u'questioned', u'comment', u'accused', u'denied', u'refused', u'disclosed']
descriptor 16:
[u'soulless', u'personify', u'abomination', u'lowlife', u'liebkind', u'mocks', u'wickedness', u'cledus', u'tattler', u'undead']
descriptor 17:
[u'yeah', u'guess', u'tell', u'pretend', u'ought', u'anymore', u'know', u'listen', u'gonna', u'okay']
descriptor 18:
[u'nightfall', u'afternoon', u'morning', u'arriving', u'noon', u'evacuated', u'nighttime', u'lunchtime', u'fog', u'crashed']
descriptor 19:
[u'herbert', u'gardner', u'randall', u'edwin', u'dixon', u'clayton', u'allan', u'wheeler', u'stuart', u'macdonald']
writing trajectories...
done with epoch:  13  cost = 306.7064787222803 time:  917.852500916
descriptor 0:
[u'mother', u'daughter', u'grandmother', u'wife', u'niece', u'sister', u'girlfriend', u'father', u'aunt', u'husband']
descriptor 1:
[u'certainly', u'indeed', u'seems', u'quite', u'obviously', u'something', u'really', u'fact', u'hardly', u'think']
descriptor 2:
[u'marble', u'chapel', u'courtyard', u'robes', u'estates', u'coffin', u'adjacent', u'stained', u'cloth', u'terrace']
descriptor 3:
[u'back', u'went', u'next', u'coming', u'go', u'going', u'came', u'ahead', u'week', u'last']
descriptor 4:
[u'punching', u'ass', u'punched', u'forehead', u'knocked', u'shoved', u'shit', u'whacked', u'fucking', u'torso']
descriptor 5:
[u'u', u'n', u'ne', u'nu', u'je', u'z', u'pe', u'h', u'wa', u'ch']
descriptor 6:
[u'allow', u'seek', u'decide', u'intend', u'hesitate', u'persuade', u'push', u'must', u'able', u'fail']
descriptor 7:
[u'eight', u'five', u'four', u'six', u'nine', u'three', u'seven', u'twenty', u'fifteen', u'eleven']
descriptor 8:
[u'shhhhh', u'finelli', u'sleazebag', u'seeya', u'nooooo', u'wunderbar', u'nooo', u'ohmigod', u'hopin', u'segretti']
descriptor 9:
[u'metallic', u'dashboard', u'shiny', u'sunglasses', u'gingham', u'foreground', u'demure', u'slinky', u'earrings', u'clipboard']
descriptor 10:
[u'money', u'paying', u'cash', u'pay', u'paid', u'dollars', u'businesses', u'cost', u'funds', u'financing']
descriptor 11:
[u'components', u'methods', u'functional', u'mechanism', u'function', u'physiological', u'component', u'furthermore', u'parameters', u'systems']
descriptor 12:
[u'tasty', u'like', u'flavor', u'spicy', u'stuff', u'eat', u'flavored', u'fun', u'honey', u'delicious']
descriptor 13:
[u'oh', u'thank', u'goodness', u'yeah', u'gosh', u'allah', u'dear', u'behold', u'gracious', u'replied']
descriptor 14:
[u'performances', u'celebrated', u'presentation', u'inaugural', u'presented', u'opening', u'first', u'previous', u'final', u'memorable']
descriptor 15:
[u'statement', u'officials', u'acknowledged', u'questioned', u'insisted', u'comment', u'accused', u'denied', u'authorities', u'investigation']
descriptor 16:
[u'soulless', u'personify', u'abomination', u'lowlife', u'liebkind', u'mocks', u'wickedness', u'cledus', u'tattler', u'undead']
descriptor 17:
[u'yeah', u'guess', u'pretend', u'tell', u'ought', u'anymore', u'know', u'okay', u'listen', u'gonna']
descriptor 18:
[u'nightfall', u'afternoon', u'morning', u'evacuated', u'nighttime', u'noon', u'arriving', u'lunchtime', u'fog', u'crashed']
descriptor 19:
[u'herbert', u'gardner', u'randall', u'edwin', u'dixon', u'clayton', u'stuart', u'allan', u'wheeler', u'dawson']
writing trajectories...
done with epoch:  14  cost = 306.3763491404348 time:  947.096877098
