nigga fuckin niggas motherfucker tryin motherfucking motherfuckin fucken yer outta motherfuckers shit comin talkin gon
contrary belief moral implication refusal conscience judgment presumption regard morality accusation manifested uphold denying acknowledge
reckon honestly heck think figured suppose anybody guess obviously guessing dunno probably maybe kinda really
death dying suffering lived believed strange lives mysterious woman tragic whose existence mother murdered discovered
pulled grabbed rolled lifted came slid shoved smashed popped stepped dug punched knocked broke painted
superb classy gorgeous terrific elegant exquisite stunning fantastic dazzling stylish splendid fabulous lovely delightful marvelous
crissake anyroad tomorra bedbugs droppen refuel somepin stooling unharmed starve thorpey leftovers starvation thuggees metaphasic
going continue start coming making even away move make end trying ahead instead run come
alright yep yup ahh yay heh yeah uhh ahhh okay ummm awww hmm hey bye
yes please choose exist wish delete presume accept disable yesss verify select deactivate install beseech
overheard conversation mentioning talked reminded forgot telling listened heard explaining mentions yesterday suggestion announcement wondered
missile spacecraft squadron trajectory propulsion reconnaissance artillery aircraft submarine orbital velocity maneuvers tactical torpedo battalion
flavored butter cheese mustard vinegar garlic slices sauce dried powdered sausage salad tasty vegetable spoon
beckoned airk droppen trembling bodwin whispering humming drifted squawking tremble ngler flapping circling botherin softly
walkway corner located right halfway heading parked intersection exit stairs driveway adjacent hillside left entrance
developing aspects expertise concepts improving understanding analytical useful functional emphasis integration characteristics developed environment develop
thirty fifty hundred estimated twenty approximately million dollars thousand sixty forty hundreds thousands billion eighty
fucking assholes fuck fuckin asshole fucken dumbass faggot dudes retarded fucker faggots cunts bitch fuckers
hesitate advise please ask consult instruct help enlist invite inform encourage urge educate seek want
telephoned jorgensen antonucci scanlon kirshner futterman brodsky pathologist strader mcgann kurth briefed selectman grierson anesthesiologist
hula pageant toddler stepmom nursery hamptons granddaughter luau homecoming playhouse marries playmate cowgirl hometown babysitter
lock specified locking device storage manually utility reset handles access repair configuration allows telephone secure
whorfin whatsamatter bodwin christsakes thorpey siddown bogyman charnier rasczak rieper mertin sheronda christsake rawlston barrenger
officer deputy chief lieutenant spokesman colonel former sheriff superintendent constable chairman appointed police executive director
remarried forgave granddaughter niece grandson stepfather jankis grandad dearest stepdad fiancee thorkel begged stepmom nephew
