girlfriend kelly boyfriend testified wilson anderson harris ryan gardner miller
boost increase government increased efforts increasing financing provide officials financial
onto flank beneath foot rolled underneath smashed mounted rear sliding
oh yeah gosh hey yes geez whoa huh wow hmmm
stuffed buckets bucket cans cream sandwiches candy bag soda bottle
condemn acknowledge criticize understood regard contrary implication statements motives publicly
woke panicking nightfall asleep unwell waking calmed afternoon lunchtime hectic
eight five nine six seven four fifteen twenty three ten
components experimental visual parameters component method concepts interface systems function
let want go get wo gonna ca tell able try
scheduled next evening meeting conference weekend visit invited expected tours
shit bitch fucking whore thug rockin fuck hoodlum yer ass
grotesque frightening comical somewhat seductive strangely peculiar disconcerting seem amusing
noooo turnin losin itches stickin laughin payin priss souse throwin
marries faithfulness annabelle heartfelt gratitude gracious betrothed affection longing mathilda
really think certainly thing definitely obviously things lot pretty good
mother lived died lives children life people many living years
sir william mr edward colonel appointed lieutenant henry admiral edmund
shandor wintermute drossos fanchon dardis seeya magua fezzik sollozzo bembry
u n z h k ne nu l j p
